[0.120s] Invoking command in '/home/jacob/offb/offboard_ladder/build/px4_ros_com': AMENT_PREFIX_PATH=/home/jacob/offb/offboard_ladder/install/px4_msgs:${AMENT_PREFIX_PATH} CMAKE_PREFIX_PATH=/home/jacob/offb/offboard_ladder/install/px4_msgs:${CMAKE_PREFIX_PATH} LD_LIBRARY_PATH=/home/jacob/offb/offboard_ladder/install/px4_msgs/lib:/home/jacob/offb/offboard_ladder/install/px4_ros_com/lib:/home/jacob/ros2_px4_offboard_example_ws/install/px4_msgs/lib:/opt/ros/humble/opt/rviz_ogre_vendor/lib:/opt/ros/humble/lib/x86_64-linux-gnu:/opt/ros/humble/lib /usr/bin/cmake /home/jacob/offb/offboard_ladder/src/px4_ros_com -DCMAKE_INSTALL_PREFIX=/home/jacob/offb/offboard_ladder/install/px4_ros_com
[0.163s] -- The C compiler identification is GNU 11.4.0
[0.203s] -- The CXX compiler identification is GNU 11.4.0
[0.209s] -- Detecting C compiler ABI info
[0.265s] -- Detecting C compiler ABI info - done
[0.272s] -- Check for working C compiler: /usr/bin/cc - skipped
[0.272s] -- Detecting C compile features
[0.273s] -- Detecting C compile features - done
[0.275s] -- Detecting CXX compiler ABI info
[0.334s] -- Detecting CXX compiler ABI info - done
[0.339s] -- Check for working CXX compiler: /usr/bin/c++ - skipped
[0.339s] -- Detecting CXX compile features
[0.339s] -- Detecting CXX compile features - done
[0.341s] -- Found ament_cmake: 1.3.11 (/opt/ros/humble/share/ament_cmake/cmake)
[0.595s] -- Found Python3: /usr/bin/python3 (found version "3.10.12") found components: Interpreter 
[0.648s] -- Found builtin_interfaces: 1.2.1 (/opt/ros/humble/share/builtin_interfaces/cmake)
[0.669s] -- Found rosidl_generator_c: 3.1.6 (/opt/ros/humble/share/rosidl_generator_c/cmake)
[0.672s] -- Found rosidl_adapter: 3.1.6 (/opt/ros/humble/share/rosidl_adapter/cmake)
[0.676s] -- Found rosidl_generator_cpp: 3.1.6 (/opt/ros/humble/share/rosidl_generator_cpp/cmake)
[0.681s] -- Using all available rosidl_typesupport_c: rosidl_typesupport_fastrtps_c;rosidl_typesupport_introspection_c
[0.690s] -- Using all available rosidl_typesupport_cpp: rosidl_typesupport_fastrtps_cpp;rosidl_typesupport_introspection_cpp
[0.704s] -- Found eigen3_cmake_module: 0.1.1 (/opt/ros/humble/share/eigen3_cmake_module/cmake)
[0.710s] -- Found Eigen3: TRUE (found version "3.4.0") 
[0.711s] -- Found geometry_msgs: 4.9.0 (/opt/ros/humble/share/geometry_msgs/cmake)
[0.728s] -- Found px4_msgs: 2.0.1 (/home/jacob/offb/offboard_ladder/install/px4_msgs/share/px4_msgs/cmake)
[0.735s] -- Found rclcpp: 16.0.12 (/opt/ros/humble/share/rclcpp/cmake)
[0.762s] -- Found rmw_implementation_cmake: 6.1.2 (/opt/ros/humble/share/rmw_implementation_cmake/cmake)
[0.764s] -- Found rmw_fastrtps_cpp: 6.2.7 (/opt/ros/humble/share/rmw_fastrtps_cpp/cmake)
[0.830s] -- Found OpenSSL: /usr/lib/x86_64-linux-gnu/libcrypto.so (found version "3.0.2")  
[0.859s] -- Found FastRTPS: /opt/ros/humble/include  
[0.893s] -- Using RMW implementation 'rmw_fastrtps_cpp' as default
[0.900s] -- Looking for pthread.h
[0.962s] -- Looking for pthread.h - found
[0.962s] -- Performing Test CMAKE_HAVE_LIBC_PTHREAD
[1.022s] -- Performing Test CMAKE_HAVE_LIBC_PTHREAD - Success
[1.023s] -- Found Threads: TRUE  
[1.053s] -- Found sensor_msgs: 4.9.0 (/opt/ros/humble/share/sensor_msgs/cmake)
[1.064s] -- Found rclpy: 3.3.16 (/opt/ros/humble/share/rclpy/cmake)
[1.068s] -- Found ament_lint_auto: 0.12.12 (/opt/ros/humble/share/ament_lint_auto/cmake)
[1.139s] -- Added test 'copyright' to check source files copyright and LICENSE
[1.140s] -- Added test 'cppcheck' to perform static code analysis on C / C++ code
[1.141s] -- Configured cppcheck include dirs: /home/jacob/offb/offboard_ladder/src/px4_ros_com/include;$<BUILD_INTERFACE:/home/jacob/offb/offboard_ladder/src/px4_ros_com/include/px4_ros_com>
[1.141s] -- Configured cppcheck exclude dirs and/or files: 
[1.142s] -- Added test 'cpplint' to check C / C++ code against the Google style
[1.142s] -- Configured cpplint exclude dirs and/or files: 
[1.143s] -- Added test 'flake8' to check Python code syntax and style conventions
[1.143s] -- Added test 'lint_cmake' to check CMake code style
[1.144s] -- Added test 'pep257' to check Python code against some of the docstring style conventions in PEP 257
[1.145s] -- Added test 'uncrustify' to check C / C++ code style
[1.145s] -- Configured uncrustify additional arguments: 
[1.145s] -- Added test 'xmllint' to check XML markup files
[1.146s] -- Configuring done
[1.160s] -- Generating done
[1.165s] -- Build files have been written to: /home/jacob/offb/offboard_ladder/build/px4_ros_com
[1.172s] Invoked command in '/home/jacob/offb/offboard_ladder/build/px4_ros_com' returned '0': AMENT_PREFIX_PATH=/home/jacob/offb/offboard_ladder/install/px4_msgs:${AMENT_PREFIX_PATH} CMAKE_PREFIX_PATH=/home/jacob/offb/offboard_ladder/install/px4_msgs:${CMAKE_PREFIX_PATH} LD_LIBRARY_PATH=/home/jacob/offb/offboard_ladder/install/px4_msgs/lib:/home/jacob/offb/offboard_ladder/install/px4_ros_com/lib:/home/jacob/ros2_px4_offboard_example_ws/install/px4_msgs/lib:/opt/ros/humble/opt/rviz_ogre_vendor/lib:/opt/ros/humble/lib/x86_64-linux-gnu:/opt/ros/humble/lib /usr/bin/cmake /home/jacob/offb/offboard_ladder/src/px4_ros_com -DCMAKE_INSTALL_PREFIX=/home/jacob/offb/offboard_ladder/install/px4_ros_com
[1.173s] Invoking command in '/home/jacob/offb/offboard_ladder/build/px4_ros_com': AMENT_PREFIX_PATH=/home/jacob/offb/offboard_ladder/install/px4_msgs:${AMENT_PREFIX_PATH} CMAKE_PREFIX_PATH=/home/jacob/offb/offboard_ladder/install/px4_msgs:${CMAKE_PREFIX_PATH} LD_LIBRARY_PATH=/home/jacob/offb/offboard_ladder/install/px4_msgs/lib:/home/jacob/offb/offboard_ladder/install/px4_ros_com/lib:/home/jacob/ros2_px4_offboard_example_ws/install/px4_msgs/lib:/opt/ros/humble/opt/rviz_ogre_vendor/lib:/opt/ros/humble/lib/x86_64-linux-gnu:/opt/ros/humble/lib /usr/bin/cmake --build /home/jacob/offb/offboard_ladder/build/px4_ros_com -- -j12 -l12
[1.209s] [  8%] [32mBuilding CXX object CMakeFiles/offboard_control.dir/src/examples/offboard/offboard_control.cpp.o[0m
[1.209s] [ 16%] [32mBuilding CXX object CMakeFiles/sensor_combined_listener.dir/src/examples/listeners/sensor_combined_listener.cpp.o[0m
[1.209s] [ 25%] [32mBuilding CXX object CMakeFiles/debug_vect_advertiser.dir/src/examples/advertisers/debug_vect_advertiser.cpp.o[0m
[1.209s] [ 33%] [32mBuilding CXX object CMakeFiles/offboard_control_srv.dir/src/examples/offboard/offboard_control_srv.cpp.o[0m
[1.210s] [ 41%] [32mBuilding CXX object CMakeFiles/frame_transforms.dir/src/lib/frame_transforms.cpp.o[0m
[1.211s] [ 50%] [32mBuilding CXX object CMakeFiles/vehicle_gps_position_listener.dir/src/examples/listeners/vehicle_gps_position_listener.cpp.o[0m
[1.221s] [ 50%] Built target ament_cmake_python_copy_px4_ros_com
[1.374s] running egg_info
[1.386s] creating px4_ros_com.egg-info
[1.386s] writing px4_ros_com.egg-info/PKG-INFO
[1.386s] writing dependency_links to px4_ros_com.egg-info/dependency_links.txt
[1.386s] writing top-level names to px4_ros_com.egg-info/top_level.txt
[1.386s] writing manifest file 'px4_ros_com.egg-info/SOURCES.txt'
[1.412s] reading manifest file 'px4_ros_com.egg-info/SOURCES.txt'
[1.413s] writing manifest file 'px4_ros_com.egg-info/SOURCES.txt'
[1.441s] [ 50%] Built target ament_cmake_python_build_px4_ros_com_egg
[4.998s] [ 58%] [32m[1mLinking CXX executable debug_vect_advertiser[0m
[5.045s] [ 66%] [32m[1mLinking CXX executable offboard_control[0m
[5.228s] [ 66%] Built target debug_vect_advertiser
[5.283s] [ 66%] Built target offboard_control
[6.696s] [ 75%] [32m[1mLinking CXX executable offboard_control_srv[0m
[6.716s] [ 83%] [32m[1mLinking CXX executable sensor_combined_listener[0m
[6.875s] [ 83%] Built target offboard_control_srv
[7.020s] [ 83%] Built target sensor_combined_listener
[7.632s] [ 91%] [32m[1mLinking CXX shared library libframe_transforms.so[0m
[7.826s] [ 91%] Built target frame_transforms
[7.925s] [100%] [32m[1mLinking CXX executable vehicle_gps_position_listener[0m
[8.131s] [100%] Built target vehicle_gps_position_listener
[8.140s] Invoked command in '/home/jacob/offb/offboard_ladder/build/px4_ros_com' returned '0': AMENT_PREFIX_PATH=/home/jacob/offb/offboard_ladder/install/px4_msgs:${AMENT_PREFIX_PATH} CMAKE_PREFIX_PATH=/home/jacob/offb/offboard_ladder/install/px4_msgs:${CMAKE_PREFIX_PATH} LD_LIBRARY_PATH=/home/jacob/offb/offboard_ladder/install/px4_msgs/lib:/home/jacob/offb/offboard_ladder/install/px4_ros_com/lib:/home/jacob/ros2_px4_offboard_example_ws/install/px4_msgs/lib:/opt/ros/humble/opt/rviz_ogre_vendor/lib:/opt/ros/humble/lib/x86_64-linux-gnu:/opt/ros/humble/lib /usr/bin/cmake --build /home/jacob/offb/offboard_ladder/build/px4_ros_com -- -j12 -l12
[8.142s] Invoking command in '/home/jacob/offb/offboard_ladder/build/px4_ros_com': AMENT_PREFIX_PATH=/home/jacob/offb/offboard_ladder/install/px4_msgs:${AMENT_PREFIX_PATH} CMAKE_PREFIX_PATH=/home/jacob/offb/offboard_ladder/install/px4_msgs:${CMAKE_PREFIX_PATH} LD_LIBRARY_PATH=/home/jacob/offb/offboard_ladder/install/px4_msgs/lib:/home/jacob/offb/offboard_ladder/install/px4_ros_com/lib:/home/jacob/ros2_px4_offboard_example_ws/install/px4_msgs/lib:/opt/ros/humble/opt/rviz_ogre_vendor/lib:/opt/ros/humble/lib/x86_64-linux-gnu:/opt/ros/humble/lib /usr/bin/cmake --install /home/jacob/offb/offboard_ladder/build/px4_ros_com
[8.148s] -- Install configuration: ""
[8.148s] -- Installing: /home/jacob/offb/offboard_ladder/install/px4_ros_com/lib/px4_ros_com/sensor_combined_listener
[8.150s] -- Set runtime path of "/home/jacob/offb/offboard_ladder/install/px4_ros_com/lib/px4_ros_com/sensor_combined_listener" to ""
[8.150s] -- Installing: /home/jacob/offb/offboard_ladder/install/px4_ros_com/lib/px4_ros_com/vehicle_gps_position_listener
[8.152s] -- Set runtime path of "/home/jacob/offb/offboard_ladder/install/px4_ros_com/lib/px4_ros_com/vehicle_gps_position_listener" to ""
[8.152s] -- Installing: /home/jacob/offb/offboard_ladder/install/px4_ros_com/lib/px4_ros_com/debug_vect_advertiser
[8.152s] -- Set runtime path of "/home/jacob/offb/offboard_ladder/install/px4_ros_com/lib/px4_ros_com/debug_vect_advertiser" to ""
[8.152s] -- Installing: /home/jacob/offb/offboard_ladder/install/px4_ros_com/lib/px4_ros_com/offboard_control
[8.153s] -- Set runtime path of "/home/jacob/offb/offboard_ladder/install/px4_ros_com/lib/px4_ros_com/offboard_control" to ""
[8.153s] -- Installing: /home/jacob/offb/offboard_ladder/install/px4_ros_com/lib/px4_ros_com/offboard_control_srv
[8.154s] -- Set runtime path of "/home/jacob/offb/offboard_ladder/install/px4_ros_com/lib/px4_ros_com/offboard_control_srv" to ""
[8.154s] -- Installing: /home/jacob/offb/offboard_ladder/install/px4_ros_com/share/px4_ros_com/environment/library_path.sh
[8.154s] -- Installing: /home/jacob/offb/offboard_ladder/install/px4_ros_com/share/px4_ros_com/environment/library_path.dsv
[8.154s] -- Installing: /home/jacob/offb/offboard_ladder/install/px4_ros_com/include/px4_ros_com
[8.154s] -- Installing: /home/jacob/offb/offboard_ladder/install/px4_ros_com/include/px4_ros_com/frame_transforms.h
[8.154s] -- Installing: /home/jacob/offb/offboard_ladder/install/px4_ros_com/lib/libframe_transforms.so
[8.155s] -- Set runtime path of "/home/jacob/offb/offboard_ladder/install/px4_ros_com/lib/libframe_transforms.so" to ""
[8.155s] -- Installing: /home/jacob/offb/offboard_ladder/install/px4_ros_com/share/px4_ros_com//launch
[8.155s] -- Installing: /home/jacob/offb/offboard_ladder/install/px4_ros_com/share/px4_ros_com//launch/sensor_combined_listener.launch.py
[8.155s] -- Installing: /home/jacob/offb/offboard_ladder/install/px4_ros_com/share/px4_ros_com//launch/offboard_control_launch.yaml
[8.156s] -- Installing: /home/jacob/offb/offboard_ladder/install/px4_ros_com/share/px4_ros_com//test
[8.156s] -- Installing: /home/jacob/offb/offboard_ladder/install/px4_ros_com/share/px4_ros_com//test/test_input.py
[8.156s] -- Installing: /home/jacob/offb/offboard_ladder/install/px4_ros_com/share/px4_ros_com//test/__init__.py
[8.156s] -- Installing: /home/jacob/offb/offboard_ladder/install/px4_ros_com/share/px4_ros_com//test/test_output.py
[8.156s] -- Installing: /home/jacob/offb/offboard_ladder/install/px4_ros_com/share/px4_ros_com//test/pipeline_io_test.py
[8.156s] -- Installing: /home/jacob/offb/offboard_ladder/install/px4_ros_com/share/px4_ros_com/environment/pythonpath.sh
[8.156s] -- Installing: /home/jacob/offb/offboard_ladder/install/px4_ros_com/share/px4_ros_com/environment/pythonpath.dsv
[8.156s] -- Installing: /home/jacob/offb/offboard_ladder/install/px4_ros_com/local/lib/python3.10/dist-packages/px4_ros_com-0.1.0-py3.10.egg-info
[8.156s] -- Installing: /home/jacob/offb/offboard_ladder/install/px4_ros_com/local/lib/python3.10/dist-packages/px4_ros_com-0.1.0-py3.10.egg-info/SOURCES.txt
[8.156s] -- Installing: /home/jacob/offb/offboard_ladder/install/px4_ros_com/local/lib/python3.10/dist-packages/px4_ros_com-0.1.0-py3.10.egg-info/top_level.txt
[8.156s] -- Installing: /home/jacob/offb/offboard_ladder/install/px4_ros_com/local/lib/python3.10/dist-packages/px4_ros_com-0.1.0-py3.10.egg-info/dependency_links.txt
[8.156s] -- Installing: /home/jacob/offb/offboard_ladder/install/px4_ros_com/local/lib/python3.10/dist-packages/px4_ros_com-0.1.0-py3.10.egg-info/PKG-INFO
[8.156s] -- Installing: /home/jacob/offb/offboard_ladder/install/px4_ros_com/local/lib/python3.10/dist-packages/px4_ros_com
[8.156s] -- Installing: /home/jacob/offb/offboard_ladder/install/px4_ros_com/local/lib/python3.10/dist-packages/px4_ros_com/module_to_import.py
[8.156s] -- Installing: /home/jacob/offb/offboard_ladder/install/px4_ros_com/local/lib/python3.10/dist-packages/px4_ros_com/__init__.py
[8.179s] Listing '/home/jacob/offb/offboard_ladder/install/px4_ros_com/local/lib/python3.10/dist-packages/px4_ros_com'...
[8.179s] Compiling '/home/jacob/offb/offboard_ladder/install/px4_ros_com/local/lib/python3.10/dist-packages/px4_ros_com/__init__.py'...
[8.179s] Compiling '/home/jacob/offb/offboard_ladder/install/px4_ros_com/local/lib/python3.10/dist-packages/px4_ros_com/module_to_import.py'...
[8.182s] -- Installing: /home/jacob/offb/offboard_ladder/install/px4_ros_com/lib/px4_ros_com/offboard_control.py
[8.182s] -- Installing: /home/jacob/offb/offboard_ladder/install/px4_ros_com/share/ament_index/resource_index/package_run_dependencies/px4_ros_com
[8.182s] -- Installing: /home/jacob/offb/offboard_ladder/install/px4_ros_com/share/ament_index/resource_index/parent_prefix_path/px4_ros_com
[8.182s] -- Installing: /home/jacob/offb/offboard_ladder/install/px4_ros_com/share/px4_ros_com/environment/ament_prefix_path.sh
[8.182s] -- Installing: /home/jacob/offb/offboard_ladder/install/px4_ros_com/share/px4_ros_com/environment/ament_prefix_path.dsv
[8.182s] -- Installing: /home/jacob/offb/offboard_ladder/install/px4_ros_com/share/px4_ros_com/environment/path.sh
[8.182s] -- Installing: /home/jacob/offb/offboard_ladder/install/px4_ros_com/share/px4_ros_com/environment/path.dsv
[8.182s] -- Installing: /home/jacob/offb/offboard_ladder/install/px4_ros_com/share/px4_ros_com/local_setup.bash
[8.182s] -- Installing: /home/jacob/offb/offboard_ladder/install/px4_ros_com/share/px4_ros_com/local_setup.sh
[8.182s] -- Installing: /home/jacob/offb/offboard_ladder/install/px4_ros_com/share/px4_ros_com/local_setup.zsh
[8.182s] -- Installing: /home/jacob/offb/offboard_ladder/install/px4_ros_com/share/px4_ros_com/local_setup.dsv
[8.182s] -- Installing: /home/jacob/offb/offboard_ladder/install/px4_ros_com/share/px4_ros_com/package.dsv
[8.182s] -- Installing: /home/jacob/offb/offboard_ladder/install/px4_ros_com/share/ament_index/resource_index/packages/px4_ros_com
[8.182s] -- Installing: /home/jacob/offb/offboard_ladder/install/px4_ros_com/share/px4_ros_com/cmake/export_frame_transformsExport.cmake
[8.183s] -- Installing: /home/jacob/offb/offboard_ladder/install/px4_ros_com/share/px4_ros_com/cmake/export_frame_transformsExport-noconfig.cmake
[8.183s] -- Installing: /home/jacob/offb/offboard_ladder/install/px4_ros_com/share/px4_ros_com/cmake/ament_cmake_export_dependencies-extras.cmake
[8.183s] -- Installing: /home/jacob/offb/offboard_ladder/install/px4_ros_com/share/px4_ros_com/cmake/ament_cmake_export_targets-extras.cmake
[8.183s] -- Installing: /home/jacob/offb/offboard_ladder/install/px4_ros_com/share/px4_ros_com/cmake/ament_cmake_export_include_directories-extras.cmake
[8.183s] -- Installing: /home/jacob/offb/offboard_ladder/install/px4_ros_com/share/px4_ros_com/cmake/ament_cmake_export_libraries-extras.cmake
[8.183s] -- Installing: /home/jacob/offb/offboard_ladder/install/px4_ros_com/share/px4_ros_com/cmake/px4_ros_comConfig.cmake
[8.183s] -- Installing: /home/jacob/offb/offboard_ladder/install/px4_ros_com/share/px4_ros_com/cmake/px4_ros_comConfig-version.cmake
[8.183s] -- Installing: /home/jacob/offb/offboard_ladder/install/px4_ros_com/share/px4_ros_com/package.xml
[8.184s] Invoked command in '/home/jacob/offb/offboard_ladder/build/px4_ros_com' returned '0': AMENT_PREFIX_PATH=/home/jacob/offb/offboard_ladder/install/px4_msgs:${AMENT_PREFIX_PATH} CMAKE_PREFIX_PATH=/home/jacob/offb/offboard_ladder/install/px4_msgs:${CMAKE_PREFIX_PATH} LD_LIBRARY_PATH=/home/jacob/offb/offboard_ladder/install/px4_msgs/lib:/home/jacob/offb/offboard_ladder/install/px4_ros_com/lib:/home/jacob/ros2_px4_offboard_example_ws/install/px4_msgs/lib:/opt/ros/humble/opt/rviz_ogre_vendor/lib:/opt/ros/humble/lib/x86_64-linux-gnu:/opt/ros/humble/lib /usr/bin/cmake --install /home/jacob/offb/offboard_ladder/build/px4_ros_com
