[0.020s] Invoking command in '/home/jacob/offb/offboard_ladder/build/image_geometry': CMAKE_PREFIX_PATH=/opt/ros/humble /usr/bin/cmake --build /home/jacob/offb/offboard_ladder/build/image_geometry -- -j12 -l12
[0.073s] [ 18%] Built target gtest_main
[0.074s] [ 54%] Built target gtest
[0.075s] [ 63%] Built target image_geometry
[0.079s] [ 63%] Built target ament_cmake_python_copy_image_geometry
[0.096s] [100%] Built target image_geometry-utest
[0.097s] [100%] Built target image_geometry-utest-equi
[0.278s] running egg_info
[0.296s] writing image_geometry.egg-info/PKG-INFO
[0.297s] writing dependency_links to image_geometry.egg-info/dependency_links.txt
[0.297s] writing top-level names to image_geometry.egg-info/top_level.txt
[0.348s] reading manifest file 'image_geometry.egg-info/SOURCES.txt'
[0.349s] writing manifest file 'image_geometry.egg-info/SOURCES.txt'
[0.383s] [100%] Built target ament_cmake_python_build_image_geometry_egg
[0.395s] Invoked command in '/home/jacob/offb/offboard_ladder/build/image_geometry' returned '0': CMAKE_PREFIX_PATH=/opt/ros/humble /usr/bin/cmake --build /home/jacob/offb/offboard_ladder/build/image_geometry -- -j12 -l12
[0.404s] Invoking command in '/home/jacob/offb/offboard_ladder/build/image_geometry': CMAKE_PREFIX_PATH=/opt/ros/humble /usr/bin/cmake --install /home/jacob/offb/offboard_ladder/build/image_geometry
[0.409s] -- Install configuration: ""
[0.409s] -- Up-to-date: /home/jacob/offb/offboard_ladder/install/image_geometry/share/image_geometry/environment/pythonpath.sh
[0.409s] -- Up-to-date: /home/jacob/offb/offboard_ladder/install/image_geometry/share/image_geometry/environment/pythonpath.dsv
[0.409s] -- Up-to-date: /home/jacob/offb/offboard_ladder/install/image_geometry/local/lib/python3.10/dist-packages/image_geometry-4.1.0-py3.10.egg-info
[0.409s] -- Installing: /home/jacob/offb/offboard_ladder/install/image_geometry/local/lib/python3.10/dist-packages/image_geometry-4.1.0-py3.10.egg-info/SOURCES.txt
[0.410s] -- Installing: /home/jacob/offb/offboard_ladder/install/image_geometry/local/lib/python3.10/dist-packages/image_geometry-4.1.0-py3.10.egg-info/top_level.txt
[0.410s] -- Installing: /home/jacob/offb/offboard_ladder/install/image_geometry/local/lib/python3.10/dist-packages/image_geometry-4.1.0-py3.10.egg-info/dependency_links.txt
[0.410s] -- Installing: /home/jacob/offb/offboard_ladder/install/image_geometry/local/lib/python3.10/dist-packages/image_geometry-4.1.0-py3.10.egg-info/PKG-INFO
[0.410s] -- Up-to-date: /home/jacob/offb/offboard_ladder/install/image_geometry/local/lib/python3.10/dist-packages/image_geometry
[0.410s] -- Up-to-date: /home/jacob/offb/offboard_ladder/install/image_geometry/local/lib/python3.10/dist-packages/image_geometry/cameramodels.py
[0.410s] -- Up-to-date: /home/jacob/offb/offboard_ladder/install/image_geometry/local/lib/python3.10/dist-packages/image_geometry/__init__.py
[0.445s] Listing '/home/jacob/offb/offboard_ladder/install/image_geometry/local/lib/python3.10/dist-packages/image_geometry'...
[0.451s] -- Up-to-date: /home/jacob/offb/offboard_ladder/install/image_geometry/include/image_geometry
[0.451s] -- Up-to-date: /home/jacob/offb/offboard_ladder/install/image_geometry/include/image_geometry/image_geometry
[0.451s] -- Up-to-date: /home/jacob/offb/offboard_ladder/install/image_geometry/include/image_geometry/image_geometry/stereo_camera_model.hpp
[0.451s] -- Up-to-date: /home/jacob/offb/offboard_ladder/install/image_geometry/include/image_geometry/image_geometry/visibility_control.hpp
[0.451s] -- Up-to-date: /home/jacob/offb/offboard_ladder/install/image_geometry/include/image_geometry/image_geometry/pinhole_camera_model.hpp
[0.451s] -- Up-to-date: /home/jacob/offb/offboard_ladder/install/image_geometry/lib/libimage_geometry.so
[0.452s] -- Up-to-date: /home/jacob/offb/offboard_ladder/install/image_geometry/share/ament_index/resource_index/package_run_dependencies/image_geometry
[0.452s] -- Up-to-date: /home/jacob/offb/offboard_ladder/install/image_geometry/share/ament_index/resource_index/parent_prefix_path/image_geometry
[0.452s] -- Up-to-date: /home/jacob/offb/offboard_ladder/install/image_geometry/share/image_geometry/environment/ament_prefix_path.sh
[0.452s] -- Up-to-date: /home/jacob/offb/offboard_ladder/install/image_geometry/share/image_geometry/environment/ament_prefix_path.dsv
[0.452s] -- Up-to-date: /home/jacob/offb/offboard_ladder/install/image_geometry/share/image_geometry/environment/path.sh
[0.452s] -- Up-to-date: /home/jacob/offb/offboard_ladder/install/image_geometry/share/image_geometry/environment/path.dsv
[0.452s] -- Up-to-date: /home/jacob/offb/offboard_ladder/install/image_geometry/share/image_geometry/local_setup.bash
[0.452s] -- Up-to-date: /home/jacob/offb/offboard_ladder/install/image_geometry/share/image_geometry/local_setup.sh
[0.452s] -- Up-to-date: /home/jacob/offb/offboard_ladder/install/image_geometry/share/image_geometry/local_setup.zsh
[0.453s] -- Up-to-date: /home/jacob/offb/offboard_ladder/install/image_geometry/share/image_geometry/local_setup.dsv
[0.453s] -- Installing: /home/jacob/offb/offboard_ladder/install/image_geometry/share/image_geometry/package.dsv
[0.453s] -- Up-to-date: /home/jacob/offb/offboard_ladder/install/image_geometry/share/ament_index/resource_index/packages/image_geometry
[0.453s] -- Up-to-date: /home/jacob/offb/offboard_ladder/install/image_geometry/share/image_geometry/cmake/export_image_geometryExport.cmake
[0.453s] -- Up-to-date: /home/jacob/offb/offboard_ladder/install/image_geometry/share/image_geometry/cmake/export_image_geometryExport-noconfig.cmake
[0.453s] -- Up-to-date: /home/jacob/offb/offboard_ladder/install/image_geometry/share/image_geometry/cmake/ament_cmake_export_targets-extras.cmake
[0.453s] -- Up-to-date: /home/jacob/offb/offboard_ladder/install/image_geometry/share/image_geometry/cmake/ament_cmake_export_dependencies-extras.cmake
[0.453s] -- Up-to-date: /home/jacob/offb/offboard_ladder/install/image_geometry/share/image_geometry/cmake/image_geometryConfig.cmake
[0.453s] -- Up-to-date: /home/jacob/offb/offboard_ladder/install/image_geometry/share/image_geometry/cmake/image_geometryConfig-version.cmake
[0.453s] -- Up-to-date: /home/jacob/offb/offboard_ladder/install/image_geometry/share/image_geometry/package.xml
[0.456s] Invoked command in '/home/jacob/offb/offboard_ladder/build/image_geometry' returned '0': CMAKE_PREFIX_PATH=/opt/ros/humble /usr/bin/cmake --install /home/jacob/offb/offboard_ladder/build/image_geometry
