[0.010s] Invoking command in '/home/jacob/offb/offboard_ladder/build/image_geometry': CMAKE_PREFIX_PATH=${CMAKE_PREFIX_PATH}:/home/jacob/offb/offboard_ladder/install/px4_offboard:/home/jacob/offb/offboard_ladder/install/opencv_tests:/opt/ros/humble /usr/bin/cmake --build /home/jacob/offb/offboard_ladder/build/image_geometry -- -j12 -l12
[0.049s] [ 27%] Built target image_geometry
[0.051s] [ 63%] Built target gtest
[0.052s] [ 63%] Built target gtest_main
[0.052s] [ 63%] Built target ament_cmake_python_copy_image_geometry
[0.066s] [ 81%] Built target image_geometry-utest-equi
[0.070s] [100%] Built target image_geometry-utest
[0.259s] running egg_info
[0.277s] writing image_geometry.egg-info/PKG-INFO
[0.277s] writing dependency_links to image_geometry.egg-info/dependency_links.txt
[0.277s] writing top-level names to image_geometry.egg-info/top_level.txt
[0.326s] reading manifest file 'image_geometry.egg-info/SOURCES.txt'
[0.327s] writing manifest file 'image_geometry.egg-info/SOURCES.txt'
[0.353s] [100%] Built target ament_cmake_python_build_image_geometry_egg
[0.501s] Invoked command in '/home/jacob/offb/offboard_ladder/build/image_geometry' returned '0': CMAKE_PREFIX_PATH=${CMAKE_PREFIX_PATH}:/home/jacob/offb/offboard_ladder/install/px4_offboard:/home/jacob/offb/offboard_ladder/install/opencv_tests:/opt/ros/humble /usr/bin/cmake --build /home/jacob/offb/offboard_ladder/build/image_geometry -- -j12 -l12
[0.503s] Invoking command in '/home/jacob/offb/offboard_ladder/build/image_geometry': CMAKE_PREFIX_PATH=${CMAKE_PREFIX_PATH}:/home/jacob/offb/offboard_ladder/install/px4_offboard:/home/jacob/offb/offboard_ladder/install/opencv_tests:/opt/ros/humble /usr/bin/cmake --install /home/jacob/offb/offboard_ladder/build/image_geometry
[0.509s] -- Install configuration: ""
[0.509s] -- Up-to-date: /home/jacob/offb/offboard_ladder/install/image_geometry/share/image_geometry/environment/pythonpath.sh
[0.509s] -- Up-to-date: /home/jacob/offb/offboard_ladder/install/image_geometry/share/image_geometry/environment/pythonpath.dsv
[0.509s] -- Up-to-date: /home/jacob/offb/offboard_ladder/install/image_geometry/local/lib/python3.10/dist-packages/image_geometry-4.1.0-py3.10.egg-info
[0.509s] -- Installing: /home/jacob/offb/offboard_ladder/install/image_geometry/local/lib/python3.10/dist-packages/image_geometry-4.1.0-py3.10.egg-info/SOURCES.txt
[0.509s] -- Installing: /home/jacob/offb/offboard_ladder/install/image_geometry/local/lib/python3.10/dist-packages/image_geometry-4.1.0-py3.10.egg-info/top_level.txt
[0.509s] -- Installing: /home/jacob/offb/offboard_ladder/install/image_geometry/local/lib/python3.10/dist-packages/image_geometry-4.1.0-py3.10.egg-info/dependency_links.txt
[0.510s] -- Installing: /home/jacob/offb/offboard_ladder/install/image_geometry/local/lib/python3.10/dist-packages/image_geometry-4.1.0-py3.10.egg-info/PKG-INFO
[0.510s] -- Up-to-date: /home/jacob/offb/offboard_ladder/install/image_geometry/local/lib/python3.10/dist-packages/image_geometry
[0.510s] -- Up-to-date: /home/jacob/offb/offboard_ladder/install/image_geometry/local/lib/python3.10/dist-packages/image_geometry/cameramodels.py
[0.510s] -- Up-to-date: /home/jacob/offb/offboard_ladder/install/image_geometry/local/lib/python3.10/dist-packages/image_geometry/__init__.py
[0.534s] Listing '/home/jacob/offb/offboard_ladder/install/image_geometry/local/lib/python3.10/dist-packages/image_geometry'...
[0.537s] -- Up-to-date: /home/jacob/offb/offboard_ladder/install/image_geometry/include/image_geometry
[0.538s] -- Up-to-date: /home/jacob/offb/offboard_ladder/install/image_geometry/include/image_geometry/image_geometry
[0.538s] -- Up-to-date: /home/jacob/offb/offboard_ladder/install/image_geometry/include/image_geometry/image_geometry/stereo_camera_model.hpp
[0.538s] -- Up-to-date: /home/jacob/offb/offboard_ladder/install/image_geometry/include/image_geometry/image_geometry/visibility_control.hpp
[0.538s] -- Up-to-date: /home/jacob/offb/offboard_ladder/install/image_geometry/include/image_geometry/image_geometry/pinhole_camera_model.hpp
[0.538s] -- Up-to-date: /home/jacob/offb/offboard_ladder/install/image_geometry/lib/libimage_geometry.so
[0.538s] -- Up-to-date: /home/jacob/offb/offboard_ladder/install/image_geometry/share/ament_index/resource_index/package_run_dependencies/image_geometry
[0.538s] -- Up-to-date: /home/jacob/offb/offboard_ladder/install/image_geometry/share/ament_index/resource_index/parent_prefix_path/image_geometry
[0.538s] -- Up-to-date: /home/jacob/offb/offboard_ladder/install/image_geometry/share/image_geometry/environment/ament_prefix_path.sh
[0.538s] -- Up-to-date: /home/jacob/offb/offboard_ladder/install/image_geometry/share/image_geometry/environment/ament_prefix_path.dsv
[0.538s] -- Up-to-date: /home/jacob/offb/offboard_ladder/install/image_geometry/share/image_geometry/environment/path.sh
[0.538s] -- Up-to-date: /home/jacob/offb/offboard_ladder/install/image_geometry/share/image_geometry/environment/path.dsv
[0.538s] -- Up-to-date: /home/jacob/offb/offboard_ladder/install/image_geometry/share/image_geometry/local_setup.bash
[0.538s] -- Up-to-date: /home/jacob/offb/offboard_ladder/install/image_geometry/share/image_geometry/local_setup.sh
[0.539s] -- Up-to-date: /home/jacob/offb/offboard_ladder/install/image_geometry/share/image_geometry/local_setup.zsh
[0.539s] -- Up-to-date: /home/jacob/offb/offboard_ladder/install/image_geometry/share/image_geometry/local_setup.dsv
[0.539s] -- Installing: /home/jacob/offb/offboard_ladder/install/image_geometry/share/image_geometry/package.dsv
[0.539s] -- Up-to-date: /home/jacob/offb/offboard_ladder/install/image_geometry/share/ament_index/resource_index/packages/image_geometry
[0.539s] -- Up-to-date: /home/jacob/offb/offboard_ladder/install/image_geometry/share/image_geometry/cmake/export_image_geometryExport.cmake
[0.539s] -- Up-to-date: /home/jacob/offb/offboard_ladder/install/image_geometry/share/image_geometry/cmake/export_image_geometryExport-noconfig.cmake
[0.539s] -- Up-to-date: /home/jacob/offb/offboard_ladder/install/image_geometry/share/image_geometry/cmake/ament_cmake_export_targets-extras.cmake
[0.539s] -- Up-to-date: /home/jacob/offb/offboard_ladder/install/image_geometry/share/image_geometry/cmake/ament_cmake_export_dependencies-extras.cmake
[0.539s] -- Up-to-date: /home/jacob/offb/offboard_ladder/install/image_geometry/share/image_geometry/cmake/image_geometryConfig.cmake
[0.539s] -- Up-to-date: /home/jacob/offb/offboard_ladder/install/image_geometry/share/image_geometry/cmake/image_geometryConfig-version.cmake
[0.539s] -- Up-to-date: /home/jacob/offb/offboard_ladder/install/image_geometry/share/image_geometry/package.xml
[0.541s] Invoked command in '/home/jacob/offb/offboard_ladder/build/image_geometry' returned '0': CMAKE_PREFIX_PATH=${CMAKE_PREFIX_PATH}:/home/jacob/offb/offboard_ladder/install/px4_offboard:/home/jacob/offb/offboard_ladder/install/opencv_tests:/opt/ros/humble /usr/bin/cmake --install /home/jacob/offb/offboard_ladder/build/image_geometry
