[0.022s] Invoking command in '/home/jacob/offb/offboard_ladder/build/cv_bridge': CMAKE_PREFIX_PATH=${CMAKE_PREFIX_PATH}:/home/jacob/offb/offboard_ladder/install/px4_offboard:/home/jacob/offb/offboard_ladder/install/opencv_tests:/opt/ros/humble /usr/bin/cmake --build /home/jacob/offb/offboard_ladder/build/cv_bridge -- -j12 -l12
[0.076s] [ 11%] Built target gtest
[0.076s] [ 44%] Built target cv_bridge
[0.077s] [ 38%] Built target gtest_main
[0.082s] [ 44%] Built target ament_cmake_python_copy_cv_bridge
[0.104s] [ 83%] Built target cv_bridge-utest
[0.105s] [100%] Built target cv_bridge_boost
[0.343s] running egg_info
[0.364s] writing cv_bridge.egg-info/PKG-INFO
[0.365s] writing dependency_links to cv_bridge.egg-info/dependency_links.txt
[0.365s] writing top-level names to cv_bridge.egg-info/top_level.txt
[0.428s] reading manifest file 'cv_bridge.egg-info/SOURCES.txt'
[0.429s] writing manifest file 'cv_bridge.egg-info/SOURCES.txt'
[0.472s] [100%] Built target ament_cmake_python_build_cv_bridge_egg
[0.483s] Invoked command in '/home/jacob/offb/offboard_ladder/build/cv_bridge' returned '0': CMAKE_PREFIX_PATH=${CMAKE_PREFIX_PATH}:/home/jacob/offb/offboard_ladder/install/px4_offboard:/home/jacob/offb/offboard_ladder/install/opencv_tests:/opt/ros/humble /usr/bin/cmake --build /home/jacob/offb/offboard_ladder/build/cv_bridge -- -j12 -l12
[0.487s] Invoking command in '/home/jacob/offb/offboard_ladder/build/cv_bridge': CMAKE_PREFIX_PATH=${CMAKE_PREFIX_PATH}:/home/jacob/offb/offboard_ladder/install/px4_offboard:/home/jacob/offb/offboard_ladder/install/opencv_tests:/opt/ros/humble /usr/bin/cmake --install /home/jacob/offb/offboard_ladder/build/cv_bridge
[0.494s] -- Install configuration: ""
[0.494s] -- Up-to-date: /home/jacob/offb/offboard_ladder/install/cv_bridge/share/cv_bridge/environment/pythonpath.sh
[0.494s] -- Up-to-date: /home/jacob/offb/offboard_ladder/install/cv_bridge/share/cv_bridge/environment/pythonpath.dsv
[0.495s] -- Up-to-date: /home/jacob/offb/offboard_ladder/install/cv_bridge/local/lib/python3.10/dist-packages/cv_bridge-4.1.0-py3.10.egg-info
[0.495s] -- Installing: /home/jacob/offb/offboard_ladder/install/cv_bridge/local/lib/python3.10/dist-packages/cv_bridge-4.1.0-py3.10.egg-info/SOURCES.txt
[0.495s] -- Installing: /home/jacob/offb/offboard_ladder/install/cv_bridge/local/lib/python3.10/dist-packages/cv_bridge-4.1.0-py3.10.egg-info/top_level.txt
[0.495s] -- Installing: /home/jacob/offb/offboard_ladder/install/cv_bridge/local/lib/python3.10/dist-packages/cv_bridge-4.1.0-py3.10.egg-info/dependency_links.txt
[0.495s] -- Installing: /home/jacob/offb/offboard_ladder/install/cv_bridge/local/lib/python3.10/dist-packages/cv_bridge-4.1.0-py3.10.egg-info/PKG-INFO
[0.495s] -- Up-to-date: /home/jacob/offb/offboard_ladder/install/cv_bridge/local/lib/python3.10/dist-packages/cv_bridge
[0.495s] -- Up-to-date: /home/jacob/offb/offboard_ladder/install/cv_bridge/local/lib/python3.10/dist-packages/cv_bridge/core.py
[0.496s] -- Up-to-date: /home/jacob/offb/offboard_ladder/install/cv_bridge/local/lib/python3.10/dist-packages/cv_bridge/__init__.py
[0.540s] Listing '/home/jacob/offb/offboard_ladder/install/cv_bridge/local/lib/python3.10/dist-packages/cv_bridge'...
[0.540s] Listing '/home/jacob/offb/offboard_ladder/install/cv_bridge/local/lib/python3.10/dist-packages/cv_bridge/boost'...
[0.546s] -- Up-to-date: /home/jacob/offb/offboard_ladder/install/cv_bridge/lib/libcv_bridge.so
[0.546s] -- Up-to-date: /home/jacob/offb/offboard_ladder/install/cv_bridge/include/cv_bridge/cv_bridge/cv_bridge_export.h
[0.547s] -- Up-to-date: /home/jacob/offb/offboard_ladder/install/cv_bridge/local/lib/python3.10/dist-packages/cv_bridge/boost/cv_bridge_boost.so
[0.547s] -- Up-to-date: /home/jacob/offb/offboard_ladder/install/cv_bridge/include/cv_bridge
[0.547s] -- Up-to-date: /home/jacob/offb/offboard_ladder/install/cv_bridge/include/cv_bridge/cv_bridge
[0.547s] -- Up-to-date: /home/jacob/offb/offboard_ladder/install/cv_bridge/include/cv_bridge/cv_bridge/rgb_colors.hpp
[0.547s] -- Up-to-date: /home/jacob/offb/offboard_ladder/install/cv_bridge/include/cv_bridge/cv_bridge/visibility_control.h
[0.547s] -- Up-to-date: /home/jacob/offb/offboard_ladder/install/cv_bridge/include/cv_bridge/cv_bridge/cv_mat_sensor_msgs_image_type_adapter.hpp
[0.548s] -- Up-to-date: /home/jacob/offb/offboard_ladder/install/cv_bridge/include/cv_bridge/cv_bridge/cv_bridge.hpp
[0.548s] -- Up-to-date: /home/jacob/offb/offboard_ladder/install/cv_bridge/lib/libcv_bridge.so
[0.548s] -- Up-to-date: /home/jacob/offb/offboard_ladder/install/cv_bridge/share/ament_index/resource_index/package_run_dependencies/cv_bridge
[0.548s] -- Up-to-date: /home/jacob/offb/offboard_ladder/install/cv_bridge/share/ament_index/resource_index/parent_prefix_path/cv_bridge
[0.548s] -- Up-to-date: /home/jacob/offb/offboard_ladder/install/cv_bridge/share/cv_bridge/environment/ament_prefix_path.sh
[0.548s] -- Up-to-date: /home/jacob/offb/offboard_ladder/install/cv_bridge/share/cv_bridge/environment/ament_prefix_path.dsv
[0.548s] -- Up-to-date: /home/jacob/offb/offboard_ladder/install/cv_bridge/share/cv_bridge/environment/path.sh
[0.548s] -- Up-to-date: /home/jacob/offb/offboard_ladder/install/cv_bridge/share/cv_bridge/environment/path.dsv
[0.549s] -- Up-to-date: /home/jacob/offb/offboard_ladder/install/cv_bridge/share/cv_bridge/local_setup.bash
[0.549s] -- Up-to-date: /home/jacob/offb/offboard_ladder/install/cv_bridge/share/cv_bridge/local_setup.sh
[0.549s] -- Up-to-date: /home/jacob/offb/offboard_ladder/install/cv_bridge/share/cv_bridge/local_setup.zsh
[0.550s] -- Up-to-date: /home/jacob/offb/offboard_ladder/install/cv_bridge/share/cv_bridge/local_setup.dsv
[0.550s] -- Installing: /home/jacob/offb/offboard_ladder/install/cv_bridge/share/cv_bridge/package.dsv
[0.550s] -- Up-to-date: /home/jacob/offb/offboard_ladder/install/cv_bridge/share/ament_index/resource_index/packages/cv_bridge
[0.550s] -- Up-to-date: /home/jacob/offb/offboard_ladder/install/cv_bridge/share/cv_bridge/cmake/export_cv_bridgeExport.cmake
[0.550s] -- Up-to-date: /home/jacob/offb/offboard_ladder/install/cv_bridge/share/cv_bridge/cmake/export_cv_bridgeExport-noconfig.cmake
[0.550s] -- Up-to-date: /home/jacob/offb/offboard_ladder/install/cv_bridge/share/cv_bridge/cmake/cv_bridge-extras.cmake
[0.550s] -- Up-to-date: /home/jacob/offb/offboard_ladder/install/cv_bridge/share/cv_bridge/cmake/ament_cmake_export_dependencies-extras.cmake
[0.551s] -- Up-to-date: /home/jacob/offb/offboard_ladder/install/cv_bridge/share/cv_bridge/cmake/ament_cmake_export_targets-extras.cmake
[0.551s] -- Up-to-date: /home/jacob/offb/offboard_ladder/install/cv_bridge/share/cv_bridge/cmake/cv_bridgeConfig.cmake
[0.551s] -- Up-to-date: /home/jacob/offb/offboard_ladder/install/cv_bridge/share/cv_bridge/cmake/cv_bridgeConfig-version.cmake
[0.551s] -- Up-to-date: /home/jacob/offb/offboard_ladder/install/cv_bridge/share/cv_bridge/package.xml
[0.559s] Invoked command in '/home/jacob/offb/offboard_ladder/build/cv_bridge' returned '0': CMAKE_PREFIX_PATH=${CMAKE_PREFIX_PATH}:/home/jacob/offb/offboard_ladder/install/px4_offboard:/home/jacob/offb/offboard_ladder/install/opencv_tests:/opt/ros/humble /usr/bin/cmake --install /home/jacob/offb/offboard_ladder/build/cv_bridge
