[0.009s] Invoking command in '/home/jacob/offb/offboard_ladder/build/image_geometry': CMAKE_PREFIX_PATH=/opt/ros/humble /usr/bin/cmake /home/jacob/offb/offboard_ladder/src/vision_opencv/image_geometry -DCMAKE_INSTALL_PREFIX=/home/jacob/offb/offboard_ladder/install/image_geometry
[0.078s] -- The C compiler identification is GNU 11.4.0
[0.138s] -- The CXX compiler identification is GNU 11.4.0
[0.145s] -- Detecting C compiler ABI info
[0.195s] -- Detecting C compiler ABI info - done
[0.201s] -- Check for working C compiler: /usr/bin/cc - skipped
[0.202s] -- Detecting C compile features
[0.202s] -- Detecting C compile features - done
[0.205s] -- Detecting CXX compiler ABI info
[0.265s] -- Detecting CXX compiler ABI info - done
[0.272s] -- Check for working CXX compiler: /usr/bin/c++ - skipped
[0.272s] -- Detecting CXX compile features
[0.272s] -- Detecting CXX compile features - done
[0.274s] -- Found ament_cmake_python: 1.3.11 (/opt/ros/humble/share/ament_cmake_python/cmake)
[0.276s] -- Found ament_cmake_ros: 0.10.0 (/opt/ros/humble/share/ament_cmake_ros/cmake)
[0.625s] -- Found Python3: /usr/bin/python3 (found version "3.10.12") found components: Interpreter 
[0.906s] -- Found OpenCV: /usr/local (found version "4.10.0") found components: calib3d core highgui imgproc 
[0.906s] -- Found sensor_msgs: 4.9.0 (/opt/ros/humble/share/sensor_msgs/cmake)
[0.913s] -- Found rosidl_generator_c: 3.1.6 (/opt/ros/humble/share/rosidl_generator_c/cmake)
[0.914s] -- Found rosidl_adapter: 3.1.6 (/opt/ros/humble/share/rosidl_adapter/cmake)
[0.916s] -- Found rosidl_generator_cpp: 3.1.6 (/opt/ros/humble/share/rosidl_generator_cpp/cmake)
[0.920s] -- Using all available rosidl_typesupport_c: rosidl_typesupport_fastrtps_c;rosidl_typesupport_introspection_c
[0.924s] -- Using all available rosidl_typesupport_cpp: rosidl_typesupport_fastrtps_cpp;rosidl_typesupport_introspection_cpp
[1.453s] -- Found gtest sources under '/opt/ros/humble/src/gtest_vendor': C++ tests using 'Google Test' will be built
[1.455s] -- Looking for pthread.h
[1.556s] -- Looking for pthread.h - found
[1.565s] -- Performing Test CMAKE_HAVE_LIBC_PTHREAD
[1.641s] -- Performing Test CMAKE_HAVE_LIBC_PTHREAD - Success
[1.642s] -- Found Threads: TRUE  
[1.718s] -- Configuring done
[1.737s] -- Generating done
[1.743s] -- Build files have been written to: /home/jacob/offb/offboard_ladder/build/image_geometry
[1.751s] Invoked command in '/home/jacob/offb/offboard_ladder/build/image_geometry' returned '0': CMAKE_PREFIX_PATH=/opt/ros/humble /usr/bin/cmake /home/jacob/offb/offboard_ladder/src/vision_opencv/image_geometry -DCMAKE_INSTALL_PREFIX=/home/jacob/offb/offboard_ladder/install/image_geometry
[1.753s] Invoking command in '/home/jacob/offb/offboard_ladder/build/image_geometry': CMAKE_PREFIX_PATH=/opt/ros/humble /usr/bin/cmake --build /home/jacob/offb/offboard_ladder/build/image_geometry -- -j12 -l12
[1.791s] [  9%] [32mBuilding CXX object gtest/CMakeFiles/gtest.dir/src/gtest-all.cc.o[0m
[1.795s] [ 27%] [32mBuilding CXX object CMakeFiles/image_geometry.dir/src/pinhole_camera_model.cpp.o[0m
[1.795s] [ 27%] [32mBuilding CXX object gtest/CMakeFiles/gtest_main.dir/src/gtest_main.cc.o[0m
[1.798s] [ 36%] [32mBuilding CXX object CMakeFiles/image_geometry.dir/src/stereo_camera_model.cpp.o[0m
[1.802s] [ 36%] Built target ament_cmake_python_copy_image_geometry
[2.058s] running egg_info
[2.079s] creating image_geometry.egg-info
[2.079s] writing image_geometry.egg-info/PKG-INFO
[2.079s] writing dependency_links to image_geometry.egg-info/dependency_links.txt
[2.080s] writing top-level names to image_geometry.egg-info/top_level.txt
[2.080s] writing manifest file 'image_geometry.egg-info/SOURCES.txt'
[2.137s] reading manifest file 'image_geometry.egg-info/SOURCES.txt'
[2.138s] writing manifest file 'image_geometry.egg-info/SOURCES.txt'
[2.179s] [ 36%] Built target ament_cmake_python_build_image_geometry_egg
[2.773s] [ 45%] [32m[1mLinking CXX static library libgtest_main.a[0m
[2.835s] [ 45%] Built target gtest_main
[3.307s] [ 54%] [32m[1mLinking CXX shared library libimage_geometry.so[0m
[3.454s] [ 54%] Built target image_geometry
[4.202s] [ 63%] [32m[1mLinking CXX static library libgtest.a[0m
[4.270s] [ 63%] Built target gtest
[4.288s] [ 72%] [32mBuilding CXX object test/CMakeFiles/image_geometry-utest-equi.dir/utest_equi.cpp.o[0m
[4.290s] [ 81%] [32mBuilding CXX object test/CMakeFiles/image_geometry-utest.dir/utest.cpp.o[0m
[5.784s] [ 90%] [32m[1mLinking CXX executable image_geometry-utest[0m
[5.935s] [ 90%] Built target image_geometry-utest
[5.947s] [100%] [32m[1mLinking CXX executable image_geometry-utest-equi[0m
[6.083s] [100%] Built target image_geometry-utest-equi
[6.093s] Invoked command in '/home/jacob/offb/offboard_ladder/build/image_geometry' returned '0': CMAKE_PREFIX_PATH=/opt/ros/humble /usr/bin/cmake --build /home/jacob/offb/offboard_ladder/build/image_geometry -- -j12 -l12
[6.094s] Invoking command in '/home/jacob/offb/offboard_ladder/build/image_geometry': CMAKE_PREFIX_PATH=/opt/ros/humble /usr/bin/cmake --install /home/jacob/offb/offboard_ladder/build/image_geometry
[6.100s] -- Install configuration: ""
[6.100s] -- Installing: /home/jacob/offb/offboard_ladder/install/image_geometry/share/image_geometry/environment/pythonpath.sh
[6.100s] -- Installing: /home/jacob/offb/offboard_ladder/install/image_geometry/share/image_geometry/environment/pythonpath.dsv
[6.101s] -- Installing: /home/jacob/offb/offboard_ladder/install/image_geometry/local/lib/python3.10/dist-packages/image_geometry-4.1.0-py3.10.egg-info
[6.101s] -- Installing: /home/jacob/offb/offboard_ladder/install/image_geometry/local/lib/python3.10/dist-packages/image_geometry-4.1.0-py3.10.egg-info/SOURCES.txt
[6.101s] -- Installing: /home/jacob/offb/offboard_ladder/install/image_geometry/local/lib/python3.10/dist-packages/image_geometry-4.1.0-py3.10.egg-info/top_level.txt
[6.101s] -- Installing: /home/jacob/offb/offboard_ladder/install/image_geometry/local/lib/python3.10/dist-packages/image_geometry-4.1.0-py3.10.egg-info/dependency_links.txt
[6.101s] -- Installing: /home/jacob/offb/offboard_ladder/install/image_geometry/local/lib/python3.10/dist-packages/image_geometry-4.1.0-py3.10.egg-info/PKG-INFO
[6.101s] -- Installing: /home/jacob/offb/offboard_ladder/install/image_geometry/local/lib/python3.10/dist-packages/image_geometry
[6.101s] -- Installing: /home/jacob/offb/offboard_ladder/install/image_geometry/local/lib/python3.10/dist-packages/image_geometry/cameramodels.py
[6.101s] -- Installing: /home/jacob/offb/offboard_ladder/install/image_geometry/local/lib/python3.10/dist-packages/image_geometry/__init__.py
[6.136s] Listing '/home/jacob/offb/offboard_ladder/install/image_geometry/local/lib/python3.10/dist-packages/image_geometry'...
[6.136s] Compiling '/home/jacob/offb/offboard_ladder/install/image_geometry/local/lib/python3.10/dist-packages/image_geometry/__init__.py'...
[6.137s] Compiling '/home/jacob/offb/offboard_ladder/install/image_geometry/local/lib/python3.10/dist-packages/image_geometry/cameramodels.py'...
[6.141s] -- Installing: /home/jacob/offb/offboard_ladder/install/image_geometry/include/image_geometry
[6.141s] -- Installing: /home/jacob/offb/offboard_ladder/install/image_geometry/include/image_geometry/image_geometry
[6.142s] -- Installing: /home/jacob/offb/offboard_ladder/install/image_geometry/include/image_geometry/image_geometry/stereo_camera_model.hpp
[6.142s] -- Installing: /home/jacob/offb/offboard_ladder/install/image_geometry/include/image_geometry/image_geometry/visibility_control.hpp
[6.142s] -- Installing: /home/jacob/offb/offboard_ladder/install/image_geometry/include/image_geometry/image_geometry/pinhole_camera_model.hpp
[6.142s] -- Installing: /home/jacob/offb/offboard_ladder/install/image_geometry/lib/libimage_geometry.so
[6.142s] -- Set runtime path of "/home/jacob/offb/offboard_ladder/install/image_geometry/lib/libimage_geometry.so" to ""
[6.142s] -- Installing: /home/jacob/offb/offboard_ladder/install/image_geometry/share/ament_index/resource_index/package_run_dependencies/image_geometry
[6.142s] -- Installing: /home/jacob/offb/offboard_ladder/install/image_geometry/share/ament_index/resource_index/parent_prefix_path/image_geometry
[6.143s] -- Installing: /home/jacob/offb/offboard_ladder/install/image_geometry/share/image_geometry/environment/ament_prefix_path.sh
[6.143s] -- Installing: /home/jacob/offb/offboard_ladder/install/image_geometry/share/image_geometry/environment/ament_prefix_path.dsv
[6.143s] -- Installing: /home/jacob/offb/offboard_ladder/install/image_geometry/share/image_geometry/environment/path.sh
[6.143s] -- Installing: /home/jacob/offb/offboard_ladder/install/image_geometry/share/image_geometry/environment/path.dsv
[6.143s] -- Installing: /home/jacob/offb/offboard_ladder/install/image_geometry/share/image_geometry/local_setup.bash
[6.143s] -- Installing: /home/jacob/offb/offboard_ladder/install/image_geometry/share/image_geometry/local_setup.sh
[6.143s] -- Installing: /home/jacob/offb/offboard_ladder/install/image_geometry/share/image_geometry/local_setup.zsh
[6.143s] -- Installing: /home/jacob/offb/offboard_ladder/install/image_geometry/share/image_geometry/local_setup.dsv
[6.143s] -- Installing: /home/jacob/offb/offboard_ladder/install/image_geometry/share/image_geometry/package.dsv
[6.143s] -- Installing: /home/jacob/offb/offboard_ladder/install/image_geometry/share/ament_index/resource_index/packages/image_geometry
[6.144s] -- Installing: /home/jacob/offb/offboard_ladder/install/image_geometry/share/image_geometry/cmake/export_image_geometryExport.cmake
[6.144s] -- Installing: /home/jacob/offb/offboard_ladder/install/image_geometry/share/image_geometry/cmake/export_image_geometryExport-noconfig.cmake
[6.144s] -- Installing: /home/jacob/offb/offboard_ladder/install/image_geometry/share/image_geometry/cmake/ament_cmake_export_targets-extras.cmake
[6.144s] -- Installing: /home/jacob/offb/offboard_ladder/install/image_geometry/share/image_geometry/cmake/ament_cmake_export_dependencies-extras.cmake
[6.144s] -- Installing: /home/jacob/offb/offboard_ladder/install/image_geometry/share/image_geometry/cmake/image_geometryConfig.cmake
[6.144s] -- Installing: /home/jacob/offb/offboard_ladder/install/image_geometry/share/image_geometry/cmake/image_geometryConfig-version.cmake
[6.144s] -- Installing: /home/jacob/offb/offboard_ladder/install/image_geometry/share/image_geometry/package.xml
[6.146s] Invoked command in '/home/jacob/offb/offboard_ladder/build/image_geometry' returned '0': CMAKE_PREFIX_PATH=/opt/ros/humble /usr/bin/cmake --install /home/jacob/offb/offboard_ladder/build/image_geometry
