/home/jacob/.local/lib/python3.10/site-packages/setuptools/_distutils/dist.py:289: UserWarning: Unknown distribution option: 'tests_require'
  warnings.warn(msg)
running egg_info
writing ../../build/px4_offboard/px4_offboard.egg-info/PKG-INFO
writing dependency_links to ../../build/px4_offboard/px4_offboard.egg-info/dependency_links.txt
writing entry points to ../../build/px4_offboard/px4_offboard.egg-info/entry_points.txt
writing requirements to ../../build/px4_offboard/px4_offboard.egg-info/requires.txt
writing top-level names to ../../build/px4_offboard/px4_offboard.egg-info/top_level.txt
reading manifest file '../../build/px4_offboard/px4_offboard.egg-info/SOURCES.txt'
writing manifest file '../../build/px4_offboard/px4_offboard.egg-info/SOURCES.txt'
running build
running build_py
copying px4_offboard/circle_offboard_mode.py -> /home/jacob/offb/offboard_ladder/build/px4_offboard/build/lib/px4_offboard
copying px4_offboard/offboard_ship_land.py -> /home/jacob/offb/offboard_ladder/build/px4_offboard/build/lib/px4_offboard
copying px4_offboard/offboard_ship_land_sim.py -> /home/jacob/offb/offboard_ladder/build/px4_offboard/build/lib/px4_offboard
copying px4_offboard/velocity_control.py -> /home/jacob/offb/offboard_ladder/build/px4_offboard/build/lib/px4_offboard
copying px4_offboard/offboard_control.py -> /home/jacob/offb/offboard_ladder/build/px4_offboard/build/lib/px4_offboard
copying px4_offboard/codex_test.py -> /home/jacob/offb/offboard_ladder/build/px4_offboard/build/lib/px4_offboard
copying px4_offboard/__init__.py -> /home/jacob/offb/offboard_ladder/build/px4_offboard/build/lib/px4_offboard
copying px4_offboard/control.py -> /home/jacob/offb/offboard_ladder/build/px4_offboard/build/lib/px4_offboard
copying px4_offboard/offboard_figure8_node.py -> /home/jacob/offb/offboard_ladder/build/px4_offboard/build/lib/px4_offboard
running install
running install_lib
copying /home/jacob/offb/offboard_ladder/build/px4_offboard/build/lib/px4_offboard/codex_test.py -> /home/jacob/offb/offboard_ladder/install/px4_offboard/lib/python3.10/site-packages/px4_offboard
copying /home/jacob/offb/offboard_ladder/build/px4_offboard/build/lib/px4_offboard/offboard_figure8_node.py -> /home/jacob/offb/offboard_ladder/install/px4_offboard/lib/python3.10/site-packages/px4_offboard
byte-compiling /home/jacob/offb/offboard_ladder/install/px4_offboard/lib/python3.10/site-packages/px4_offboard/codex_test.py to codex_test.cpython-310.pyc
byte-compiling /home/jacob/offb/offboard_ladder/install/px4_offboard/lib/python3.10/site-packages/px4_offboard/offboard_figure8_node.py to offboard_figure8_node.cpython-310.pyc
running install_data
copying resource/px4_offboard -> /home/jacob/offb/offboard_ladder/install/px4_offboard/share/ament_index/resource_index/packages
copying package.xml -> /home/jacob/offb/offboard_ladder/install/px4_offboard/share/px4_offboard
copying launch/velocity_control.launch.py -> /home/jacob/offb/offboard_ladder/install/px4_offboard/share/px4_offboard
running install_egg_info
removing '/home/jacob/offb/offboard_ladder/install/px4_offboard/lib/python3.10/site-packages/px4_offboard-0.0.0-py3.10.egg-info' (and everything under it)
Copying ../../build/px4_offboard/px4_offboard.egg-info to /home/jacob/offb/offboard_ladder/install/px4_offboard/lib/python3.10/site-packages/px4_offboard-0.0.0-py3.10.egg-info
running install_scripts
Installing circle_offboard script to /home/jacob/offb/offboard_ladder/install/px4_offboard/lib/px4_offboard
Installing codex_test script to /home/jacob/offb/offboard_ladder/install/px4_offboard/lib/px4_offboard
Installing control script to /home/jacob/offb/offboard_ladder/install/px4_offboard/lib/px4_offboard
Installing offboard_control script to /home/jacob/offb/offboard_ladder/install/px4_offboard/lib/px4_offboard
Installing offboard_figure8 script to /home/jacob/offb/offboard_ladder/install/px4_offboard/lib/px4_offboard
Installing offboard_ship_land script to /home/jacob/offb/offboard_ladder/install/px4_offboard/lib/px4_offboard
Installing offboard_ship_land_sim script to /home/jacob/offb/offboard_ladder/install/px4_offboard/lib/px4_offboard
Installing velocity_control script to /home/jacob/offb/offboard_ladder/install/px4_offboard/lib/px4_offboard
writing list of installed files to '/home/jacob/offb/offboard_ladder/build/px4_offboard/install.log'
