[0.216s] Invoking command in '/home/jacob/offb/offboard_ladder/build/vision_opencv': AMENT_PREFIX_PATH=/home/jacob/offb/offboard_ladder/install/image_geometry:/home/jacob/offb/offboard_ladder/install/cv_bridge:${AMENT_PREFIX_PATH} CMAKE_PREFIX_PATH=/home/jacob/offb/offboard_ladder/install/image_geometry:/home/jacob/offb/offboard_ladder/install/cv_bridge:/opt/ros/humble LD_LIBRARY_PATH=/home/jacob/offb/offboard_ladder/install/image_geometry/lib:/home/jacob/offb/offboard_ladder/install/cv_bridge/lib:${LD_LIBRARY_PATH} PYTHONPATH=/home/jacob/offb/offboard_ladder/install/image_geometry/local/lib/python3.10/dist-packages:/home/jacob/offb/offboard_ladder/install/cv_bridge/local/lib/python3.10/dist-packages:${PYTHONPATH} /usr/bin/cmake --build /home/jacob/offb/offboard_ladder/build/vision_opencv -- -j12 -l12
[0.248s] Invoked command in '/home/jacob/offb/offboard_ladder/build/vision_opencv' returned '0': AMENT_PREFIX_PATH=/home/jacob/offb/offboard_ladder/install/image_geometry:/home/jacob/offb/offboard_ladder/install/cv_bridge:${AMENT_PREFIX_PATH} CMAKE_PREFIX_PATH=/home/jacob/offb/offboard_ladder/install/image_geometry:/home/jacob/offb/offboard_ladder/install/cv_bridge:/opt/ros/humble LD_LIBRARY_PATH=/home/jacob/offb/offboard_ladder/install/image_geometry/lib:/home/jacob/offb/offboard_ladder/install/cv_bridge/lib:${LD_LIBRARY_PATH} PYTHONPATH=/home/jacob/offb/offboard_ladder/install/image_geometry/local/lib/python3.10/dist-packages:/home/jacob/offb/offboard_ladder/install/cv_bridge/local/lib/python3.10/dist-packages:${PYTHONPATH} /usr/bin/cmake --build /home/jacob/offb/offboard_ladder/build/vision_opencv -- -j12 -l12
[0.249s] Invoking command in '/home/jacob/offb/offboard_ladder/build/vision_opencv': AMENT_PREFIX_PATH=/home/jacob/offb/offboard_ladder/install/image_geometry:/home/jacob/offb/offboard_ladder/install/cv_bridge:${AMENT_PREFIX_PATH} CMAKE_PREFIX_PATH=/home/jacob/offb/offboard_ladder/install/image_geometry:/home/jacob/offb/offboard_ladder/install/cv_bridge:/opt/ros/humble LD_LIBRARY_PATH=/home/jacob/offb/offboard_ladder/install/image_geometry/lib:/home/jacob/offb/offboard_ladder/install/cv_bridge/lib:${LD_LIBRARY_PATH} PYTHONPATH=/home/jacob/offb/offboard_ladder/install/image_geometry/local/lib/python3.10/dist-packages:/home/jacob/offb/offboard_ladder/install/cv_bridge/local/lib/python3.10/dist-packages:${PYTHONPATH} /usr/bin/cmake --install /home/jacob/offb/offboard_ladder/build/vision_opencv
[0.256s] -- Install configuration: ""
[0.256s] -- Up-to-date: /home/jacob/offb/offboard_ladder/install/vision_opencv/share/ament_index/resource_index/package_run_dependencies/vision_opencv
[0.256s] -- Up-to-date: /home/jacob/offb/offboard_ladder/install/vision_opencv/share/ament_index/resource_index/parent_prefix_path/vision_opencv
[0.256s] -- Up-to-date: /home/jacob/offb/offboard_ladder/install/vision_opencv/share/vision_opencv/environment/ament_prefix_path.sh
[0.256s] -- Up-to-date: /home/jacob/offb/offboard_ladder/install/vision_opencv/share/vision_opencv/environment/ament_prefix_path.dsv
[0.256s] -- Up-to-date: /home/jacob/offb/offboard_ladder/install/vision_opencv/share/vision_opencv/environment/path.sh
[0.256s] -- Up-to-date: /home/jacob/offb/offboard_ladder/install/vision_opencv/share/vision_opencv/environment/path.dsv
[0.256s] -- Up-to-date: /home/jacob/offb/offboard_ladder/install/vision_opencv/share/vision_opencv/local_setup.bash
[0.256s] -- Up-to-date: /home/jacob/offb/offboard_ladder/install/vision_opencv/share/vision_opencv/local_setup.sh
[0.256s] -- Up-to-date: /home/jacob/offb/offboard_ladder/install/vision_opencv/share/vision_opencv/local_setup.zsh
[0.256s] -- Up-to-date: /home/jacob/offb/offboard_ladder/install/vision_opencv/share/vision_opencv/local_setup.dsv
[0.256s] -- Up-to-date: /home/jacob/offb/offboard_ladder/install/vision_opencv/share/vision_opencv/package.dsv
[0.256s] -- Up-to-date: /home/jacob/offb/offboard_ladder/install/vision_opencv/share/ament_index/resource_index/packages/vision_opencv
[0.256s] -- Up-to-date: /home/jacob/offb/offboard_ladder/install/vision_opencv/share/vision_opencv/cmake/vision_opencvConfig.cmake
[0.256s] -- Up-to-date: /home/jacob/offb/offboard_ladder/install/vision_opencv/share/vision_opencv/cmake/vision_opencvConfig-version.cmake
[0.256s] -- Up-to-date: /home/jacob/offb/offboard_ladder/install/vision_opencv/share/vision_opencv/package.xml
[0.258s] Invoked command in '/home/jacob/offb/offboard_ladder/build/vision_opencv' returned '0': AMENT_PREFIX_PATH=/home/jacob/offb/offboard_ladder/install/image_geometry:/home/jacob/offb/offboard_ladder/install/cv_bridge:${AMENT_PREFIX_PATH} CMAKE_PREFIX_PATH=/home/jacob/offb/offboard_ladder/install/image_geometry:/home/jacob/offb/offboard_ladder/install/cv_bridge:/opt/ros/humble LD_LIBRARY_PATH=/home/jacob/offb/offboard_ladder/install/image_geometry/lib:/home/jacob/offb/offboard_ladder/install/cv_bridge/lib:${LD_LIBRARY_PATH} PYTHONPATH=/home/jacob/offb/offboard_ladder/install/image_geometry/local/lib/python3.10/dist-packages:/home/jacob/offb/offboard_ladder/install/cv_bridge/local/lib/python3.10/dist-packages:${PYTHONPATH} /usr/bin/cmake --install /home/jacob/offb/offboard_ladder/build/vision_opencv
