[0.137s] Invoking command in '/home/jacob/offb/offboard_ladder/build/px4_ros_com': CMAKE_PREFIX_PATH=/home/jacob/offb/offboard_ladder/install/px4_msgs:/home/jacob/offb/offboard_ladder/install/vision_opencv:/home/jacob/offb/offboard_ladder/install/px4_ros_com:/home/jacob/offb/offboard_ladder/install/aruco_tracker:/home/jacob/offb/offboard_ladder/install/image_geometry:/home/jacob/offb/offboard_ladder/install/cv_bridge:/home/jacob/offb/offboard_ladder/install/px4_offboard:/home/jacob/offb/offboard_ladder/install/opencv_tests:/opt/ros/humble LD_LIBRARY_PATH=/home/jacob/offb/offboard_ladder/install/px4_msgs/lib:/home/jacob/offb/offboard_ladder/install/px4_ros_com/lib:/home/jacob/offb/offboard_ladder/install/image_geometry/lib:/home/jacob/offb/offboard_ladder/install/cv_bridge/lib:/opt/ros/humble/opt/rviz_ogre_vendor/lib:/opt/ros/humble/lib/x86_64-linux-gnu:/opt/ros/humble/lib /usr/bin/cmake --build /home/jacob/offb/offboard_ladder/build/px4_ros_com -- -j12 -l12
[0.184s] [ 16%] Built target offboard_control_srv
[0.185s] [ 41%] Built target frame_transforms
[0.185s] [ 58%] Built target offboard_control
[0.185s] [ 91%] Built target vehicle_gps_position_listener
[0.185s] [ 91%] Built target sensor_combined_listener
[0.185s] [100%] Built target debug_vect_advertiser
[0.187s] [100%] Built target ament_cmake_python_copy_px4_ros_com
[0.328s] running egg_info
[0.338s] writing px4_ros_com.egg-info/PKG-INFO
[0.338s] writing dependency_links to px4_ros_com.egg-info/dependency_links.txt
[0.339s] writing top-level names to px4_ros_com.egg-info/top_level.txt
[0.366s] reading manifest file 'px4_ros_com.egg-info/SOURCES.txt'
[0.367s] writing manifest file 'px4_ros_com.egg-info/SOURCES.txt'
[0.391s] [100%] Built target ament_cmake_python_build_px4_ros_com_egg
[0.399s] Invoked command in '/home/jacob/offb/offboard_ladder/build/px4_ros_com' returned '0': CMAKE_PREFIX_PATH=/home/jacob/offb/offboard_ladder/install/px4_msgs:/home/jacob/offb/offboard_ladder/install/vision_opencv:/home/jacob/offb/offboard_ladder/install/px4_ros_com:/home/jacob/offb/offboard_ladder/install/aruco_tracker:/home/jacob/offb/offboard_ladder/install/image_geometry:/home/jacob/offb/offboard_ladder/install/cv_bridge:/home/jacob/offb/offboard_ladder/install/px4_offboard:/home/jacob/offb/offboard_ladder/install/opencv_tests:/opt/ros/humble LD_LIBRARY_PATH=/home/jacob/offb/offboard_ladder/install/px4_msgs/lib:/home/jacob/offb/offboard_ladder/install/px4_ros_com/lib:/home/jacob/offb/offboard_ladder/install/image_geometry/lib:/home/jacob/offb/offboard_ladder/install/cv_bridge/lib:/opt/ros/humble/opt/rviz_ogre_vendor/lib:/opt/ros/humble/lib/x86_64-linux-gnu:/opt/ros/humble/lib /usr/bin/cmake --build /home/jacob/offb/offboard_ladder/build/px4_ros_com -- -j12 -l12
[0.400s] Invoking command in '/home/jacob/offb/offboard_ladder/build/px4_ros_com': CMAKE_PREFIX_PATH=/home/jacob/offb/offboard_ladder/install/px4_msgs:/home/jacob/offb/offboard_ladder/install/vision_opencv:/home/jacob/offb/offboard_ladder/install/px4_ros_com:/home/jacob/offb/offboard_ladder/install/aruco_tracker:/home/jacob/offb/offboard_ladder/install/image_geometry:/home/jacob/offb/offboard_ladder/install/cv_bridge:/home/jacob/offb/offboard_ladder/install/px4_offboard:/home/jacob/offb/offboard_ladder/install/opencv_tests:/opt/ros/humble LD_LIBRARY_PATH=/home/jacob/offb/offboard_ladder/install/px4_msgs/lib:/home/jacob/offb/offboard_ladder/install/px4_ros_com/lib:/home/jacob/offb/offboard_ladder/install/image_geometry/lib:/home/jacob/offb/offboard_ladder/install/cv_bridge/lib:/opt/ros/humble/opt/rviz_ogre_vendor/lib:/opt/ros/humble/lib/x86_64-linux-gnu:/opt/ros/humble/lib /usr/bin/cmake --install /home/jacob/offb/offboard_ladder/build/px4_ros_com
[0.406s] -- Install configuration: ""
[0.406s] -- Up-to-date: /home/jacob/offb/offboard_ladder/install/px4_ros_com/lib/px4_ros_com/sensor_combined_listener
[0.406s] -- Up-to-date: /home/jacob/offb/offboard_ladder/install/px4_ros_com/lib/px4_ros_com/vehicle_gps_position_listener
[0.406s] -- Up-to-date: /home/jacob/offb/offboard_ladder/install/px4_ros_com/lib/px4_ros_com/debug_vect_advertiser
[0.406s] -- Up-to-date: /home/jacob/offb/offboard_ladder/install/px4_ros_com/lib/px4_ros_com/offboard_control
[0.407s] -- Up-to-date: /home/jacob/offb/offboard_ladder/install/px4_ros_com/lib/px4_ros_com/offboard_control_srv
[0.407s] -- Up-to-date: /home/jacob/offb/offboard_ladder/install/px4_ros_com/share/px4_ros_com/environment/library_path.sh
[0.407s] -- Up-to-date: /home/jacob/offb/offboard_ladder/install/px4_ros_com/share/px4_ros_com/environment/library_path.dsv
[0.407s] -- Up-to-date: /home/jacob/offb/offboard_ladder/install/px4_ros_com/include/px4_ros_com
[0.407s] -- Up-to-date: /home/jacob/offb/offboard_ladder/install/px4_ros_com/include/px4_ros_com/frame_transforms.h
[0.407s] -- Up-to-date: /home/jacob/offb/offboard_ladder/install/px4_ros_com/lib/libframe_transforms.so
[0.407s] -- Up-to-date: /home/jacob/offb/offboard_ladder/install/px4_ros_com/share/px4_ros_com//launch
[0.407s] -- Up-to-date: /home/jacob/offb/offboard_ladder/install/px4_ros_com/share/px4_ros_com//launch/sensor_combined_listener.launch.py
[0.407s] -- Up-to-date: /home/jacob/offb/offboard_ladder/install/px4_ros_com/share/px4_ros_com//launch/offboard_control_launch.yaml
[0.407s] -- Up-to-date: /home/jacob/offb/offboard_ladder/install/px4_ros_com/share/px4_ros_com//test
[0.407s] -- Up-to-date: /home/jacob/offb/offboard_ladder/install/px4_ros_com/share/px4_ros_com//test/test_input.py
[0.407s] -- Up-to-date: /home/jacob/offb/offboard_ladder/install/px4_ros_com/share/px4_ros_com//test/__init__.py
[0.407s] -- Up-to-date: /home/jacob/offb/offboard_ladder/install/px4_ros_com/share/px4_ros_com//test/test_output.py
[0.407s] -- Up-to-date: /home/jacob/offb/offboard_ladder/install/px4_ros_com/share/px4_ros_com//test/pipeline_io_test.py
[0.408s] -- Up-to-date: /home/jacob/offb/offboard_ladder/install/px4_ros_com/share/px4_ros_com/environment/pythonpath.sh
[0.408s] -- Up-to-date: /home/jacob/offb/offboard_ladder/install/px4_ros_com/share/px4_ros_com/environment/pythonpath.dsv
[0.408s] -- Up-to-date: /home/jacob/offb/offboard_ladder/install/px4_ros_com/local/lib/python3.10/dist-packages/px4_ros_com-0.1.0-py3.10.egg-info
[0.408s] -- Installing: /home/jacob/offb/offboard_ladder/install/px4_ros_com/local/lib/python3.10/dist-packages/px4_ros_com-0.1.0-py3.10.egg-info/SOURCES.txt
[0.408s] -- Installing: /home/jacob/offb/offboard_ladder/install/px4_ros_com/local/lib/python3.10/dist-packages/px4_ros_com-0.1.0-py3.10.egg-info/top_level.txt
[0.408s] -- Installing: /home/jacob/offb/offboard_ladder/install/px4_ros_com/local/lib/python3.10/dist-packages/px4_ros_com-0.1.0-py3.10.egg-info/dependency_links.txt
[0.408s] -- Installing: /home/jacob/offb/offboard_ladder/install/px4_ros_com/local/lib/python3.10/dist-packages/px4_ros_com-0.1.0-py3.10.egg-info/PKG-INFO
[0.408s] -- Up-to-date: /home/jacob/offb/offboard_ladder/install/px4_ros_com/local/lib/python3.10/dist-packages/px4_ros_com
[0.408s] -- Up-to-date: /home/jacob/offb/offboard_ladder/install/px4_ros_com/local/lib/python3.10/dist-packages/px4_ros_com/module_to_import.py
[0.408s] -- Up-to-date: /home/jacob/offb/offboard_ladder/install/px4_ros_com/local/lib/python3.10/dist-packages/px4_ros_com/__init__.py
[0.442s] Listing '/home/jacob/offb/offboard_ladder/install/px4_ros_com/local/lib/python3.10/dist-packages/px4_ros_com'...
[0.447s] -- Up-to-date: /home/jacob/offb/offboard_ladder/install/px4_ros_com/lib/px4_ros_com/offboard_control.py
[0.447s] -- Up-to-date: /home/jacob/offb/offboard_ladder/install/px4_ros_com/share/ament_index/resource_index/package_run_dependencies/px4_ros_com
[0.447s] -- Up-to-date: /home/jacob/offb/offboard_ladder/install/px4_ros_com/share/ament_index/resource_index/parent_prefix_path/px4_ros_com
[0.447s] -- Up-to-date: /home/jacob/offb/offboard_ladder/install/px4_ros_com/share/px4_ros_com/environment/ament_prefix_path.sh
[0.447s] -- Up-to-date: /home/jacob/offb/offboard_ladder/install/px4_ros_com/share/px4_ros_com/environment/ament_prefix_path.dsv
[0.447s] -- Up-to-date: /home/jacob/offb/offboard_ladder/install/px4_ros_com/share/px4_ros_com/environment/path.sh
[0.448s] -- Up-to-date: /home/jacob/offb/offboard_ladder/install/px4_ros_com/share/px4_ros_com/environment/path.dsv
[0.448s] -- Up-to-date: /home/jacob/offb/offboard_ladder/install/px4_ros_com/share/px4_ros_com/local_setup.bash
[0.448s] -- Up-to-date: /home/jacob/offb/offboard_ladder/install/px4_ros_com/share/px4_ros_com/local_setup.sh
[0.448s] -- Up-to-date: /home/jacob/offb/offboard_ladder/install/px4_ros_com/share/px4_ros_com/local_setup.zsh
[0.448s] -- Up-to-date: /home/jacob/offb/offboard_ladder/install/px4_ros_com/share/px4_ros_com/local_setup.dsv
[0.448s] -- Installing: /home/jacob/offb/offboard_ladder/install/px4_ros_com/share/px4_ros_com/package.dsv
[0.448s] -- Up-to-date: /home/jacob/offb/offboard_ladder/install/px4_ros_com/share/ament_index/resource_index/packages/px4_ros_com
[0.448s] -- Up-to-date: /home/jacob/offb/offboard_ladder/install/px4_ros_com/share/px4_ros_com/cmake/export_frame_transformsExport.cmake
[0.448s] -- Up-to-date: /home/jacob/offb/offboard_ladder/install/px4_ros_com/share/px4_ros_com/cmake/export_frame_transformsExport-noconfig.cmake
[0.448s] -- Up-to-date: /home/jacob/offb/offboard_ladder/install/px4_ros_com/share/px4_ros_com/cmake/ament_cmake_export_dependencies-extras.cmake
[0.448s] -- Up-to-date: /home/jacob/offb/offboard_ladder/install/px4_ros_com/share/px4_ros_com/cmake/ament_cmake_export_targets-extras.cmake
[0.448s] -- Up-to-date: /home/jacob/offb/offboard_ladder/install/px4_ros_com/share/px4_ros_com/cmake/ament_cmake_export_include_directories-extras.cmake
[0.448s] -- Up-to-date: /home/jacob/offb/offboard_ladder/install/px4_ros_com/share/px4_ros_com/cmake/ament_cmake_export_libraries-extras.cmake
[0.448s] -- Up-to-date: /home/jacob/offb/offboard_ladder/install/px4_ros_com/share/px4_ros_com/cmake/px4_ros_comConfig.cmake
[0.448s] -- Up-to-date: /home/jacob/offb/offboard_ladder/install/px4_ros_com/share/px4_ros_com/cmake/px4_ros_comConfig-version.cmake
[0.449s] -- Up-to-date: /home/jacob/offb/offboard_ladder/install/px4_ros_com/share/px4_ros_com/package.xml
[0.450s] Invoked command in '/home/jacob/offb/offboard_ladder/build/px4_ros_com' returned '0': CMAKE_PREFIX_PATH=/home/jacob/offb/offboard_ladder/install/px4_msgs:/home/jacob/offb/offboard_ladder/install/vision_opencv:/home/jacob/offb/offboard_ladder/install/px4_ros_com:/home/jacob/offb/offboard_ladder/install/aruco_tracker:/home/jacob/offb/offboard_ladder/install/image_geometry:/home/jacob/offb/offboard_ladder/install/cv_bridge:/home/jacob/offb/offboard_ladder/install/px4_offboard:/home/jacob/offb/offboard_ladder/install/opencv_tests:/opt/ros/humble LD_LIBRARY_PATH=/home/jacob/offb/offboard_ladder/install/px4_msgs/lib:/home/jacob/offb/offboard_ladder/install/px4_ros_com/lib:/home/jacob/offb/offboard_ladder/install/image_geometry/lib:/home/jacob/offb/offboard_ladder/install/cv_bridge/lib:/opt/ros/humble/opt/rviz_ogre_vendor/lib:/opt/ros/humble/lib/x86_64-linux-gnu:/opt/ros/humble/lib /usr/bin/cmake --install /home/jacob/offb/offboard_ladder/build/px4_ros_com
