[0.016s] Invoking command in '/home/jacob/offb/offboard_ladder/build/cv_bridge': CMAKE_PREFIX_PATH=/opt/ros/humble /usr/bin/cmake --build /home/jacob/offb/offboard_ladder/build/cv_bridge -- -j12 -l12
[0.085s] [ 33%] Built target cv_bridge
[0.085s] [ 27%] Built target gtest
[0.085s] [ 44%] Built target gtest_main
[0.086s] [ 44%] Built target ament_cmake_python_copy_cv_bridge
[0.109s] [ 83%] Built target cv_bridge-utest
[0.112s] [100%] Built target cv_bridge_boost
[0.305s] running egg_info
[0.324s] writing cv_bridge.egg-info/PKG-INFO
[0.324s] writing dependency_links to cv_bridge.egg-info/dependency_links.txt
[0.325s] writing top-level names to cv_bridge.egg-info/top_level.txt
[0.378s] reading manifest file 'cv_bridge.egg-info/SOURCES.txt'
[0.379s] writing manifest file 'cv_bridge.egg-info/SOURCES.txt'
[0.414s] [100%] Built target ament_cmake_python_build_cv_bridge_egg
[0.423s] Invoked command in '/home/jacob/offb/offboard_ladder/build/cv_bridge' returned '0': CMAKE_PREFIX_PATH=/opt/ros/humble /usr/bin/cmake --build /home/jacob/offb/offboard_ladder/build/cv_bridge -- -j12 -l12
[0.425s] Invoking command in '/home/jacob/offb/offboard_ladder/build/cv_bridge': CMAKE_PREFIX_PATH=/opt/ros/humble /usr/bin/cmake --install /home/jacob/offb/offboard_ladder/build/cv_bridge
[0.432s] -- Install configuration: ""
[0.432s] -- Up-to-date: /home/jacob/offb/offboard_ladder/install/cv_bridge/share/cv_bridge/environment/pythonpath.sh
[0.432s] -- Up-to-date: /home/jacob/offb/offboard_ladder/install/cv_bridge/share/cv_bridge/environment/pythonpath.dsv
[0.433s] -- Up-to-date: /home/jacob/offb/offboard_ladder/install/cv_bridge/local/lib/python3.10/dist-packages/cv_bridge-4.1.0-py3.10.egg-info
[0.433s] -- Installing: /home/jacob/offb/offboard_ladder/install/cv_bridge/local/lib/python3.10/dist-packages/cv_bridge-4.1.0-py3.10.egg-info/SOURCES.txt
[0.433s] -- Installing: /home/jacob/offb/offboard_ladder/install/cv_bridge/local/lib/python3.10/dist-packages/cv_bridge-4.1.0-py3.10.egg-info/top_level.txt
[0.433s] -- Installing: /home/jacob/offb/offboard_ladder/install/cv_bridge/local/lib/python3.10/dist-packages/cv_bridge-4.1.0-py3.10.egg-info/dependency_links.txt
[0.433s] -- Installing: /home/jacob/offb/offboard_ladder/install/cv_bridge/local/lib/python3.10/dist-packages/cv_bridge-4.1.0-py3.10.egg-info/PKG-INFO
[0.433s] -- Up-to-date: /home/jacob/offb/offboard_ladder/install/cv_bridge/local/lib/python3.10/dist-packages/cv_bridge
[0.433s] -- Up-to-date: /home/jacob/offb/offboard_ladder/install/cv_bridge/local/lib/python3.10/dist-packages/cv_bridge/core.py
[0.433s] -- Up-to-date: /home/jacob/offb/offboard_ladder/install/cv_bridge/local/lib/python3.10/dist-packages/cv_bridge/__init__.py
[0.466s] Listing '/home/jacob/offb/offboard_ladder/install/cv_bridge/local/lib/python3.10/dist-packages/cv_bridge'...
[0.466s] Listing '/home/jacob/offb/offboard_ladder/install/cv_bridge/local/lib/python3.10/dist-packages/cv_bridge/boost'...
[0.472s] -- Up-to-date: /home/jacob/offb/offboard_ladder/install/cv_bridge/lib/libcv_bridge.so
[0.473s] -- Up-to-date: /home/jacob/offb/offboard_ladder/install/cv_bridge/include/cv_bridge/cv_bridge/cv_bridge_export.h
[0.473s] -- Up-to-date: /home/jacob/offb/offboard_ladder/install/cv_bridge/local/lib/python3.10/dist-packages/cv_bridge/boost/cv_bridge_boost.so
[0.473s] -- Up-to-date: /home/jacob/offb/offboard_ladder/install/cv_bridge/include/cv_bridge
[0.473s] -- Up-to-date: /home/jacob/offb/offboard_ladder/install/cv_bridge/include/cv_bridge/cv_bridge
[0.474s] -- Up-to-date: /home/jacob/offb/offboard_ladder/install/cv_bridge/include/cv_bridge/cv_bridge/rgb_colors.hpp
[0.474s] -- Up-to-date: /home/jacob/offb/offboard_ladder/install/cv_bridge/include/cv_bridge/cv_bridge/visibility_control.h
[0.474s] -- Up-to-date: /home/jacob/offb/offboard_ladder/install/cv_bridge/include/cv_bridge/cv_bridge/cv_mat_sensor_msgs_image_type_adapter.hpp
[0.474s] -- Up-to-date: /home/jacob/offb/offboard_ladder/install/cv_bridge/include/cv_bridge/cv_bridge/cv_bridge.hpp
[0.474s] -- Up-to-date: /home/jacob/offb/offboard_ladder/install/cv_bridge/lib/libcv_bridge.so
[0.474s] -- Up-to-date: /home/jacob/offb/offboard_ladder/install/cv_bridge/share/ament_index/resource_index/package_run_dependencies/cv_bridge
[0.474s] -- Up-to-date: /home/jacob/offb/offboard_ladder/install/cv_bridge/share/ament_index/resource_index/parent_prefix_path/cv_bridge
[0.474s] -- Up-to-date: /home/jacob/offb/offboard_ladder/install/cv_bridge/share/cv_bridge/environment/ament_prefix_path.sh
[0.474s] -- Up-to-date: /home/jacob/offb/offboard_ladder/install/cv_bridge/share/cv_bridge/environment/ament_prefix_path.dsv
[0.474s] -- Up-to-date: /home/jacob/offb/offboard_ladder/install/cv_bridge/share/cv_bridge/environment/path.sh
[0.474s] -- Up-to-date: /home/jacob/offb/offboard_ladder/install/cv_bridge/share/cv_bridge/environment/path.dsv
[0.474s] -- Up-to-date: /home/jacob/offb/offboard_ladder/install/cv_bridge/share/cv_bridge/local_setup.bash
[0.474s] -- Up-to-date: /home/jacob/offb/offboard_ladder/install/cv_bridge/share/cv_bridge/local_setup.sh
[0.474s] -- Up-to-date: /home/jacob/offb/offboard_ladder/install/cv_bridge/share/cv_bridge/local_setup.zsh
[0.475s] -- Up-to-date: /home/jacob/offb/offboard_ladder/install/cv_bridge/share/cv_bridge/local_setup.dsv
[0.475s] -- Installing: /home/jacob/offb/offboard_ladder/install/cv_bridge/share/cv_bridge/package.dsv
[0.475s] -- Up-to-date: /home/jacob/offb/offboard_ladder/install/cv_bridge/share/ament_index/resource_index/packages/cv_bridge
[0.475s] -- Up-to-date: /home/jacob/offb/offboard_ladder/install/cv_bridge/share/cv_bridge/cmake/export_cv_bridgeExport.cmake
[0.476s] -- Up-to-date: /home/jacob/offb/offboard_ladder/install/cv_bridge/share/cv_bridge/cmake/export_cv_bridgeExport-noconfig.cmake
[0.476s] -- Up-to-date: /home/jacob/offb/offboard_ladder/install/cv_bridge/share/cv_bridge/cmake/cv_bridge-extras.cmake
[0.476s] -- Up-to-date: /home/jacob/offb/offboard_ladder/install/cv_bridge/share/cv_bridge/cmake/ament_cmake_export_dependencies-extras.cmake
[0.476s] -- Up-to-date: /home/jacob/offb/offboard_ladder/install/cv_bridge/share/cv_bridge/cmake/ament_cmake_export_targets-extras.cmake
[0.476s] -- Up-to-date: /home/jacob/offb/offboard_ladder/install/cv_bridge/share/cv_bridge/cmake/cv_bridgeConfig.cmake
[0.477s] -- Up-to-date: /home/jacob/offb/offboard_ladder/install/cv_bridge/share/cv_bridge/cmake/cv_bridgeConfig-version.cmake
[0.477s] -- Up-to-date: /home/jacob/offb/offboard_ladder/install/cv_bridge/share/cv_bridge/package.xml
[0.494s] Invoked command in '/home/jacob/offb/offboard_ladder/build/cv_bridge' returned '0': CMAKE_PREFIX_PATH=/opt/ros/humble /usr/bin/cmake --install /home/jacob/offb/offboard_ladder/build/cv_bridge
