[0.778s] Invoking command in '/home/jacob/offb/offboard_ladder/src/px4_offboard': CMAKE_PREFIX_PATH=/home/jacob/offb/offboard_ladder/install/px4_msgs:/home/jacob/offb/offboard_ladder/install/vision_opencv:/home/jacob/offb/offboard_ladder/install/px4_ros_com:/home/jacob/offb/offboard_ladder/install/aruco_tracker:/home/jacob/offb/offboard_ladder/install/image_geometry:/home/jacob/offb/offboard_ladder/install/cv_bridge LD_LIBRARY_PATH=/home/jacob/offb/offboard_ladder/install/px4_msgs/lib:/home/jacob/offb/offboard_ladder/install/px4_ros_com/lib:/home/jacob/offb/offboard_ladder/install/image_geometry/lib:/home/jacob/offb/offboard_ladder/install/cv_bridge/lib:/opt/ros/humble/opt/rviz_ogre_vendor/lib:/opt/ros/humble/lib/x86_64-linux-gnu:/opt/ros/humble/lib PYTHONPATH=/home/jacob/offb/offboard_ladder/build/px4_offboard/prefix_override:/usr/lib/python3/dist-packages/colcon_core/task/python/colcon_distutils_commands:/home/jacob/offb/offboard_ladder/install/px4_offboard/lib/python3.10/site-packages:${PYTHONPATH} /usr/bin/python3 -W ignore:setup.py install is deprecated -W ignore:easy_install command is deprecated setup.py egg_info --egg-base ../../build/px4_offboard build --build-base /home/jacob/offb/offboard_ladder/build/px4_offboard/build install --record /home/jacob/offb/offboard_ladder/build/px4_offboard/install.log --single-version-externally-managed install_data
[0.966s] /home/jacob/.local/lib/python3.10/site-packages/setuptools/_distutils/dist.py:289: UserWarning: Unknown distribution option: 'tests_require'
[0.966s]   warnings.warn(msg)
[1.077s] running egg_info
[1.096s] writing ../../build/px4_offboard/px4_offboard.egg-info/PKG-INFO
[1.096s] writing dependency_links to ../../build/px4_offboard/px4_offboard.egg-info/dependency_links.txt
[1.096s] writing entry points to ../../build/px4_offboard/px4_offboard.egg-info/entry_points.txt
[1.096s] writing requirements to ../../build/px4_offboard/px4_offboard.egg-info/requires.txt
[1.097s] writing top-level names to ../../build/px4_offboard/px4_offboard.egg-info/top_level.txt
[1.134s] reading manifest file '../../build/px4_offboard/px4_offboard.egg-info/SOURCES.txt'
[1.135s] writing manifest file '../../build/px4_offboard/px4_offboard.egg-info/SOURCES.txt'
[1.136s] running build
[1.136s] running build_py
[1.136s] copying px4_offboard/circle_offboard_mode.py -> /home/jacob/offb/offboard_ladder/build/px4_offboard/build/lib/px4_offboard
[1.136s] copying px4_offboard/offboard_ship_land.py -> /home/jacob/offb/offboard_ladder/build/px4_offboard/build/lib/px4_offboard
[1.136s] copying px4_offboard/velocity_control.py -> /home/jacob/offb/offboard_ladder/build/px4_offboard/build/lib/px4_offboard
[1.136s] copying px4_offboard/offboard_control.py -> /home/jacob/offb/offboard_ladder/build/px4_offboard/build/lib/px4_offboard
[1.137s] copying px4_offboard/codex_test.py -> /home/jacob/offb/offboard_ladder/build/px4_offboard/build/lib/px4_offboard
[1.137s] copying px4_offboard/__init__.py -> /home/jacob/offb/offboard_ladder/build/px4_offboard/build/lib/px4_offboard
[1.137s] copying px4_offboard/control.py -> /home/jacob/offb/offboard_ladder/build/px4_offboard/build/lib/px4_offboard
[1.137s] copying px4_offboard/offboard_figure8_node.py -> /home/jacob/offb/offboard_ladder/build/px4_offboard/build/lib/px4_offboard
[1.137s] running install
[1.142s] running install_lib
[1.162s] running install_data
[1.162s] copying resource/px4_offboard -> /home/jacob/offb/offboard_ladder/install/px4_offboard/share/ament_index/resource_index/packages
[1.162s] copying package.xml -> /home/jacob/offb/offboard_ladder/install/px4_offboard/share/px4_offboard
[1.162s] copying launch/velocity_control.launch.py -> /home/jacob/offb/offboard_ladder/install/px4_offboard/share/px4_offboard
[1.162s] running install_egg_info
[1.181s] removing '/home/jacob/offb/offboard_ladder/install/px4_offboard/lib/python3.10/site-packages/px4_offboard-0.0.0-py3.10.egg-info' (and everything under it)
[1.181s] Copying ../../build/px4_offboard/px4_offboard.egg-info to /home/jacob/offb/offboard_ladder/install/px4_offboard/lib/python3.10/site-packages/px4_offboard-0.0.0-py3.10.egg-info
[1.182s] running install_scripts
[1.221s] Installing circle_offboard script to /home/jacob/offb/offboard_ladder/install/px4_offboard/lib/px4_offboard
[1.221s] Installing codex_test script to /home/jacob/offb/offboard_ladder/install/px4_offboard/lib/px4_offboard
[1.221s] Installing control script to /home/jacob/offb/offboard_ladder/install/px4_offboard/lib/px4_offboard
[1.221s] Installing offboard_control script to /home/jacob/offb/offboard_ladder/install/px4_offboard/lib/px4_offboard
[1.221s] Installing offboard_figure8 script to /home/jacob/offb/offboard_ladder/install/px4_offboard/lib/px4_offboard
[1.221s] Installing offboard_ship_land script to /home/jacob/offb/offboard_ladder/install/px4_offboard/lib/px4_offboard
[1.222s] Installing velocity_control script to /home/jacob/offb/offboard_ladder/install/px4_offboard/lib/px4_offboard
[1.222s] writing list of installed files to '/home/jacob/offb/offboard_ladder/build/px4_offboard/install.log'
[1.246s] Invoked command in '/home/jacob/offb/offboard_ladder/src/px4_offboard' returned '0': CMAKE_PREFIX_PATH=/home/jacob/offb/offboard_ladder/install/px4_msgs:/home/jacob/offb/offboard_ladder/install/vision_opencv:/home/jacob/offb/offboard_ladder/install/px4_ros_com:/home/jacob/offb/offboard_ladder/install/aruco_tracker:/home/jacob/offb/offboard_ladder/install/image_geometry:/home/jacob/offb/offboard_ladder/install/cv_bridge LD_LIBRARY_PATH=/home/jacob/offb/offboard_ladder/install/px4_msgs/lib:/home/jacob/offb/offboard_ladder/install/px4_ros_com/lib:/home/jacob/offb/offboard_ladder/install/image_geometry/lib:/home/jacob/offb/offboard_ladder/install/cv_bridge/lib:/opt/ros/humble/opt/rviz_ogre_vendor/lib:/opt/ros/humble/lib/x86_64-linux-gnu:/opt/ros/humble/lib PYTHONPATH=/home/jacob/offb/offboard_ladder/build/px4_offboard/prefix_override:/usr/lib/python3/dist-packages/colcon_core/task/python/colcon_distutils_commands:/home/jacob/offb/offboard_ladder/install/px4_offboard/lib/python3.10/site-packages:${PYTHONPATH} /usr/bin/python3 -W ignore:setup.py install is deprecated -W ignore:easy_install command is deprecated setup.py egg_info --egg-base ../../build/px4_offboard build --build-base /home/jacob/offb/offboard_ladder/build/px4_offboard/build install --record /home/jacob/offb/offboard_ladder/build/px4_offboard/install.log --single-version-externally-managed install_data
