Traceback (most recent call last):
Traceback (most recent call last):
  File "/opt/ros/humble/share/rosidl_generator_c/cmake/../../../lib/rosidl_generator_c/rosidl_generator_c", line 38, in <module>
  File "/opt/ros/humble/share/rosidl_generator_cpp/cmake/../../../lib/rosidl_generator_cpp/rosidl_generator_cpp", line 38, in <module>
    sys.exit(main())
    sys.exit(main())
  File "/opt/ros/humble/share/rosidl_generator_c/cmake/../../../lib/rosidl_generator_c/rosidl_generator_c", line 34, in main
  File "/opt/ros/humble/share/rosidl_generator_cpp/cmake/../../../lib/rosidl_generator_cpp/rosidl_generator_cpp", line 34, in main
    generate_c(args.generator_arguments_file)
    generate_cpp(args.generator_arguments_file)
  File "/opt/ros/humble/local/lib/python3.10/dist-packages/rosidl_generator_c/__init__.py", line 37, in generate_c
  File "/opt/ros/humble/local/lib/python3.10/dist-packages/rosidl_generator_cpp/__init__.py", line 39, in generate_cpp
    return generate_files(
    return generate_files(
  File "/opt/ros/humble/local/lib/python3.10/dist-packages/rosidl_cmake/__init__.py", line 74, in generate_files
  File "/opt/ros/humble/local/lib/python3.10/dist-packages/rosidl_cmake/__init__.py", line 74, in generate_files
gmake[2]: *** Deleting file 'rosidl_generator_cpp/px4_msgs/msg/ackermann_velocity_setpoint.hpp'
gmake[2]: *** Deleting file 'rosidl_generator_c/px4_msgs/msg/ackermann_velocity_setpoint.h'
    idl_file = parse_idl_file(locator)
    idl_file = parse_idl_file(locator)
  File "/opt/ros/humble/local/lib/python3.10/dist-packages/rosidl_parser/parser.py", line 64, in parse_idl_file
  File "/opt/ros/humble/local/lib/python3.10/dist-packages/rosidl_parser/parser.py", line 64, in parse_idl_file
    content = parse_idl_string(string, png_file=png_file)
    content = parse_idl_string(string, png_file=png_file)
  File "/opt/ros/humble/local/lib/python3.10/dist-packages/rosidl_parser/parser.py", line 72, in parse_idl_string
  File "/opt/ros/humble/local/lib/python3.10/dist-packages/rosidl_parser/parser.py", line 72, in parse_idl_string
    tree = get_ast_from_idl_string(idl_string)
  File "/opt/ros/humble/local/lib/python3.10/dist-packages/rosidl_parser/parser.py", line 89, in get_ast_from_idl_string
    tree = get_ast_from_idl_string(idl_string)
  File "/opt/ros/humble/local/lib/python3.10/dist-packages/rosidl_parser/parser.py", line 89, in get_ast_from_idl_string
    return _parser.parse(idl_string)
  File "/home/jacob/.local/lib/python3.10/site-packages/lark/lark.py", line 655, in parse
    return _parser.parse(idl_string)
  File "/home/jacob/.local/lib/python3.10/site-packages/lark/lark.py", line 655, in parse
    return self.parser.parse(text, start=start, on_error=on_error)
  File "/home/jacob/.local/lib/python3.10/site-packages/lark/parser_frontends.py", line 104, in parse
    return self.parser.parse(text, start=start, on_error=on_error)
    return self.parser.parse(stream, chosen_start, **kw)
  File "/home/jacob/.local/lib/python3.10/site-packages/lark/parser_frontends.py", line 104, in parse
  File "/home/jacob/.local/lib/python3.10/site-packages/lark/parsers/earley.py", line 280, in parse
    return self.parser.parse(stream, chosen_start, **kw)
  File "/home/jacob/.local/lib/python3.10/site-packages/lark/parsers/earley.py", line 280, in parse
    to_scan = self._parse(lexer, columns, to_scan, start_symbol)
  File "/home/jacob/.local/lib/python3.10/site-packages/lark/parsers/xearley.py", line 150, in _parse
    self.predict_and_complete(i, to_scan, columns, transitives)
    to_scan = self._parse(lexer, columns, to_scan, start_symbol)
  File "/home/jacob/.local/lib/python3.10/site-packages/lark/parsers/earley.py", line 165, in predict_and_complete
  File "/home/jacob/.local/lib/python3.10/site-packages/lark/parsers/xearley.py", line 150, in _parse
    if new_item.expect in self.TERMINALS:
  File "/home/jacob/.local/lib/python3.10/site-packages/lark/grammar.py", line 25, in __hash__
    self.predict_and_complete(i, to_scan, columns, transitives)
  File "/home/jacob/.local/lib/python3.10/site-packages/lark/parsers/earley.py", line 153, in predict_and_complete
    def __hash__(self):
KeyboardInterrupt
    new_item = Item(rule, 0, i)
  File "/home/jacob/.local/lib/python3.10/site-packages/lark/parsers/earley_common.py", line 9, in __init__
    def __init__(self, rule, ptr, start):
KeyboardInterrupt
gmake[2]: *** [CMakeFiles/px4_msgs__rosidl_generator_c.dir/build.make:315: rosidl_generator_c/px4_msgs/msg/ackermann_velocity_setpoint.h] Interrupt
gmake[1]: *** [CMakeFiles/Makefile2:212: CMakeFiles/px4_msgs__rosidl_generator_c.dir/all] Interrupt
gmake[2]: *** [CMakeFiles/px4_msgs__cpp.dir/build.make:1451: rosidl_generator_cpp/px4_msgs/msg/ackermann_velocity_setpoint.hpp] Interrupt
gmake[1]: *** [CMakeFiles/Makefile2:265: CMakeFiles/px4_msgs__cpp.dir/all] Interrupt
gmake: *** [Makefile:146: all] Interrupt
