/home/jacob/offb/offboard_ladder/install/px4_offboard/lib/python3.10/site-packages/px4_offboard/circle_offboard_mode.py
/home/jacob/offb/offboard_ladder/install/px4_offboard/lib/python3.10/site-packages/px4_offboard/offboard_ship_land.py
/home/jacob/offb/offboard_ladder/install/px4_offboard/lib/python3.10/site-packages/px4_offboard/velocity_control.py
/home/jacob/offb/offboard_ladder/install/px4_offboard/lib/python3.10/site-packages/px4_offboard/offboard_control.py
/home/jacob/offb/offboard_ladder/install/px4_offboard/lib/python3.10/site-packages/px4_offboard/codex_test.py
/home/jacob/offb/offboard_ladder/install/px4_offboard/lib/python3.10/site-packages/px4_offboard/__init__.py
/home/jacob/offb/offboard_ladder/install/px4_offboard/lib/python3.10/site-packages/px4_offboard/control.py
/home/jacob/offb/offboard_ladder/install/px4_offboard/lib/python3.10/site-packages/px4_offboard/offboard_figure8_node.py
/home/jacob/offb/offboard_ladder/install/px4_offboard/lib/python3.10/site-packages/px4_offboard/__pycache__/circle_offboard_mode.cpython-310.pyc
/home/jacob/offb/offboard_ladder/install/px4_offboard/lib/python3.10/site-packages/px4_offboard/__pycache__/offboard_ship_land.cpython-310.pyc
/home/jacob/offb/offboard_ladder/install/px4_offboard/lib/python3.10/site-packages/px4_offboard/__pycache__/velocity_control.cpython-310.pyc
/home/jacob/offb/offboard_ladder/install/px4_offboard/lib/python3.10/site-packages/px4_offboard/__pycache__/offboard_control.cpython-310.pyc
/home/jacob/offb/offboard_ladder/install/px4_offboard/lib/python3.10/site-packages/px4_offboard/__pycache__/codex_test.cpython-310.pyc
/home/jacob/offb/offboard_ladder/install/px4_offboard/lib/python3.10/site-packages/px4_offboard/__pycache__/__init__.cpython-310.pyc
/home/jacob/offb/offboard_ladder/install/px4_offboard/lib/python3.10/site-packages/px4_offboard/__pycache__/control.cpython-310.pyc
/home/jacob/offb/offboard_ladder/install/px4_offboard/lib/python3.10/site-packages/px4_offboard/__pycache__/offboard_figure8_node.cpython-310.pyc
/home/jacob/offb/offboard_ladder/install/px4_offboard/share/ament_index/resource_index/packages/px4_offboard
/home/jacob/offb/offboard_ladder/install/px4_offboard/share/px4_offboard/package.xml
/home/jacob/offb/offboard_ladder/install/px4_offboard/share/px4_offboard/velocity_control.launch.py
/home/jacob/offb/offboard_ladder/install/px4_offboard/lib/python3.10/site-packages/px4_offboard-0.0.0-py3.10.egg-info/zip-safe
/home/jacob/offb/offboard_ladder/install/px4_offboard/lib/python3.10/site-packages/px4_offboard-0.0.0-py3.10.egg-info/SOURCES.txt
/home/jacob/offb/offboard_ladder/install/px4_offboard/lib/python3.10/site-packages/px4_offboard-0.0.0-py3.10.egg-info/entry_points.txt
/home/jacob/offb/offboard_ladder/install/px4_offboard/lib/python3.10/site-packages/px4_offboard-0.0.0-py3.10.egg-info/top_level.txt
/home/jacob/offb/offboard_ladder/install/px4_offboard/lib/python3.10/site-packages/px4_offboard-0.0.0-py3.10.egg-info/dependency_links.txt
/home/jacob/offb/offboard_ladder/install/px4_offboard/lib/python3.10/site-packages/px4_offboard-0.0.0-py3.10.egg-info/PKG-INFO
/home/jacob/offb/offboard_ladder/install/px4_offboard/lib/python3.10/site-packages/px4_offboard-0.0.0-py3.10.egg-info/requires.txt
/home/jacob/offb/offboard_ladder/install/px4_offboard/lib/px4_offboard/circle_offboard
/home/jacob/offb/offboard_ladder/install/px4_offboard/lib/px4_offboard/codex_test
/home/jacob/offb/offboard_ladder/install/px4_offboard/lib/px4_offboard/control
/home/jacob/offb/offboard_ladder/install/px4_offboard/lib/px4_offboard/offboard_control
/home/jacob/offb/offboard_ladder/install/px4_offboard/lib/px4_offboard/offboard_figure8
/home/jacob/offb/offboard_ladder/install/px4_offboard/lib/px4_offboard/offboard_ship_land
/home/jacob/offb/offboard_ladder/install/px4_offboard/lib/px4_offboard/velocity_control
