[0.010s] Invoking command in '/home/jacob/offb/offboard_ladder/build/cv_bridge': CMAKE_PREFIX_PATH=/opt/ros/humble /usr/bin/cmake /home/jacob/offb/offboard_ladder/src/vision_opencv/cv_bridge -DCMAKE_INSTALL_PREFIX=/home/jacob/offb/offboard_ladder/install/cv_bridge
[0.085s] -- The C compiler identification is GNU 11.4.0
[0.149s] -- The CXX compiler identification is GNU 11.4.0
[0.154s] -- Detecting C compiler ABI info
[0.208s] -- Detecting C compiler ABI info - done
[0.212s] -- Check for working C compiler: /usr/bin/cc - skipped
[0.212s] -- Detecting C compile features
[0.212s] -- Detecting C compile features - done
[0.214s] -- Detecting CXX compiler ABI info
[0.278s] -- Detecting CXX compiler ABI info - done
[0.285s] -- Check for working CXX compiler: /usr/bin/c++ - skipped
[0.285s] -- Detecting CXX compile features
[0.285s] -- Detecting CXX compile features - done
[0.287s] -- Found ament_cmake_ros: 0.10.0 (/opt/ros/humble/share/ament_cmake_ros/cmake)
[0.607s] -- Found Python3: /usr/bin/python3 (found version "3.10.12") found components: Interpreter 
[1.629s] -- Found Python3: /usr/include/python3.10 (found version "3.10.12") found components: Development NumPy Interpreter Development.Module Development.Embed 
[1.647s] -- Found Boost: /usr/lib/x86_64-linux-gnu/cmake/Boost-1.74.0/BoostConfig.cmake (found version "1.74.0") found components: python310 
[1.649s] -- Found rclcpp: 16.0.12 (/opt/ros/humble/share/rclcpp/cmake)
[1.686s] -- Found rosidl_generator_c: 3.1.6 (/opt/ros/humble/share/rosidl_generator_c/cmake)
[1.691s] -- Found rosidl_adapter: 3.1.6 (/opt/ros/humble/share/rosidl_adapter/cmake)
[1.699s] -- Found rosidl_generator_cpp: 3.1.6 (/opt/ros/humble/share/rosidl_generator_cpp/cmake)
[1.710s] -- Using all available rosidl_typesupport_c: rosidl_typesupport_fastrtps_c;rosidl_typesupport_introspection_c
[1.728s] -- Using all available rosidl_typesupport_cpp: rosidl_typesupport_fastrtps_cpp;rosidl_typesupport_introspection_cpp
[1.777s] -- Found rmw_implementation_cmake: 6.1.2 (/opt/ros/humble/share/rmw_implementation_cmake/cmake)
[1.780s] -- Found rmw_fastrtps_cpp: 6.2.7 (/opt/ros/humble/share/rmw_fastrtps_cpp/cmake)
[1.885s] -- Found OpenSSL: /usr/lib/x86_64-linux-gnu/libcrypto.so (found version "3.0.2")  
[1.908s] -- Found FastRTPS: /opt/ros/humble/include  
[1.947s] -- Using RMW implementation 'rmw_fastrtps_cpp' as default
[1.955s] -- Looking for pthread.h
[2.030s] -- Looking for pthread.h - found
[2.031s] -- Performing Test CMAKE_HAVE_LIBC_PTHREAD
[2.105s] -- Performing Test CMAKE_HAVE_LIBC_PTHREAD - Success
[2.105s] -- Found Threads: TRUE  
[2.176s] -- Found sensor_msgs: 4.9.0 (/opt/ros/humble/share/sensor_msgs/cmake)
[2.301s] -- Performing Test COMPILER_HAS_HIDDEN_VISIBILITY
[2.376s] -- Performing Test COMPILER_HAS_HIDDEN_VISIBILITY - Success
[2.377s] -- Performing Test COMPILER_HAS_HIDDEN_INLINE_VISIBILITY
[2.442s] -- Performing Test COMPILER_HAS_HIDDEN_INLINE_VISIBILITY - Success
[2.443s] -- Performing Test COMPILER_HAS_DEPRECATED_ATTR
[2.520s] -- Performing Test COMPILER_HAS_DEPRECATED_ATTR - Success
[2.524s] -- Found ament_lint_auto: 0.12.12 (/opt/ros/humble/share/ament_lint_auto/cmake)
[2.633s] -- Found gtest sources under '/opt/ros/humble/src/gtest_vendor': C++ tests using 'Google Test' will be built
[3.757s] -- Configuring done
[3.781s] -- Generating done
[3.789s] -- Build files have been written to: /home/jacob/offb/offboard_ladder/build/cv_bridge
[3.800s] Invoked command in '/home/jacob/offb/offboard_ladder/build/cv_bridge' returned '0': CMAKE_PREFIX_PATH=/opt/ros/humble /usr/bin/cmake /home/jacob/offb/offboard_ladder/src/vision_opencv/cv_bridge -DCMAKE_INSTALL_PREFIX=/home/jacob/offb/offboard_ladder/install/cv_bridge
[3.801s] Invoking command in '/home/jacob/offb/offboard_ladder/build/cv_bridge': CMAKE_PREFIX_PATH=/opt/ros/humble /usr/bin/cmake --build /home/jacob/offb/offboard_ladder/build/cv_bridge -- -j12 -l12
[3.843s] [  5%] [32mBuilding CXX object gtest/CMakeFiles/gtest_main.dir/src/gtest_main.cc.o[0m
[3.844s] [ 27%] [32mBuilding CXX object gtest/CMakeFiles/gtest.dir/src/gtest-all.cc.o[0m
[3.844s] [ 27%] [32mBuilding CXX object src/CMakeFiles/cv_bridge.dir/cv_bridge.cpp.o[0m
[3.844s] [ 27%] [32mBuilding CXX object src/CMakeFiles/cv_bridge.dir/cv_mat_sensor_msgs_image_type_adapter.cpp.o[0m
[3.845s] [ 27%] [32mBuilding CXX object src/CMakeFiles/cv_bridge.dir/rgb_colors.cpp.o[0m
[3.855s] [ 27%] Built target ament_cmake_python_copy_cv_bridge
[4.092s] running egg_info
[4.113s] creating cv_bridge.egg-info
[4.113s] writing cv_bridge.egg-info/PKG-INFO
[4.114s] writing dependency_links to cv_bridge.egg-info/dependency_links.txt
[4.114s] writing top-level names to cv_bridge.egg-info/top_level.txt
[4.114s] writing manifest file 'cv_bridge.egg-info/SOURCES.txt'
[4.175s] reading manifest file 'cv_bridge.egg-info/SOURCES.txt'
[4.177s] writing manifest file 'cv_bridge.egg-info/SOURCES.txt'
[4.214s] [ 27%] Built target ament_cmake_python_build_cv_bridge_egg
[4.829s] [ 33%] [32m[1mLinking CXX static library libgtest_main.a[0m
[4.881s] [ 33%] Built target gtest_main
[6.353s] [ 38%] [32m[1mLinking CXX static library libgtest.a[0m
[6.411s] [ 38%] Built target gtest
[7.563s] [ 44%] [32m[1mLinking CXX shared library libcv_bridge.so[0m
[7.714s] [ 44%] Built target cv_bridge
[7.731s] [ 50%] [32mBuilding CXX object test/CMakeFiles/cv_bridge-utest.dir/test_compression.cpp.o[0m
[7.732s] [ 77%] [32mBuilding CXX object src/CMakeFiles/cv_bridge_boost.dir/module.cpp.o[0m
[7.732s] [ 77%] [32mBuilding CXX object src/CMakeFiles/cv_bridge_boost.dir/module_opencv4.cpp.o[0m
[7.732s] [ 77%] [32mBuilding CXX object test/CMakeFiles/cv_bridge-utest.dir/test_endian.cpp.o[0m
[7.732s] [ 77%] [32mBuilding CXX object test/CMakeFiles/cv_bridge-utest.dir/utest2.cpp.o[0m
[7.733s] [ 77%] [32mBuilding CXX object test/CMakeFiles/cv_bridge-utest.dir/utest.cpp.o[0m
[7.733s] [ 83%] [32mBuilding CXX object test/CMakeFiles/cv_bridge-utest.dir/test_dynamic_scaling.cpp.o[0m
[7.733s] [ 88%] [32mBuilding CXX object test/CMakeFiles/cv_bridge-utest.dir/test_rgb_colors.cpp.o[0m
[10.397s] [ 94%] [32m[1mLinking CXX executable cv_bridge-utest[0m
[10.567s] [ 94%] Built target cv_bridge-utest
[10.941s] [100%] [32m[1mLinking CXX shared module boost/cv_bridge_boost.so[0m
[11.057s] [100%] Built target cv_bridge_boost
[11.067s] Invoked command in '/home/jacob/offb/offboard_ladder/build/cv_bridge' returned '0': CMAKE_PREFIX_PATH=/opt/ros/humble /usr/bin/cmake --build /home/jacob/offb/offboard_ladder/build/cv_bridge -- -j12 -l12
[11.068s] Invoking command in '/home/jacob/offb/offboard_ladder/build/cv_bridge': CMAKE_PREFIX_PATH=/opt/ros/humble /usr/bin/cmake --install /home/jacob/offb/offboard_ladder/build/cv_bridge
[11.076s] -- Install configuration: ""
[11.076s] -- Installing: /home/jacob/offb/offboard_ladder/install/cv_bridge/share/cv_bridge/environment/pythonpath.sh
[11.076s] -- Installing: /home/jacob/offb/offboard_ladder/install/cv_bridge/share/cv_bridge/environment/pythonpath.dsv
[11.076s] -- Installing: /home/jacob/offb/offboard_ladder/install/cv_bridge/local/lib/python3.10/dist-packages/cv_bridge-4.1.0-py3.10.egg-info
[11.076s] -- Installing: /home/jacob/offb/offboard_ladder/install/cv_bridge/local/lib/python3.10/dist-packages/cv_bridge-4.1.0-py3.10.egg-info/SOURCES.txt
[11.077s] -- Installing: /home/jacob/offb/offboard_ladder/install/cv_bridge/local/lib/python3.10/dist-packages/cv_bridge-4.1.0-py3.10.egg-info/top_level.txt
[11.077s] -- Installing: /home/jacob/offb/offboard_ladder/install/cv_bridge/local/lib/python3.10/dist-packages/cv_bridge-4.1.0-py3.10.egg-info/dependency_links.txt
[11.077s] -- Installing: /home/jacob/offb/offboard_ladder/install/cv_bridge/local/lib/python3.10/dist-packages/cv_bridge-4.1.0-py3.10.egg-info/PKG-INFO
[11.077s] -- Installing: /home/jacob/offb/offboard_ladder/install/cv_bridge/local/lib/python3.10/dist-packages/cv_bridge
[11.077s] -- Installing: /home/jacob/offb/offboard_ladder/install/cv_bridge/local/lib/python3.10/dist-packages/cv_bridge/core.py
[11.077s] -- Installing: /home/jacob/offb/offboard_ladder/install/cv_bridge/local/lib/python3.10/dist-packages/cv_bridge/__init__.py
[11.102s] Listing '/home/jacob/offb/offboard_ladder/install/cv_bridge/local/lib/python3.10/dist-packages/cv_bridge'...
[11.102s] Compiling '/home/jacob/offb/offboard_ladder/install/cv_bridge/local/lib/python3.10/dist-packages/cv_bridge/__init__.py'...
[11.102s] Compiling '/home/jacob/offb/offboard_ladder/install/cv_bridge/local/lib/python3.10/dist-packages/cv_bridge/core.py'...
[11.105s] -- Installing: /home/jacob/offb/offboard_ladder/install/cv_bridge/lib/libcv_bridge.so
[11.106s] -- Set runtime path of "/home/jacob/offb/offboard_ladder/install/cv_bridge/lib/libcv_bridge.so" to ""
[11.106s] -- Installing: /home/jacob/offb/offboard_ladder/install/cv_bridge/include/cv_bridge/cv_bridge/cv_bridge_export.h
[11.107s] -- Installing: /home/jacob/offb/offboard_ladder/install/cv_bridge/local/lib/python3.10/dist-packages/cv_bridge/boost/cv_bridge_boost.so
[11.107s] -- Set runtime path of "/home/jacob/offb/offboard_ladder/install/cv_bridge/local/lib/python3.10/dist-packages/cv_bridge/boost/cv_bridge_boost.so" to ""
[11.107s] -- Up-to-date: /home/jacob/offb/offboard_ladder/install/cv_bridge/include/cv_bridge
[11.107s] -- Up-to-date: /home/jacob/offb/offboard_ladder/install/cv_bridge/include/cv_bridge/cv_bridge
[11.107s] -- Installing: /home/jacob/offb/offboard_ladder/install/cv_bridge/include/cv_bridge/cv_bridge/rgb_colors.hpp
[11.107s] -- Installing: /home/jacob/offb/offboard_ladder/install/cv_bridge/include/cv_bridge/cv_bridge/visibility_control.h
[11.107s] -- Installing: /home/jacob/offb/offboard_ladder/install/cv_bridge/include/cv_bridge/cv_bridge/cv_mat_sensor_msgs_image_type_adapter.hpp
[11.107s] -- Installing: /home/jacob/offb/offboard_ladder/install/cv_bridge/include/cv_bridge/cv_bridge/cv_bridge.hpp
[11.107s] -- Up-to-date: /home/jacob/offb/offboard_ladder/install/cv_bridge/lib/libcv_bridge.so
[11.107s] -- Installing: /home/jacob/offb/offboard_ladder/install/cv_bridge/share/ament_index/resource_index/package_run_dependencies/cv_bridge
[11.107s] -- Installing: /home/jacob/offb/offboard_ladder/install/cv_bridge/share/ament_index/resource_index/parent_prefix_path/cv_bridge
[11.108s] -- Installing: /home/jacob/offb/offboard_ladder/install/cv_bridge/share/cv_bridge/environment/ament_prefix_path.sh
[11.108s] -- Installing: /home/jacob/offb/offboard_ladder/install/cv_bridge/share/cv_bridge/environment/ament_prefix_path.dsv
[11.108s] -- Installing: /home/jacob/offb/offboard_ladder/install/cv_bridge/share/cv_bridge/environment/path.sh
[11.108s] -- Installing: /home/jacob/offb/offboard_ladder/install/cv_bridge/share/cv_bridge/environment/path.dsv
[11.108s] -- Installing: /home/jacob/offb/offboard_ladder/install/cv_bridge/share/cv_bridge/local_setup.bash
[11.108s] -- Installing: /home/jacob/offb/offboard_ladder/install/cv_bridge/share/cv_bridge/local_setup.sh
[11.108s] -- Installing: /home/jacob/offb/offboard_ladder/install/cv_bridge/share/cv_bridge/local_setup.zsh
[11.108s] -- Installing: /home/jacob/offb/offboard_ladder/install/cv_bridge/share/cv_bridge/local_setup.dsv
[11.108s] -- Installing: /home/jacob/offb/offboard_ladder/install/cv_bridge/share/cv_bridge/package.dsv
[11.108s] -- Installing: /home/jacob/offb/offboard_ladder/install/cv_bridge/share/ament_index/resource_index/packages/cv_bridge
[11.108s] -- Installing: /home/jacob/offb/offboard_ladder/install/cv_bridge/share/cv_bridge/cmake/export_cv_bridgeExport.cmake
[11.108s] -- Installing: /home/jacob/offb/offboard_ladder/install/cv_bridge/share/cv_bridge/cmake/export_cv_bridgeExport-noconfig.cmake
[11.108s] -- Installing: /home/jacob/offb/offboard_ladder/install/cv_bridge/share/cv_bridge/cmake/cv_bridge-extras.cmake
[11.108s] -- Installing: /home/jacob/offb/offboard_ladder/install/cv_bridge/share/cv_bridge/cmake/ament_cmake_export_dependencies-extras.cmake
[11.108s] -- Installing: /home/jacob/offb/offboard_ladder/install/cv_bridge/share/cv_bridge/cmake/ament_cmake_export_targets-extras.cmake
[11.108s] -- Installing: /home/jacob/offb/offboard_ladder/install/cv_bridge/share/cv_bridge/cmake/cv_bridgeConfig.cmake
[11.109s] -- Installing: /home/jacob/offb/offboard_ladder/install/cv_bridge/share/cv_bridge/cmake/cv_bridgeConfig-version.cmake
[11.109s] -- Installing: /home/jacob/offb/offboard_ladder/install/cv_bridge/share/cv_bridge/package.xml
[11.110s] Invoked command in '/home/jacob/offb/offboard_ladder/build/cv_bridge' returned '0': CMAKE_PREFIX_PATH=/opt/ros/humble /usr/bin/cmake --install /home/jacob/offb/offboard_ladder/build/cv_bridge
