[0.010s] Invoking command in '/home/jacob/offb/offboard_ladder/build/cv_bridge': CMAKE_PREFIX_PATH=${CMAKE_PREFIX_PATH}:/home/jacob/offb/offboard_ladder/install/px4_offboard:/home/jacob/offb/offboard_ladder/install/opencv_tests:/opt/ros/humble /usr/bin/cmake --build /home/jacob/offb/offboard_ladder/build/cv_bridge -- -j12 -l12
[0.051s] [ 22%] Built target cv_bridge
[0.053s] [ 38%] Built target gtest
[0.053s] [ 44%] Built target gtest_main
[0.056s] [ 44%] Built target ament_cmake_python_copy_cv_bridge
[0.073s] [ 61%] Built target cv_bridge_boost
[0.076s] [100%] Built target cv_bridge-utest
[0.189s] running egg_info
[0.198s] writing cv_bridge.egg-info/PKG-INFO
[0.198s] writing dependency_links to cv_bridge.egg-info/dependency_links.txt
[0.198s] writing top-level names to cv_bridge.egg-info/top_level.txt
[0.223s] reading manifest file 'cv_bridge.egg-info/SOURCES.txt'
[0.223s] writing manifest file 'cv_bridge.egg-info/SOURCES.txt'
[0.249s] [100%] Built target ament_cmake_python_build_cv_bridge_egg
[0.259s] Invoked command in '/home/jacob/offb/offboard_ladder/build/cv_bridge' returned '0': CMAKE_PREFIX_PATH=${CMAKE_PREFIX_PATH}:/home/jacob/offb/offboard_ladder/install/px4_offboard:/home/jacob/offb/offboard_ladder/install/opencv_tests:/opt/ros/humble /usr/bin/cmake --build /home/jacob/offb/offboard_ladder/build/cv_bridge -- -j12 -l12
[0.267s] Invoking command in '/home/jacob/offb/offboard_ladder/build/cv_bridge': CMAKE_PREFIX_PATH=${CMAKE_PREFIX_PATH}:/home/jacob/offb/offboard_ladder/install/px4_offboard:/home/jacob/offb/offboard_ladder/install/opencv_tests:/opt/ros/humble /usr/bin/cmake --install /home/jacob/offb/offboard_ladder/build/cv_bridge
[0.273s] -- Install configuration: ""
[0.273s] -- Up-to-date: /home/jacob/offb/offboard_ladder/install/cv_bridge/share/cv_bridge/environment/pythonpath.sh
[0.273s] -- Up-to-date: /home/jacob/offb/offboard_ladder/install/cv_bridge/share/cv_bridge/environment/pythonpath.dsv
[0.273s] -- Up-to-date: /home/jacob/offb/offboard_ladder/install/cv_bridge/local/lib/python3.10/dist-packages/cv_bridge-4.1.0-py3.10.egg-info
[0.273s] -- Installing: /home/jacob/offb/offboard_ladder/install/cv_bridge/local/lib/python3.10/dist-packages/cv_bridge-4.1.0-py3.10.egg-info/SOURCES.txt
[0.273s] -- Installing: /home/jacob/offb/offboard_ladder/install/cv_bridge/local/lib/python3.10/dist-packages/cv_bridge-4.1.0-py3.10.egg-info/top_level.txt
[0.273s] -- Installing: /home/jacob/offb/offboard_ladder/install/cv_bridge/local/lib/python3.10/dist-packages/cv_bridge-4.1.0-py3.10.egg-info/dependency_links.txt
[0.274s] -- Installing: /home/jacob/offb/offboard_ladder/install/cv_bridge/local/lib/python3.10/dist-packages/cv_bridge-4.1.0-py3.10.egg-info/PKG-INFO
[0.274s] -- Up-to-date: /home/jacob/offb/offboard_ladder/install/cv_bridge/local/lib/python3.10/dist-packages/cv_bridge
[0.274s] -- Up-to-date: /home/jacob/offb/offboard_ladder/install/cv_bridge/local/lib/python3.10/dist-packages/cv_bridge/core.py
[0.274s] -- Up-to-date: /home/jacob/offb/offboard_ladder/install/cv_bridge/local/lib/python3.10/dist-packages/cv_bridge/__init__.py
[0.305s] Listing '/home/jacob/offb/offboard_ladder/install/cv_bridge/local/lib/python3.10/dist-packages/cv_bridge'...
[0.305s] Listing '/home/jacob/offb/offboard_ladder/install/cv_bridge/local/lib/python3.10/dist-packages/cv_bridge/boost'...
[0.309s] -- Up-to-date: /home/jacob/offb/offboard_ladder/install/cv_bridge/lib/libcv_bridge.so
[0.309s] -- Up-to-date: /home/jacob/offb/offboard_ladder/install/cv_bridge/include/cv_bridge/cv_bridge/cv_bridge_export.h
[0.309s] -- Up-to-date: /home/jacob/offb/offboard_ladder/install/cv_bridge/local/lib/python3.10/dist-packages/cv_bridge/boost/cv_bridge_boost.so
[0.309s] -- Up-to-date: /home/jacob/offb/offboard_ladder/install/cv_bridge/include/cv_bridge
[0.309s] -- Up-to-date: /home/jacob/offb/offboard_ladder/install/cv_bridge/include/cv_bridge/cv_bridge
[0.309s] -- Up-to-date: /home/jacob/offb/offboard_ladder/install/cv_bridge/include/cv_bridge/cv_bridge/rgb_colors.hpp
[0.309s] -- Up-to-date: /home/jacob/offb/offboard_ladder/install/cv_bridge/include/cv_bridge/cv_bridge/visibility_control.h
[0.309s] -- Up-to-date: /home/jacob/offb/offboard_ladder/install/cv_bridge/include/cv_bridge/cv_bridge/cv_mat_sensor_msgs_image_type_adapter.hpp
[0.310s] -- Up-to-date: /home/jacob/offb/offboard_ladder/install/cv_bridge/include/cv_bridge/cv_bridge/cv_bridge.hpp
[0.310s] -- Up-to-date: /home/jacob/offb/offboard_ladder/install/cv_bridge/lib/libcv_bridge.so
[0.310s] -- Up-to-date: /home/jacob/offb/offboard_ladder/install/cv_bridge/share/ament_index/resource_index/package_run_dependencies/cv_bridge
[0.310s] -- Up-to-date: /home/jacob/offb/offboard_ladder/install/cv_bridge/share/ament_index/resource_index/parent_prefix_path/cv_bridge
[0.310s] -- Up-to-date: /home/jacob/offb/offboard_ladder/install/cv_bridge/share/cv_bridge/environment/ament_prefix_path.sh
[0.310s] -- Up-to-date: /home/jacob/offb/offboard_ladder/install/cv_bridge/share/cv_bridge/environment/ament_prefix_path.dsv
[0.310s] -- Up-to-date: /home/jacob/offb/offboard_ladder/install/cv_bridge/share/cv_bridge/environment/path.sh
[0.310s] -- Up-to-date: /home/jacob/offb/offboard_ladder/install/cv_bridge/share/cv_bridge/environment/path.dsv
[0.310s] -- Up-to-date: /home/jacob/offb/offboard_ladder/install/cv_bridge/share/cv_bridge/local_setup.bash
[0.310s] -- Up-to-date: /home/jacob/offb/offboard_ladder/install/cv_bridge/share/cv_bridge/local_setup.sh
[0.310s] -- Up-to-date: /home/jacob/offb/offboard_ladder/install/cv_bridge/share/cv_bridge/local_setup.zsh
[0.310s] -- Up-to-date: /home/jacob/offb/offboard_ladder/install/cv_bridge/share/cv_bridge/local_setup.dsv
[0.311s] -- Installing: /home/jacob/offb/offboard_ladder/install/cv_bridge/share/cv_bridge/package.dsv
[0.311s] -- Up-to-date: /home/jacob/offb/offboard_ladder/install/cv_bridge/share/ament_index/resource_index/packages/cv_bridge
[0.311s] -- Up-to-date: /home/jacob/offb/offboard_ladder/install/cv_bridge/share/cv_bridge/cmake/export_cv_bridgeExport.cmake
[0.311s] -- Up-to-date: /home/jacob/offb/offboard_ladder/install/cv_bridge/share/cv_bridge/cmake/export_cv_bridgeExport-noconfig.cmake
[0.311s] -- Up-to-date: /home/jacob/offb/offboard_ladder/install/cv_bridge/share/cv_bridge/cmake/cv_bridge-extras.cmake
[0.311s] -- Up-to-date: /home/jacob/offb/offboard_ladder/install/cv_bridge/share/cv_bridge/cmake/ament_cmake_export_dependencies-extras.cmake
[0.311s] -- Up-to-date: /home/jacob/offb/offboard_ladder/install/cv_bridge/share/cv_bridge/cmake/ament_cmake_export_targets-extras.cmake
[0.311s] -- Up-to-date: /home/jacob/offb/offboard_ladder/install/cv_bridge/share/cv_bridge/cmake/cv_bridgeConfig.cmake
[0.311s] -- Up-to-date: /home/jacob/offb/offboard_ladder/install/cv_bridge/share/cv_bridge/cmake/cv_bridgeConfig-version.cmake
[0.311s] -- Up-to-date: /home/jacob/offb/offboard_ladder/install/cv_bridge/share/cv_bridge/package.xml
[0.323s] Invoked command in '/home/jacob/offb/offboard_ladder/build/cv_bridge' returned '0': CMAKE_PREFIX_PATH=${CMAKE_PREFIX_PATH}:/home/jacob/offb/offboard_ladder/install/px4_offboard:/home/jacob/offb/offboard_ladder/install/opencv_tests:/opt/ros/humble /usr/bin/cmake --install /home/jacob/offb/offboard_ladder/build/cv_bridge
