[0.150s] Invoking command in '/home/jacob/offb/offboard_ladder/build/vision_opencv': AMENT_PREFIX_PATH=/home/jacob/offb/offboard_ladder/install/image_geometry:/home/jacob/offb/offboard_ladder/install/cv_bridge:${AMENT_PREFIX_PATH} CMAKE_PREFIX_PATH=/home/jacob/offb/offboard_ladder/install/image_geometry:/home/jacob/offb/offboard_ladder/install/cv_bridge:/opt/ros/humble LD_LIBRARY_PATH=/home/jacob/offb/offboard_ladder/install/image_geometry/lib:/home/jacob/offb/offboard_ladder/install/cv_bridge/lib:${LD_LIBRARY_PATH} PYTHONPATH=/home/jacob/offb/offboard_ladder/install/image_geometry/local/lib/python3.10/dist-packages:/home/jacob/offb/offboard_ladder/install/cv_bridge/local/lib/python3.10/dist-packages:${PYTHONPATH} /usr/bin/cmake /home/jacob/offb/offboard_ladder/src/vision_opencv/vision_opencv -DCMAKE_INSTALL_PREFIX=/home/jacob/offb/offboard_ladder/install/vision_opencv
[0.196s] -- The C compiler identification is GNU 11.4.0
[0.233s] -- The CXX compiler identification is GNU 11.4.0
[0.238s] -- Detecting C compiler ABI info
[0.292s] -- Detecting C compiler ABI info - done
[0.299s] -- Check for working C compiler: /usr/bin/cc - skipped
[0.299s] -- Detecting C compile features
[0.299s] -- Detecting C compile features - done
[0.302s] -- Detecting CXX compiler ABI info
[0.368s] -- Detecting CXX compiler ABI info - done
[0.376s] -- Check for working CXX compiler: /usr/bin/c++ - skipped
[0.376s] -- Detecting CXX compile features
[0.376s] -- Detecting CXX compile features - done
[0.378s] -- Found ament_cmake: 1.3.11 (/opt/ros/humble/share/ament_cmake/cmake)
[0.689s] -- Found Python3: /usr/bin/python3 (found version "3.10.12") found components: Interpreter 
[0.816s] -- Configuring done
[0.818s] -- Generating done
[0.819s] -- Build files have been written to: /home/jacob/offb/offboard_ladder/build/vision_opencv
[0.823s] Invoked command in '/home/jacob/offb/offboard_ladder/build/vision_opencv' returned '0': AMENT_PREFIX_PATH=/home/jacob/offb/offboard_ladder/install/image_geometry:/home/jacob/offb/offboard_ladder/install/cv_bridge:${AMENT_PREFIX_PATH} CMAKE_PREFIX_PATH=/home/jacob/offb/offboard_ladder/install/image_geometry:/home/jacob/offb/offboard_ladder/install/cv_bridge:/opt/ros/humble LD_LIBRARY_PATH=/home/jacob/offb/offboard_ladder/install/image_geometry/lib:/home/jacob/offb/offboard_ladder/install/cv_bridge/lib:${LD_LIBRARY_PATH} PYTHONPATH=/home/jacob/offb/offboard_ladder/install/image_geometry/local/lib/python3.10/dist-packages:/home/jacob/offb/offboard_ladder/install/cv_bridge/local/lib/python3.10/dist-packages:${PYTHONPATH} /usr/bin/cmake /home/jacob/offb/offboard_ladder/src/vision_opencv/vision_opencv -DCMAKE_INSTALL_PREFIX=/home/jacob/offb/offboard_ladder/install/vision_opencv
[0.824s] Invoking command in '/home/jacob/offb/offboard_ladder/build/vision_opencv': AMENT_PREFIX_PATH=/home/jacob/offb/offboard_ladder/install/image_geometry:/home/jacob/offb/offboard_ladder/install/cv_bridge:${AMENT_PREFIX_PATH} CMAKE_PREFIX_PATH=/home/jacob/offb/offboard_ladder/install/image_geometry:/home/jacob/offb/offboard_ladder/install/cv_bridge:/opt/ros/humble LD_LIBRARY_PATH=/home/jacob/offb/offboard_ladder/install/image_geometry/lib:/home/jacob/offb/offboard_ladder/install/cv_bridge/lib:${LD_LIBRARY_PATH} PYTHONPATH=/home/jacob/offb/offboard_ladder/install/image_geometry/local/lib/python3.10/dist-packages:/home/jacob/offb/offboard_ladder/install/cv_bridge/local/lib/python3.10/dist-packages:${PYTHONPATH} /usr/bin/cmake --build /home/jacob/offb/offboard_ladder/build/vision_opencv -- -j12 -l12
[0.856s] Invoked command in '/home/jacob/offb/offboard_ladder/build/vision_opencv' returned '0': AMENT_PREFIX_PATH=/home/jacob/offb/offboard_ladder/install/image_geometry:/home/jacob/offb/offboard_ladder/install/cv_bridge:${AMENT_PREFIX_PATH} CMAKE_PREFIX_PATH=/home/jacob/offb/offboard_ladder/install/image_geometry:/home/jacob/offb/offboard_ladder/install/cv_bridge:/opt/ros/humble LD_LIBRARY_PATH=/home/jacob/offb/offboard_ladder/install/image_geometry/lib:/home/jacob/offb/offboard_ladder/install/cv_bridge/lib:${LD_LIBRARY_PATH} PYTHONPATH=/home/jacob/offb/offboard_ladder/install/image_geometry/local/lib/python3.10/dist-packages:/home/jacob/offb/offboard_ladder/install/cv_bridge/local/lib/python3.10/dist-packages:${PYTHONPATH} /usr/bin/cmake --build /home/jacob/offb/offboard_ladder/build/vision_opencv -- -j12 -l12
[0.857s] Invoking command in '/home/jacob/offb/offboard_ladder/build/vision_opencv': AMENT_PREFIX_PATH=/home/jacob/offb/offboard_ladder/install/image_geometry:/home/jacob/offb/offboard_ladder/install/cv_bridge:${AMENT_PREFIX_PATH} CMAKE_PREFIX_PATH=/home/jacob/offb/offboard_ladder/install/image_geometry:/home/jacob/offb/offboard_ladder/install/cv_bridge:/opt/ros/humble LD_LIBRARY_PATH=/home/jacob/offb/offboard_ladder/install/image_geometry/lib:/home/jacob/offb/offboard_ladder/install/cv_bridge/lib:${LD_LIBRARY_PATH} PYTHONPATH=/home/jacob/offb/offboard_ladder/install/image_geometry/local/lib/python3.10/dist-packages:/home/jacob/offb/offboard_ladder/install/cv_bridge/local/lib/python3.10/dist-packages:${PYTHONPATH} /usr/bin/cmake --install /home/jacob/offb/offboard_ladder/build/vision_opencv
[0.862s] -- Install configuration: ""
[0.862s] -- Installing: /home/jacob/offb/offboard_ladder/install/vision_opencv/share/ament_index/resource_index/package_run_dependencies/vision_opencv
[0.862s] -- Installing: /home/jacob/offb/offboard_ladder/install/vision_opencv/share/ament_index/resource_index/parent_prefix_path/vision_opencv
[0.862s] -- Installing: /home/jacob/offb/offboard_ladder/install/vision_opencv/share/vision_opencv/environment/ament_prefix_path.sh
[0.862s] -- Installing: /home/jacob/offb/offboard_ladder/install/vision_opencv/share/vision_opencv/environment/ament_prefix_path.dsv
[0.862s] -- Installing: /home/jacob/offb/offboard_ladder/install/vision_opencv/share/vision_opencv/environment/path.sh
[0.863s] -- Installing: /home/jacob/offb/offboard_ladder/install/vision_opencv/share/vision_opencv/environment/path.dsv
[0.863s] -- Installing: /home/jacob/offb/offboard_ladder/install/vision_opencv/share/vision_opencv/local_setup.bash
[0.863s] -- Installing: /home/jacob/offb/offboard_ladder/install/vision_opencv/share/vision_opencv/local_setup.sh
[0.863s] -- Installing: /home/jacob/offb/offboard_ladder/install/vision_opencv/share/vision_opencv/local_setup.zsh
[0.863s] -- Installing: /home/jacob/offb/offboard_ladder/install/vision_opencv/share/vision_opencv/local_setup.dsv
[0.863s] -- Installing: /home/jacob/offb/offboard_ladder/install/vision_opencv/share/vision_opencv/package.dsv
[0.863s] -- Installing: /home/jacob/offb/offboard_ladder/install/vision_opencv/share/ament_index/resource_index/packages/vision_opencv
[0.863s] -- Installing: /home/jacob/offb/offboard_ladder/install/vision_opencv/share/vision_opencv/cmake/vision_opencvConfig.cmake
[0.863s] -- Installing: /home/jacob/offb/offboard_ladder/install/vision_opencv/share/vision_opencv/cmake/vision_opencvConfig-version.cmake
[0.863s] -- Installing: /home/jacob/offb/offboard_ladder/install/vision_opencv/share/vision_opencv/package.xml
[0.865s] Invoked command in '/home/jacob/offb/offboard_ladder/build/vision_opencv' returned '0': AMENT_PREFIX_PATH=/home/jacob/offb/offboard_ladder/install/image_geometry:/home/jacob/offb/offboard_ladder/install/cv_bridge:${AMENT_PREFIX_PATH} CMAKE_PREFIX_PATH=/home/jacob/offb/offboard_ladder/install/image_geometry:/home/jacob/offb/offboard_ladder/install/cv_bridge:/opt/ros/humble LD_LIBRARY_PATH=/home/jacob/offb/offboard_ladder/install/image_geometry/lib:/home/jacob/offb/offboard_ladder/install/cv_bridge/lib:${LD_LIBRARY_PATH} PYTHONPATH=/home/jacob/offb/offboard_ladder/install/image_geometry/local/lib/python3.10/dist-packages:/home/jacob/offb/offboard_ladder/install/cv_bridge/local/lib/python3.10/dist-packages:${PYTHONPATH} /usr/bin/cmake --install /home/jacob/offb/offboard_ladder/build/vision_opencv
