[0.017s] Invoking command in '/home/jacob/offb/offboard_ladder/build/aruco_tracker': CMAKE_PREFIX_PATH=/home/jacob/offb/offboard_ladder/install/px4_msgs:/home/jacob/offb/offboard_ladder/install/cv_bridge:/home/jacob/offb/offboard_ladder/install/vision_opencv:/home/jacob/offb/offboard_ladder/install/px4_ros_com:/home/jacob/offb/offboard_ladder/install/aruco_tracker:/home/jacob/offb/offboard_ladder/install/image_geometry:/home/jacob/offb/offboard_ladder/install/px4_offboard:/home/jacob/offb/offboard_ladder/install/opencv_tests:/opt/ros/humble LD_LIBRARY_PATH=/home/jacob/offb/offboard_ladder/install/px4_msgs/lib:/home/jacob/offb/offboard_ladder/install/cv_bridge/lib:/home/jacob/offb/offboard_ladder/install/px4_ros_com/lib:/home/jacob/offb/offboard_ladder/install/image_geometry/lib:/opt/ros/humble/opt/rviz_ogre_vendor/lib:/opt/ros/humble/lib/x86_64-linux-gnu:/opt/ros/humble/lib /usr/bin/cmake --build /home/jacob/offb/offboard_ladder/build/aruco_tracker -- -j12 -l12
[0.194s] [100%] Built target aruco_tracker
[0.202s] Invoked command in '/home/jacob/offb/offboard_ladder/build/aruco_tracker' returned '0': CMAKE_PREFIX_PATH=/home/jacob/offb/offboard_ladder/install/px4_msgs:/home/jacob/offb/offboard_ladder/install/cv_bridge:/home/jacob/offb/offboard_ladder/install/vision_opencv:/home/jacob/offb/offboard_ladder/install/px4_ros_com:/home/jacob/offb/offboard_ladder/install/aruco_tracker:/home/jacob/offb/offboard_ladder/install/image_geometry:/home/jacob/offb/offboard_ladder/install/px4_offboard:/home/jacob/offb/offboard_ladder/install/opencv_tests:/opt/ros/humble LD_LIBRARY_PATH=/home/jacob/offb/offboard_ladder/install/px4_msgs/lib:/home/jacob/offb/offboard_ladder/install/cv_bridge/lib:/home/jacob/offb/offboard_ladder/install/px4_ros_com/lib:/home/jacob/offb/offboard_ladder/install/image_geometry/lib:/opt/ros/humble/opt/rviz_ogre_vendor/lib:/opt/ros/humble/lib/x86_64-linux-gnu:/opt/ros/humble/lib /usr/bin/cmake --build /home/jacob/offb/offboard_ladder/build/aruco_tracker -- -j12 -l12
[0.203s] Invoking command in '/home/jacob/offb/offboard_ladder/build/aruco_tracker': CMAKE_PREFIX_PATH=/home/jacob/offb/offboard_ladder/install/px4_msgs:/home/jacob/offb/offboard_ladder/install/cv_bridge:/home/jacob/offb/offboard_ladder/install/vision_opencv:/home/jacob/offb/offboard_ladder/install/px4_ros_com:/home/jacob/offb/offboard_ladder/install/aruco_tracker:/home/jacob/offb/offboard_ladder/install/image_geometry:/home/jacob/offb/offboard_ladder/install/px4_offboard:/home/jacob/offb/offboard_ladder/install/opencv_tests:/opt/ros/humble LD_LIBRARY_PATH=/home/jacob/offb/offboard_ladder/install/px4_msgs/lib:/home/jacob/offb/offboard_ladder/install/cv_bridge/lib:/home/jacob/offb/offboard_ladder/install/px4_ros_com/lib:/home/jacob/offb/offboard_ladder/install/image_geometry/lib:/opt/ros/humble/opt/rviz_ogre_vendor/lib:/opt/ros/humble/lib/x86_64-linux-gnu:/opt/ros/humble/lib /usr/bin/cmake --install /home/jacob/offb/offboard_ladder/build/aruco_tracker
[0.209s] -- Install configuration: ""
[0.209s] -- Up-to-date: /home/jacob/offb/offboard_ladder/install/aruco_tracker/lib/aruco_tracker/aruco_tracker
[0.210s] -- Up-to-date: /home/jacob/offb/offboard_ladder/install/aruco_tracker/share/aruco_tracker//launch
[0.210s] -- Up-to-date: /home/jacob/offb/offboard_ladder/install/aruco_tracker/share/aruco_tracker//launch/v1_16_tracker.launch.py
[0.210s] -- Up-to-date: /home/jacob/offb/offboard_ladder/install/aruco_tracker/share/aruco_tracker//launch/front_camera_aruco.launch.py
[0.210s] -- Up-to-date: /home/jacob/offb/offboard_ladder/install/aruco_tracker/share/aruco_tracker//launch/downward_camera_aruco.launch.py
[0.210s] -- Up-to-date: /home/jacob/offb/offboard_ladder/install/aruco_tracker/share/aruco_tracker//launch/aruco_tracker.launch.py
[0.210s] -- Up-to-date: /home/jacob/offb/offboard_ladder/install/aruco_tracker/share/aruco_tracker//launch/moving_aruco.launch.py
[0.210s] -- Up-to-date: /home/jacob/offb/offboard_ladder/install/aruco_tracker/share/aruco_tracker//cfg
[0.210s] -- Up-to-date: /home/jacob/offb/offboard_ladder/install/aruco_tracker/share/aruco_tracker//cfg/params.yaml
[0.210s] -- Up-to-date: /home/jacob/offb/offboard_ladder/install/aruco_tracker/share/ament_index/resource_index/package_run_dependencies/aruco_tracker
[0.210s] -- Up-to-date: /home/jacob/offb/offboard_ladder/install/aruco_tracker/share/ament_index/resource_index/parent_prefix_path/aruco_tracker
[0.210s] -- Up-to-date: /home/jacob/offb/offboard_ladder/install/aruco_tracker/share/aruco_tracker/environment/ament_prefix_path.sh
[0.210s] -- Up-to-date: /home/jacob/offb/offboard_ladder/install/aruco_tracker/share/aruco_tracker/environment/ament_prefix_path.dsv
[0.210s] -- Up-to-date: /home/jacob/offb/offboard_ladder/install/aruco_tracker/share/aruco_tracker/environment/path.sh
[0.210s] -- Up-to-date: /home/jacob/offb/offboard_ladder/install/aruco_tracker/share/aruco_tracker/environment/path.dsv
[0.211s] -- Up-to-date: /home/jacob/offb/offboard_ladder/install/aruco_tracker/share/aruco_tracker/local_setup.bash
[0.211s] -- Up-to-date: /home/jacob/offb/offboard_ladder/install/aruco_tracker/share/aruco_tracker/local_setup.sh
[0.211s] -- Up-to-date: /home/jacob/offb/offboard_ladder/install/aruco_tracker/share/aruco_tracker/local_setup.zsh
[0.211s] -- Up-to-date: /home/jacob/offb/offboard_ladder/install/aruco_tracker/share/aruco_tracker/local_setup.dsv
[0.211s] -- Installing: /home/jacob/offb/offboard_ladder/install/aruco_tracker/share/aruco_tracker/package.dsv
[0.211s] -- Up-to-date: /home/jacob/offb/offboard_ladder/install/aruco_tracker/share/ament_index/resource_index/packages/aruco_tracker
[0.211s] -- Up-to-date: /home/jacob/offb/offboard_ladder/install/aruco_tracker/share/aruco_tracker/cmake/aruco_trackerConfig.cmake
[0.211s] -- Up-to-date: /home/jacob/offb/offboard_ladder/install/aruco_tracker/share/aruco_tracker/cmake/aruco_trackerConfig-version.cmake
[0.211s] -- Up-to-date: /home/jacob/offb/offboard_ladder/install/aruco_tracker/share/aruco_tracker/package.xml
[0.212s] Invoked command in '/home/jacob/offb/offboard_ladder/build/aruco_tracker' returned '0': CMAKE_PREFIX_PATH=/home/jacob/offb/offboard_ladder/install/px4_msgs:/home/jacob/offb/offboard_ladder/install/cv_bridge:/home/jacob/offb/offboard_ladder/install/vision_opencv:/home/jacob/offb/offboard_ladder/install/px4_ros_com:/home/jacob/offb/offboard_ladder/install/aruco_tracker:/home/jacob/offb/offboard_ladder/install/image_geometry:/home/jacob/offb/offboard_ladder/install/px4_offboard:/home/jacob/offb/offboard_ladder/install/opencv_tests:/opt/ros/humble LD_LIBRARY_PATH=/home/jacob/offb/offboard_ladder/install/px4_msgs/lib:/home/jacob/offb/offboard_ladder/install/cv_bridge/lib:/home/jacob/offb/offboard_ladder/install/px4_ros_com/lib:/home/jacob/offb/offboard_ladder/install/image_geometry/lib:/opt/ros/humble/opt/rviz_ogre_vendor/lib:/opt/ros/humble/lib/x86_64-linux-gnu:/opt/ros/humble/lib /usr/bin/cmake --install /home/jacob/offb/offboard_ladder/build/aruco_tracker
