[0.006s] Invoking command in '/home/jacob/offb/offboard_ladder/build/px4_ros_com': AMENT_PREFIX_PATH=/home/jacob/offb/offboard_ladder/install/px4_msgs:${AMENT_PREFIX_PATH} CMAKE_PREFIX_PATH=/home/jacob/offb/offboard_ladder/install/px4_msgs:/home/jacob/ros2_px4_offboard_example_ws/install/px4_msgs:/home/jacob/ros2_px4_offboard_example_ws/install/px4_offboard:/opt/ros/humble LD_LIBRARY_PATH=/home/jacob/offb/offboard_ladder/install/px4_msgs/lib:${LD_LIBRARY_PATH} PYTHONPATH=/home/jacob/offb/offboard_ladder/install/px4_msgs/local/lib/python3.10/dist-packages:${PYTHONPATH} /usr/bin/cmake /home/jacob/offb/offboard_ladder/src/px4_ros_com -DCMAKE_INSTALL_PREFIX=/home/jacob/offb/offboard_ladder/install/px4_ros_com
[0.047s] -- The C compiler identification is GNU 11.4.0
[0.088s] -- The CXX compiler identification is GNU 11.4.0
[0.092s] -- Detecting C compiler ABI info
[0.146s] -- Detecting C compiler ABI info - done
[0.150s] -- Check for working C compiler: /usr/bin/cc - skipped
[0.150s] -- Detecting C compile features
[0.150s] -- Detecting C compile features - done
[0.152s] -- Detecting CXX compiler ABI info
[0.208s] -- Detecting CXX compiler ABI info - done
[0.215s] -- Check for working CXX compiler: /usr/bin/c++ - skipped
[0.215s] -- Detecting CXX compile features
[0.216s] -- Detecting CXX compile features - done
[0.218s] -- Found ament_cmake: 1.3.11 (/opt/ros/humble/share/ament_cmake/cmake)
[0.449s] -- Found Python3: /usr/bin/python3 (found version "3.10.12") found components: Interpreter 
[0.502s] -- Found builtin_interfaces: 1.2.1 (/opt/ros/humble/share/builtin_interfaces/cmake)
[0.525s] -- Found rosidl_generator_c: 3.1.6 (/opt/ros/humble/share/rosidl_generator_c/cmake)
[0.528s] -- Found rosidl_adapter: 3.1.6 (/opt/ros/humble/share/rosidl_adapter/cmake)
[0.532s] -- Found rosidl_generator_cpp: 3.1.6 (/opt/ros/humble/share/rosidl_generator_cpp/cmake)
[0.538s] -- Using all available rosidl_typesupport_c: rosidl_typesupport_fastrtps_c;rosidl_typesupport_introspection_c
[0.546s] -- Using all available rosidl_typesupport_cpp: rosidl_typesupport_fastrtps_cpp;rosidl_typesupport_introspection_cpp
[0.560s] -- Found eigen3_cmake_module: 0.1.1 (/opt/ros/humble/share/eigen3_cmake_module/cmake)
[0.566s] -- Found Eigen3: TRUE (found version "3.4.0") 
[0.567s] -- Found geometry_msgs: 4.9.0 (/opt/ros/humble/share/geometry_msgs/cmake)
[0.584s] -- Found px4_msgs: 2.0.1 (/home/jacob/offb/offboard_ladder/install/px4_msgs/share/px4_msgs/cmake)
[0.591s] -- Found rclcpp: 16.0.12 (/opt/ros/humble/share/rclcpp/cmake)
[0.617s] -- Found rmw_implementation_cmake: 6.1.2 (/opt/ros/humble/share/rmw_implementation_cmake/cmake)
[0.618s] -- Found rmw_fastrtps_cpp: 6.2.7 (/opt/ros/humble/share/rmw_fastrtps_cpp/cmake)
[0.708s] -- Found OpenSSL: /usr/lib/x86_64-linux-gnu/libcrypto.so (found version "3.0.2")  
[0.735s] -- Found FastRTPS: /opt/ros/humble/include  
[0.761s] -- Using RMW implementation 'rmw_fastrtps_cpp' as default
[0.767s] -- Looking for pthread.h
[0.818s] -- Looking for pthread.h - found
[0.818s] -- Performing Test CMAKE_HAVE_LIBC_PTHREAD
[0.874s] -- Performing Test CMAKE_HAVE_LIBC_PTHREAD - Success
[0.875s] -- Found Threads: TRUE  
[0.906s] -- Found sensor_msgs: 4.9.0 (/opt/ros/humble/share/sensor_msgs/cmake)
[0.918s] -- Found rclpy: 3.3.16 (/opt/ros/humble/share/rclpy/cmake)
[0.923s] -- Found ament_lint_auto: 0.12.12 (/opt/ros/humble/share/ament_lint_auto/cmake)
[0.989s] -- Added test 'copyright' to check source files copyright and LICENSE
[0.990s] -- Added test 'cppcheck' to perform static code analysis on C / C++ code
[0.991s] -- Configured cppcheck include dirs: /home/jacob/offb/offboard_ladder/src/px4_ros_com/include;$<BUILD_INTERFACE:/home/jacob/offb/offboard_ladder/src/px4_ros_com/include/px4_ros_com>
[0.991s] -- Configured cppcheck exclude dirs and/or files: 
[0.992s] -- Added test 'cpplint' to check C / C++ code against the Google style
[0.992s] -- Configured cpplint exclude dirs and/or files: 
[0.992s] -- Added test 'flake8' to check Python code syntax and style conventions
[0.993s] -- Added test 'lint_cmake' to check CMake code style
[0.993s] -- Added test 'pep257' to check Python code against some of the docstring style conventions in PEP 257
[0.994s] -- Added test 'uncrustify' to check C / C++ code style
[0.994s] -- Configured uncrustify additional arguments: 
[0.994s] -- Added test 'xmllint' to check XML markup files
[0.995s] -- Configuring done
[1.008s] -- Generating done
[1.014s] -- Build files have been written to: /home/jacob/offb/offboard_ladder/build/px4_ros_com
[1.022s] Invoked command in '/home/jacob/offb/offboard_ladder/build/px4_ros_com' returned '0': AMENT_PREFIX_PATH=/home/jacob/offb/offboard_ladder/install/px4_msgs:${AMENT_PREFIX_PATH} CMAKE_PREFIX_PATH=/home/jacob/offb/offboard_ladder/install/px4_msgs:/home/jacob/ros2_px4_offboard_example_ws/install/px4_msgs:/home/jacob/ros2_px4_offboard_example_ws/install/px4_offboard:/opt/ros/humble LD_LIBRARY_PATH=/home/jacob/offb/offboard_ladder/install/px4_msgs/lib:${LD_LIBRARY_PATH} PYTHONPATH=/home/jacob/offb/offboard_ladder/install/px4_msgs/local/lib/python3.10/dist-packages:${PYTHONPATH} /usr/bin/cmake /home/jacob/offb/offboard_ladder/src/px4_ros_com -DCMAKE_INSTALL_PREFIX=/home/jacob/offb/offboard_ladder/install/px4_ros_com
[1.023s] Invoking command in '/home/jacob/offb/offboard_ladder/build/px4_ros_com': AMENT_PREFIX_PATH=/home/jacob/offb/offboard_ladder/install/px4_msgs:${AMENT_PREFIX_PATH} CMAKE_PREFIX_PATH=/home/jacob/offb/offboard_ladder/install/px4_msgs:/home/jacob/ros2_px4_offboard_example_ws/install/px4_msgs:/home/jacob/ros2_px4_offboard_example_ws/install/px4_offboard:/opt/ros/humble LD_LIBRARY_PATH=/home/jacob/offb/offboard_ladder/install/px4_msgs/lib:${LD_LIBRARY_PATH} PYTHONPATH=/home/jacob/offb/offboard_ladder/install/px4_msgs/local/lib/python3.10/dist-packages:${PYTHONPATH} /usr/bin/cmake --build /home/jacob/offb/offboard_ladder/build/px4_ros_com -- -j12 -l12
[1.062s] [  8%] [32mBuilding CXX object CMakeFiles/offboard_control.dir/src/examples/offboard/offboard_control.cpp.o[0m
[1.063s] [ 16%] [32mBuilding CXX object CMakeFiles/frame_transforms.dir/src/lib/frame_transforms.cpp.o[0m
[1.064s] [ 25%] [32mBuilding CXX object CMakeFiles/offboard_control_srv.dir/src/examples/offboard/offboard_control_srv.cpp.o[0m
[1.066s] [ 50%] [32mBuilding CXX object CMakeFiles/sensor_combined_listener.dir/src/examples/listeners/sensor_combined_listener.cpp.o[0m
[1.066s] [ 50%] [32mBuilding CXX object CMakeFiles/debug_vect_advertiser.dir/src/examples/advertisers/debug_vect_advertiser.cpp.o[0m
[1.066s] [ 50%] [32mBuilding CXX object CMakeFiles/vehicle_gps_position_listener.dir/src/examples/listeners/vehicle_gps_position_listener.cpp.o[0m
[1.074s] [ 50%] Built target ament_cmake_python_copy_px4_ros_com
[1.298s] running egg_info
[1.316s] creating px4_ros_com.egg-info
[1.317s] writing px4_ros_com.egg-info/PKG-INFO
[1.317s] writing dependency_links to px4_ros_com.egg-info/dependency_links.txt
[1.317s] writing top-level names to px4_ros_com.egg-info/top_level.txt
[1.317s] writing manifest file 'px4_ros_com.egg-info/SOURCES.txt'
[1.369s] reading manifest file 'px4_ros_com.egg-info/SOURCES.txt'
[1.370s] writing manifest file 'px4_ros_com.egg-info/SOURCES.txt'
[1.399s] [ 50%] Built target ament_cmake_python_build_px4_ros_com_egg
[4.185s] [ 58%] [32m[1mLinking CXX executable debug_vect_advertiser[0m
[4.385s] [ 58%] Built target debug_vect_advertiser
[5.540s] [ 66%] [32m[1mLinking CXX executable offboard_control[0m
[5.758s] [ 66%] Built target offboard_control
[6.491s] [ 75%] [32m[1mLinking CXX executable offboard_control_srv[0m
[6.499s] [ 83%] [32m[1mLinking CXX shared library libframe_transforms.so[0m
[6.660s] [ 83%] Built target offboard_control_srv
[6.720s] [ 83%] Built target frame_transforms
[7.680s] [ 91%] [32m[1mLinking CXX executable sensor_combined_listener[0m
[7.918s] [ 91%] Built target sensor_combined_listener
[8.181s] [100%] [32m[1mLinking CXX executable vehicle_gps_position_listener[0m
[8.403s] [100%] Built target vehicle_gps_position_listener
[8.412s] Invoked command in '/home/jacob/offb/offboard_ladder/build/px4_ros_com' returned '0': AMENT_PREFIX_PATH=/home/jacob/offb/offboard_ladder/install/px4_msgs:${AMENT_PREFIX_PATH} CMAKE_PREFIX_PATH=/home/jacob/offb/offboard_ladder/install/px4_msgs:/home/jacob/ros2_px4_offboard_example_ws/install/px4_msgs:/home/jacob/ros2_px4_offboard_example_ws/install/px4_offboard:/opt/ros/humble LD_LIBRARY_PATH=/home/jacob/offb/offboard_ladder/install/px4_msgs/lib:${LD_LIBRARY_PATH} PYTHONPATH=/home/jacob/offb/offboard_ladder/install/px4_msgs/local/lib/python3.10/dist-packages:${PYTHONPATH} /usr/bin/cmake --build /home/jacob/offb/offboard_ladder/build/px4_ros_com -- -j12 -l12
[8.414s] Invoking command in '/home/jacob/offb/offboard_ladder/build/px4_ros_com': AMENT_PREFIX_PATH=/home/jacob/offb/offboard_ladder/install/px4_msgs:${AMENT_PREFIX_PATH} CMAKE_PREFIX_PATH=/home/jacob/offb/offboard_ladder/install/px4_msgs:/home/jacob/ros2_px4_offboard_example_ws/install/px4_msgs:/home/jacob/ros2_px4_offboard_example_ws/install/px4_offboard:/opt/ros/humble LD_LIBRARY_PATH=/home/jacob/offb/offboard_ladder/install/px4_msgs/lib:${LD_LIBRARY_PATH} PYTHONPATH=/home/jacob/offb/offboard_ladder/install/px4_msgs/local/lib/python3.10/dist-packages:${PYTHONPATH} /usr/bin/cmake --install /home/jacob/offb/offboard_ladder/build/px4_ros_com
[8.419s] -- Install configuration: ""
[8.419s] -- Installing: /home/jacob/offb/offboard_ladder/install/px4_ros_com/lib/px4_ros_com/sensor_combined_listener
[8.421s] -- Set runtime path of "/home/jacob/offb/offboard_ladder/install/px4_ros_com/lib/px4_ros_com/sensor_combined_listener" to ""
[8.421s] -- Installing: /home/jacob/offb/offboard_ladder/install/px4_ros_com/lib/px4_ros_com/vehicle_gps_position_listener
[8.422s] -- Set runtime path of "/home/jacob/offb/offboard_ladder/install/px4_ros_com/lib/px4_ros_com/vehicle_gps_position_listener" to ""
[8.422s] -- Installing: /home/jacob/offb/offboard_ladder/install/px4_ros_com/lib/px4_ros_com/debug_vect_advertiser
[8.423s] -- Set runtime path of "/home/jacob/offb/offboard_ladder/install/px4_ros_com/lib/px4_ros_com/debug_vect_advertiser" to ""
[8.423s] -- Installing: /home/jacob/offb/offboard_ladder/install/px4_ros_com/lib/px4_ros_com/offboard_control
[8.424s] -- Set runtime path of "/home/jacob/offb/offboard_ladder/install/px4_ros_com/lib/px4_ros_com/offboard_control" to ""
[8.424s] -- Installing: /home/jacob/offb/offboard_ladder/install/px4_ros_com/lib/px4_ros_com/offboard_control_srv
[8.425s] -- Set runtime path of "/home/jacob/offb/offboard_ladder/install/px4_ros_com/lib/px4_ros_com/offboard_control_srv" to ""
[8.425s] -- Installing: /home/jacob/offb/offboard_ladder/install/px4_ros_com/share/px4_ros_com/environment/library_path.sh
[8.425s] -- Installing: /home/jacob/offb/offboard_ladder/install/px4_ros_com/share/px4_ros_com/environment/library_path.dsv
[8.425s] -- Installing: /home/jacob/offb/offboard_ladder/install/px4_ros_com/include/px4_ros_com
[8.425s] -- Installing: /home/jacob/offb/offboard_ladder/install/px4_ros_com/include/px4_ros_com/frame_transforms.h
[8.425s] -- Installing: /home/jacob/offb/offboard_ladder/install/px4_ros_com/lib/libframe_transforms.so
[8.426s] -- Set runtime path of "/home/jacob/offb/offboard_ladder/install/px4_ros_com/lib/libframe_transforms.so" to ""
[8.427s] -- Installing: /home/jacob/offb/offboard_ladder/install/px4_ros_com/share/px4_ros_com//launch
[8.427s] -- Installing: /home/jacob/offb/offboard_ladder/install/px4_ros_com/share/px4_ros_com//launch/sensor_combined_listener.launch.py
[8.427s] -- Installing: /home/jacob/offb/offboard_ladder/install/px4_ros_com/share/px4_ros_com//launch/offboard_control_launch.yaml
[8.427s] -- Installing: /home/jacob/offb/offboard_ladder/install/px4_ros_com/share/px4_ros_com//test
[8.427s] -- Installing: /home/jacob/offb/offboard_ladder/install/px4_ros_com/share/px4_ros_com//test/test_input.py
[8.427s] -- Installing: /home/jacob/offb/offboard_ladder/install/px4_ros_com/share/px4_ros_com//test/__init__.py
[8.427s] -- Installing: /home/jacob/offb/offboard_ladder/install/px4_ros_com/share/px4_ros_com//test/test_output.py
[8.427s] -- Installing: /home/jacob/offb/offboard_ladder/install/px4_ros_com/share/px4_ros_com//test/pipeline_io_test.py
[8.427s] -- Installing: /home/jacob/offb/offboard_ladder/install/px4_ros_com/share/px4_ros_com/environment/pythonpath.sh
[8.427s] -- Installing: /home/jacob/offb/offboard_ladder/install/px4_ros_com/share/px4_ros_com/environment/pythonpath.dsv
[8.427s] -- Installing: /home/jacob/offb/offboard_ladder/install/px4_ros_com/local/lib/python3.10/dist-packages/px4_ros_com-0.1.0-py3.10.egg-info
[8.427s] -- Installing: /home/jacob/offb/offboard_ladder/install/px4_ros_com/local/lib/python3.10/dist-packages/px4_ros_com-0.1.0-py3.10.egg-info/SOURCES.txt
[8.427s] -- Installing: /home/jacob/offb/offboard_ladder/install/px4_ros_com/local/lib/python3.10/dist-packages/px4_ros_com-0.1.0-py3.10.egg-info/top_level.txt
[8.427s] -- Installing: /home/jacob/offb/offboard_ladder/install/px4_ros_com/local/lib/python3.10/dist-packages/px4_ros_com-0.1.0-py3.10.egg-info/dependency_links.txt
[8.427s] -- Installing: /home/jacob/offb/offboard_ladder/install/px4_ros_com/local/lib/python3.10/dist-packages/px4_ros_com-0.1.0-py3.10.egg-info/PKG-INFO
[8.427s] -- Installing: /home/jacob/offb/offboard_ladder/install/px4_ros_com/local/lib/python3.10/dist-packages/px4_ros_com
[8.428s] -- Installing: /home/jacob/offb/offboard_ladder/install/px4_ros_com/local/lib/python3.10/dist-packages/px4_ros_com/module_to_import.py
[8.428s] -- Installing: /home/jacob/offb/offboard_ladder/install/px4_ros_com/local/lib/python3.10/dist-packages/px4_ros_com/__init__.py
[8.449s] Listing '/home/jacob/offb/offboard_ladder/install/px4_ros_com/local/lib/python3.10/dist-packages/px4_ros_com'...
[8.450s] Compiling '/home/jacob/offb/offboard_ladder/install/px4_ros_com/local/lib/python3.10/dist-packages/px4_ros_com/__init__.py'...
[8.450s] Compiling '/home/jacob/offb/offboard_ladder/install/px4_ros_com/local/lib/python3.10/dist-packages/px4_ros_com/module_to_import.py'...
[8.452s] -- Installing: /home/jacob/offb/offboard_ladder/install/px4_ros_com/lib/px4_ros_com/offboard_control.py
[8.452s] -- Installing: /home/jacob/offb/offboard_ladder/install/px4_ros_com/share/ament_index/resource_index/package_run_dependencies/px4_ros_com
[8.452s] -- Installing: /home/jacob/offb/offboard_ladder/install/px4_ros_com/share/ament_index/resource_index/parent_prefix_path/px4_ros_com
[8.452s] -- Installing: /home/jacob/offb/offboard_ladder/install/px4_ros_com/share/px4_ros_com/environment/ament_prefix_path.sh
[8.453s] -- Installing: /home/jacob/offb/offboard_ladder/install/px4_ros_com/share/px4_ros_com/environment/ament_prefix_path.dsv
[8.453s] -- Installing: /home/jacob/offb/offboard_ladder/install/px4_ros_com/share/px4_ros_com/environment/path.sh
[8.453s] -- Installing: /home/jacob/offb/offboard_ladder/install/px4_ros_com/share/px4_ros_com/environment/path.dsv
[8.453s] -- Installing: /home/jacob/offb/offboard_ladder/install/px4_ros_com/share/px4_ros_com/local_setup.bash
[8.453s] -- Installing: /home/jacob/offb/offboard_ladder/install/px4_ros_com/share/px4_ros_com/local_setup.sh
[8.453s] -- Installing: /home/jacob/offb/offboard_ladder/install/px4_ros_com/share/px4_ros_com/local_setup.zsh
[8.453s] -- Installing: /home/jacob/offb/offboard_ladder/install/px4_ros_com/share/px4_ros_com/local_setup.dsv
[8.453s] -- Installing: /home/jacob/offb/offboard_ladder/install/px4_ros_com/share/px4_ros_com/package.dsv
[8.453s] -- Installing: /home/jacob/offb/offboard_ladder/install/px4_ros_com/share/ament_index/resource_index/packages/px4_ros_com
[8.453s] -- Installing: /home/jacob/offb/offboard_ladder/install/px4_ros_com/share/px4_ros_com/cmake/export_frame_transformsExport.cmake
[8.453s] -- Installing: /home/jacob/offb/offboard_ladder/install/px4_ros_com/share/px4_ros_com/cmake/export_frame_transformsExport-noconfig.cmake
[8.453s] -- Installing: /home/jacob/offb/offboard_ladder/install/px4_ros_com/share/px4_ros_com/cmake/ament_cmake_export_dependencies-extras.cmake
[8.453s] -- Installing: /home/jacob/offb/offboard_ladder/install/px4_ros_com/share/px4_ros_com/cmake/ament_cmake_export_targets-extras.cmake
[8.454s] -- Installing: /home/jacob/offb/offboard_ladder/install/px4_ros_com/share/px4_ros_com/cmake/ament_cmake_export_include_directories-extras.cmake
[8.454s] -- Installing: /home/jacob/offb/offboard_ladder/install/px4_ros_com/share/px4_ros_com/cmake/ament_cmake_export_libraries-extras.cmake
[8.454s] -- Installing: /home/jacob/offb/offboard_ladder/install/px4_ros_com/share/px4_ros_com/cmake/px4_ros_comConfig.cmake
[8.454s] -- Installing: /home/jacob/offb/offboard_ladder/install/px4_ros_com/share/px4_ros_com/cmake/px4_ros_comConfig-version.cmake
[8.454s] -- Installing: /home/jacob/offb/offboard_ladder/install/px4_ros_com/share/px4_ros_com/package.xml
[8.455s] Invoked command in '/home/jacob/offb/offboard_ladder/build/px4_ros_com' returned '0': AMENT_PREFIX_PATH=/home/jacob/offb/offboard_ladder/install/px4_msgs:${AMENT_PREFIX_PATH} CMAKE_PREFIX_PATH=/home/jacob/offb/offboard_ladder/install/px4_msgs:/home/jacob/ros2_px4_offboard_example_ws/install/px4_msgs:/home/jacob/ros2_px4_offboard_example_ws/install/px4_offboard:/opt/ros/humble LD_LIBRARY_PATH=/home/jacob/offb/offboard_ladder/install/px4_msgs/lib:${LD_LIBRARY_PATH} PYTHONPATH=/home/jacob/offb/offboard_ladder/install/px4_msgs/local/lib/python3.10/dist-packages:${PYTHONPATH} /usr/bin/cmake --install /home/jacob/offb/offboard_ladder/build/px4_ros_com
