[0.008s] Invoking command in '/home/jacob/offb/offboard_ladder/build/aruco_tracker': AMENT_PREFIX_PATH=/home/jacob/offb/offboard_ladder/install/px4_msgs:/home/jacob/offb/offboard_ladder/install/cv_bridge:${AMENT_PREFIX_PATH} CMAKE_PREFIX_PATH=/home/jacob/offb/offboard_ladder/install/px4_msgs:/home/jacob/offb/offboard_ladder/install/cv_bridge:/opt/ros/humble LD_LIBRARY_PATH=/home/jacob/offb/offboard_ladder/install/px4_msgs/lib:/home/jacob/offb/offboard_ladder/install/cv_bridge/lib:${LD_LIBRARY_PATH} PYTHONPATH=/home/jacob/offb/offboard_ladder/install/px4_msgs/local/lib/python3.10/dist-packages:/home/jacob/offb/offboard_ladder/install/cv_bridge/local/lib/python3.10/dist-packages:${PYTHONPATH} /usr/bin/cmake /home/jacob/offb/offboard_ladder/src/aruco_tracker -DCMAKE_INSTALL_PREFIX=/home/jacob/offb/offboard_ladder/install/aruco_tracker
[0.151s] -- The C compiler identification is GNU 11.4.0
[0.152s] -- The CXX compiler identification is GNU 11.4.0
[0.152s] -- Detecting C compiler ABI info
[0.166s] -- Detecting C compiler ABI info - done
[0.173s] -- Check for working C compiler: /usr/bin/cc - skipped
[0.173s] -- Detecting C compile features
[0.174s] -- Detecting C compile features - done
[0.177s] -- Detecting CXX compiler ABI info
[0.246s] -- Detecting CXX compiler ABI info - done
[0.251s] -- Check for working CXX compiler: /usr/bin/c++ - skipped
[0.251s] -- Detecting CXX compile features
[0.252s] -- Detecting CXX compile features - done
[0.253s] -- Found eigen3_cmake_module: 0.1.1 (/opt/ros/humble/share/eigen3_cmake_module/cmake)
[0.258s] -- Found Eigen3: TRUE (found version "3.4.0") 
[0.259s] -- Found ament_cmake: 1.3.11 (/opt/ros/humble/share/ament_cmake/cmake)
[0.539s] -- Found Python3: /usr/bin/python3 (found version "3.10.12") found components: Interpreter 
[0.605s] -- Found rclcpp: 16.0.12 (/opt/ros/humble/share/rclcpp/cmake)
[0.643s] -- Found rosidl_generator_c: 3.1.6 (/opt/ros/humble/share/rosidl_generator_c/cmake)
[0.648s] -- Found rosidl_adapter: 3.1.6 (/opt/ros/humble/share/rosidl_adapter/cmake)
[0.655s] -- Found rosidl_generator_cpp: 3.1.6 (/opt/ros/humble/share/rosidl_generator_cpp/cmake)
[0.665s] -- Using all available rosidl_typesupport_c: rosidl_typesupport_fastrtps_c;rosidl_typesupport_introspection_c
[0.679s] -- Using all available rosidl_typesupport_cpp: rosidl_typesupport_fastrtps_cpp;rosidl_typesupport_introspection_cpp
[0.717s] -- Found rmw_implementation_cmake: 6.1.2 (/opt/ros/humble/share/rmw_implementation_cmake/cmake)
[0.720s] -- Found rmw_fastrtps_cpp: 6.2.7 (/opt/ros/humble/share/rmw_fastrtps_cpp/cmake)
[0.787s] -- Found OpenSSL: /usr/lib/x86_64-linux-gnu/libcrypto.so (found version "3.0.2")  
[0.813s] -- Found FastRTPS: /opt/ros/humble/include  
[0.854s] -- Using RMW implementation 'rmw_fastrtps_cpp' as default
[0.862s] -- Looking for pthread.h
[0.916s] -- Looking for pthread.h - found
[0.916s] -- Performing Test CMAKE_HAVE_LIBC_PTHREAD
[0.976s] -- Performing Test CMAKE_HAVE_LIBC_PTHREAD - Success
[0.977s] -- Found Threads: TRUE  
[1.011s] -- Found px4_msgs: 2.0.1 (/home/jacob/offb/offboard_ladder/install/px4_msgs/share/px4_msgs/cmake)
[1.018s] -- Found sensor_msgs: 4.9.0 (/opt/ros/humble/share/sensor_msgs/cmake)
[1.037s] -- Found cv_bridge: 4.1.0 (/home/jacob/offb/offboard_ladder/install/cv_bridge/share/cv_bridge/cmake)
[1.047s] -- Found OpenCV: /usr/local (found suitable version "4.10.0", minimum required is "4.10.0") 
[1.049s] -- Found ament_lint_auto: 0.12.12 (/opt/ros/humble/share/ament_lint_auto/cmake)
[1.120s] -- Added test 'copyright' to check source files copyright and LICENSE
[1.121s] -- Added test 'cppcheck' to perform static code analysis on C / C++ code
[1.121s] -- Configured cppcheck include dirs: 
[1.121s] -- Configured cppcheck exclude dirs and/or files: 
[1.122s] -- Added test 'cpplint' to check C / C++ code against the Google style
[1.122s] -- Configured cpplint exclude dirs and/or files: 
[1.122s] -- Added test 'flake8' to check Python code syntax and style conventions
[1.123s] -- Added test 'lint_cmake' to check CMake code style
[1.123s] -- Added test 'pep257' to check Python code against some of the docstring style conventions in PEP 257
[1.124s] -- Added test 'uncrustify' to check C / C++ code style
[1.124s] -- Configured uncrustify additional arguments: 
[1.124s] -- Added test 'xmllint' to check XML markup files
[1.125s] -- Configuring done
[1.133s] -- Generating done
[1.136s] -- Build files have been written to: /home/jacob/offb/offboard_ladder/build/aruco_tracker
[1.145s] Invoked command in '/home/jacob/offb/offboard_ladder/build/aruco_tracker' returned '0': AMENT_PREFIX_PATH=/home/jacob/offb/offboard_ladder/install/px4_msgs:/home/jacob/offb/offboard_ladder/install/cv_bridge:${AMENT_PREFIX_PATH} CMAKE_PREFIX_PATH=/home/jacob/offb/offboard_ladder/install/px4_msgs:/home/jacob/offb/offboard_ladder/install/cv_bridge:/opt/ros/humble LD_LIBRARY_PATH=/home/jacob/offb/offboard_ladder/install/px4_msgs/lib:/home/jacob/offb/offboard_ladder/install/cv_bridge/lib:${LD_LIBRARY_PATH} PYTHONPATH=/home/jacob/offb/offboard_ladder/install/px4_msgs/local/lib/python3.10/dist-packages:/home/jacob/offb/offboard_ladder/install/cv_bridge/local/lib/python3.10/dist-packages:${PYTHONPATH} /usr/bin/cmake /home/jacob/offb/offboard_ladder/src/aruco_tracker -DCMAKE_INSTALL_PREFIX=/home/jacob/offb/offboard_ladder/install/aruco_tracker
[1.146s] Invoking command in '/home/jacob/offb/offboard_ladder/build/aruco_tracker': AMENT_PREFIX_PATH=/home/jacob/offb/offboard_ladder/install/px4_msgs:/home/jacob/offb/offboard_ladder/install/cv_bridge:${AMENT_PREFIX_PATH} CMAKE_PREFIX_PATH=/home/jacob/offb/offboard_ladder/install/px4_msgs:/home/jacob/offb/offboard_ladder/install/cv_bridge:/opt/ros/humble LD_LIBRARY_PATH=/home/jacob/offb/offboard_ladder/install/px4_msgs/lib:/home/jacob/offb/offboard_ladder/install/cv_bridge/lib:${LD_LIBRARY_PATH} PYTHONPATH=/home/jacob/offb/offboard_ladder/install/px4_msgs/local/lib/python3.10/dist-packages:/home/jacob/offb/offboard_ladder/install/cv_bridge/local/lib/python3.10/dist-packages:${PYTHONPATH} /usr/bin/cmake --build /home/jacob/offb/offboard_ladder/build/aruco_tracker -- -j12 -l12
[1.187s] [ 50%] [32mBuilding CXX object CMakeFiles/aruco_tracker.dir/ArucoTracker.cpp.o[0m
[9.218s] [100%] [32m[1mLinking CXX executable aruco_tracker[0m
[9.761s] [100%] Built target aruco_tracker
[9.770s] Invoked command in '/home/jacob/offb/offboard_ladder/build/aruco_tracker' returned '0': AMENT_PREFIX_PATH=/home/jacob/offb/offboard_ladder/install/px4_msgs:/home/jacob/offb/offboard_ladder/install/cv_bridge:${AMENT_PREFIX_PATH} CMAKE_PREFIX_PATH=/home/jacob/offb/offboard_ladder/install/px4_msgs:/home/jacob/offb/offboard_ladder/install/cv_bridge:/opt/ros/humble LD_LIBRARY_PATH=/home/jacob/offb/offboard_ladder/install/px4_msgs/lib:/home/jacob/offb/offboard_ladder/install/cv_bridge/lib:${LD_LIBRARY_PATH} PYTHONPATH=/home/jacob/offb/offboard_ladder/install/px4_msgs/local/lib/python3.10/dist-packages:/home/jacob/offb/offboard_ladder/install/cv_bridge/local/lib/python3.10/dist-packages:${PYTHONPATH} /usr/bin/cmake --build /home/jacob/offb/offboard_ladder/build/aruco_tracker -- -j12 -l12
[9.772s] Invoking command in '/home/jacob/offb/offboard_ladder/build/aruco_tracker': AMENT_PREFIX_PATH=/home/jacob/offb/offboard_ladder/install/px4_msgs:/home/jacob/offb/offboard_ladder/install/cv_bridge:${AMENT_PREFIX_PATH} CMAKE_PREFIX_PATH=/home/jacob/offb/offboard_ladder/install/px4_msgs:/home/jacob/offb/offboard_ladder/install/cv_bridge:/opt/ros/humble LD_LIBRARY_PATH=/home/jacob/offb/offboard_ladder/install/px4_msgs/lib:/home/jacob/offb/offboard_ladder/install/cv_bridge/lib:${LD_LIBRARY_PATH} PYTHONPATH=/home/jacob/offb/offboard_ladder/install/px4_msgs/local/lib/python3.10/dist-packages:/home/jacob/offb/offboard_ladder/install/cv_bridge/local/lib/python3.10/dist-packages:${PYTHONPATH} /usr/bin/cmake --install /home/jacob/offb/offboard_ladder/build/aruco_tracker
[9.779s] -- Install configuration: ""
[9.779s] -- Installing: /home/jacob/offb/offboard_ladder/install/aruco_tracker/lib/aruco_tracker/aruco_tracker
[9.784s] -- Set runtime path of "/home/jacob/offb/offboard_ladder/install/aruco_tracker/lib/aruco_tracker/aruco_tracker" to ""
[9.784s] -- Installing: /home/jacob/offb/offboard_ladder/install/aruco_tracker/share/aruco_tracker//launch
[9.784s] -- Installing: /home/jacob/offb/offboard_ladder/install/aruco_tracker/share/aruco_tracker//launch/v1_16_tracker.launch.py
[9.784s] -- Installing: /home/jacob/offb/offboard_ladder/install/aruco_tracker/share/aruco_tracker//launch/front_camera_aruco.launch.py
[9.784s] -- Installing: /home/jacob/offb/offboard_ladder/install/aruco_tracker/share/aruco_tracker//launch/downward_camera_aruco.launch.py
[9.785s] -- Installing: /home/jacob/offb/offboard_ladder/install/aruco_tracker/share/aruco_tracker//launch/aruco_tracker.launch.py
[9.785s] -- Installing: /home/jacob/offb/offboard_ladder/install/aruco_tracker/share/aruco_tracker//launch/moving_aruco.launch.py
[9.785s] -- Installing: /home/jacob/offb/offboard_ladder/install/aruco_tracker/share/aruco_tracker//cfg
[9.785s] -- Installing: /home/jacob/offb/offboard_ladder/install/aruco_tracker/share/aruco_tracker//cfg/params.yaml
[9.785s] -- Installing: /home/jacob/offb/offboard_ladder/install/aruco_tracker/share/ament_index/resource_index/package_run_dependencies/aruco_tracker
[9.785s] -- Installing: /home/jacob/offb/offboard_ladder/install/aruco_tracker/share/ament_index/resource_index/parent_prefix_path/aruco_tracker
[9.785s] -- Installing: /home/jacob/offb/offboard_ladder/install/aruco_tracker/share/aruco_tracker/environment/ament_prefix_path.sh
[9.785s] -- Installing: /home/jacob/offb/offboard_ladder/install/aruco_tracker/share/aruco_tracker/environment/ament_prefix_path.dsv
[9.785s] -- Installing: /home/jacob/offb/offboard_ladder/install/aruco_tracker/share/aruco_tracker/environment/path.sh
[9.785s] -- Installing: /home/jacob/offb/offboard_ladder/install/aruco_tracker/share/aruco_tracker/environment/path.dsv
[9.785s] -- Installing: /home/jacob/offb/offboard_ladder/install/aruco_tracker/share/aruco_tracker/local_setup.bash
[9.785s] -- Installing: /home/jacob/offb/offboard_ladder/install/aruco_tracker/share/aruco_tracker/local_setup.sh
[9.785s] -- Installing: /home/jacob/offb/offboard_ladder/install/aruco_tracker/share/aruco_tracker/local_setup.zsh
[9.785s] -- Installing: /home/jacob/offb/offboard_ladder/install/aruco_tracker/share/aruco_tracker/local_setup.dsv
[9.785s] -- Installing: /home/jacob/offb/offboard_ladder/install/aruco_tracker/share/aruco_tracker/package.dsv
[9.785s] -- Installing: /home/jacob/offb/offboard_ladder/install/aruco_tracker/share/ament_index/resource_index/packages/aruco_tracker
[9.786s] -- Installing: /home/jacob/offb/offboard_ladder/install/aruco_tracker/share/aruco_tracker/cmake/aruco_trackerConfig.cmake
[9.786s] -- Installing: /home/jacob/offb/offboard_ladder/install/aruco_tracker/share/aruco_tracker/cmake/aruco_trackerConfig-version.cmake
[9.786s] -- Installing: /home/jacob/offb/offboard_ladder/install/aruco_tracker/share/aruco_tracker/package.xml
[9.787s] Invoked command in '/home/jacob/offb/offboard_ladder/build/aruco_tracker' returned '0': AMENT_PREFIX_PATH=/home/jacob/offb/offboard_ladder/install/px4_msgs:/home/jacob/offb/offboard_ladder/install/cv_bridge:${AMENT_PREFIX_PATH} CMAKE_PREFIX_PATH=/home/jacob/offb/offboard_ladder/install/px4_msgs:/home/jacob/offb/offboard_ladder/install/cv_bridge:/opt/ros/humble LD_LIBRARY_PATH=/home/jacob/offb/offboard_ladder/install/px4_msgs/lib:/home/jacob/offb/offboard_ladder/install/cv_bridge/lib:${LD_LIBRARY_PATH} PYTHONPATH=/home/jacob/offb/offboard_ladder/install/px4_msgs/local/lib/python3.10/dist-packages:/home/jacob/offb/offboard_ladder/install/cv_bridge/local/lib/python3.10/dist-packages:${PYTHONPATH} /usr/bin/cmake --install /home/jacob/offb/offboard_ladder/build/aruco_tracker
