[0.007s] Invoking command in '/home/jacob/offb/offboard_ladder/build/vision_opencv': CMAKE_PREFIX_PATH=/home/jacob/offb/offboard_ladder/install/image_geometry:/home/jacob/offb/offboard_ladder/install/cv_bridge:/home/jacob/offb/offboard_ladder/install/vision_opencv:/home/jacob/offb/offboard_ladder/install/px4_ros_com:/home/jacob/offb/offboard_ladder/install/aruco_tracker:/home/jacob/offb/offboard_ladder/install/px4_msgs:/home/jacob/offb/offboard_ladder/install/px4_offboard:/home/jacob/offb/offboard_ladder/install/opencv_tests:/opt/ros/humble LD_LIBRARY_PATH=/home/jacob/offb/offboard_ladder/install/image_geometry/lib:/home/jacob/offb/offboard_ladder/install/cv_bridge/lib:/home/jacob/offb/offboard_ladder/install/px4_ros_com/lib:/home/jacob/offb/offboard_ladder/install/px4_msgs/lib:/opt/ros/humble/opt/rviz_ogre_vendor/lib:/opt/ros/humble/lib/x86_64-linux-gnu:/opt/ros/humble/lib /usr/bin/cmake --build /home/jacob/offb/offboard_ladder/build/vision_opencv -- -j12 -l12
[0.030s] Invoked command in '/home/jacob/offb/offboard_ladder/build/vision_opencv' returned '0': CMAKE_PREFIX_PATH=/home/jacob/offb/offboard_ladder/install/image_geometry:/home/jacob/offb/offboard_ladder/install/cv_bridge:/home/jacob/offb/offboard_ladder/install/vision_opencv:/home/jacob/offb/offboard_ladder/install/px4_ros_com:/home/jacob/offb/offboard_ladder/install/aruco_tracker:/home/jacob/offb/offboard_ladder/install/px4_msgs:/home/jacob/offb/offboard_ladder/install/px4_offboard:/home/jacob/offb/offboard_ladder/install/opencv_tests:/opt/ros/humble LD_LIBRARY_PATH=/home/jacob/offb/offboard_ladder/install/image_geometry/lib:/home/jacob/offb/offboard_ladder/install/cv_bridge/lib:/home/jacob/offb/offboard_ladder/install/px4_ros_com/lib:/home/jacob/offb/offboard_ladder/install/px4_msgs/lib:/opt/ros/humble/opt/rviz_ogre_vendor/lib:/opt/ros/humble/lib/x86_64-linux-gnu:/opt/ros/humble/lib /usr/bin/cmake --build /home/jacob/offb/offboard_ladder/build/vision_opencv -- -j12 -l12
[0.031s] Invoking command in '/home/jacob/offb/offboard_ladder/build/vision_opencv': CMAKE_PREFIX_PATH=/home/jacob/offb/offboard_ladder/install/image_geometry:/home/jacob/offb/offboard_ladder/install/cv_bridge:/home/jacob/offb/offboard_ladder/install/vision_opencv:/home/jacob/offb/offboard_ladder/install/px4_ros_com:/home/jacob/offb/offboard_ladder/install/aruco_tracker:/home/jacob/offb/offboard_ladder/install/px4_msgs:/home/jacob/offb/offboard_ladder/install/px4_offboard:/home/jacob/offb/offboard_ladder/install/opencv_tests:/opt/ros/humble LD_LIBRARY_PATH=/home/jacob/offb/offboard_ladder/install/image_geometry/lib:/home/jacob/offb/offboard_ladder/install/cv_bridge/lib:/home/jacob/offb/offboard_ladder/install/px4_ros_com/lib:/home/jacob/offb/offboard_ladder/install/px4_msgs/lib:/opt/ros/humble/opt/rviz_ogre_vendor/lib:/opt/ros/humble/lib/x86_64-linux-gnu:/opt/ros/humble/lib /usr/bin/cmake --install /home/jacob/offb/offboard_ladder/build/vision_opencv
[0.038s] -- Install configuration: ""
[0.038s] -- Up-to-date: /home/jacob/offb/offboard_ladder/install/vision_opencv/share/ament_index/resource_index/package_run_dependencies/vision_opencv
[0.038s] -- Up-to-date: /home/jacob/offb/offboard_ladder/install/vision_opencv/share/ament_index/resource_index/parent_prefix_path/vision_opencv
[0.038s] -- Up-to-date: /home/jacob/offb/offboard_ladder/install/vision_opencv/share/vision_opencv/environment/ament_prefix_path.sh
[0.038s] -- Up-to-date: /home/jacob/offb/offboard_ladder/install/vision_opencv/share/vision_opencv/environment/ament_prefix_path.dsv
[0.038s] -- Up-to-date: /home/jacob/offb/offboard_ladder/install/vision_opencv/share/vision_opencv/environment/path.sh
[0.038s] -- Up-to-date: /home/jacob/offb/offboard_ladder/install/vision_opencv/share/vision_opencv/environment/path.dsv
[0.038s] -- Up-to-date: /home/jacob/offb/offboard_ladder/install/vision_opencv/share/vision_opencv/local_setup.bash
[0.038s] -- Up-to-date: /home/jacob/offb/offboard_ladder/install/vision_opencv/share/vision_opencv/local_setup.sh
[0.038s] -- Up-to-date: /home/jacob/offb/offboard_ladder/install/vision_opencv/share/vision_opencv/local_setup.zsh
[0.038s] -- Up-to-date: /home/jacob/offb/offboard_ladder/install/vision_opencv/share/vision_opencv/local_setup.dsv
[0.039s] -- Installing: /home/jacob/offb/offboard_ladder/install/vision_opencv/share/vision_opencv/package.dsv
[0.039s] -- Up-to-date: /home/jacob/offb/offboard_ladder/install/vision_opencv/share/ament_index/resource_index/packages/vision_opencv
[0.039s] -- Up-to-date: /home/jacob/offb/offboard_ladder/install/vision_opencv/share/vision_opencv/cmake/vision_opencvConfig.cmake
[0.039s] -- Up-to-date: /home/jacob/offb/offboard_ladder/install/vision_opencv/share/vision_opencv/cmake/vision_opencvConfig-version.cmake
[0.039s] -- Up-to-date: /home/jacob/offb/offboard_ladder/install/vision_opencv/share/vision_opencv/package.xml
[0.040s] Invoked command in '/home/jacob/offb/offboard_ladder/build/vision_opencv' returned '0': CMAKE_PREFIX_PATH=/home/jacob/offb/offboard_ladder/install/image_geometry:/home/jacob/offb/offboard_ladder/install/cv_bridge:/home/jacob/offb/offboard_ladder/install/vision_opencv:/home/jacob/offb/offboard_ladder/install/px4_ros_com:/home/jacob/offb/offboard_ladder/install/aruco_tracker:/home/jacob/offb/offboard_ladder/install/px4_msgs:/home/jacob/offb/offboard_ladder/install/px4_offboard:/home/jacob/offb/offboard_ladder/install/opencv_tests:/opt/ros/humble LD_LIBRARY_PATH=/home/jacob/offb/offboard_ladder/install/image_geometry/lib:/home/jacob/offb/offboard_ladder/install/cv_bridge/lib:/home/jacob/offb/offboard_ladder/install/px4_ros_com/lib:/home/jacob/offb/offboard_ladder/install/px4_msgs/lib:/opt/ros/humble/opt/rviz_ogre_vendor/lib:/opt/ros/humble/lib/x86_64-linux-gnu:/opt/ros/humble/lib /usr/bin/cmake --install /home/jacob/offb/offboard_ladder/build/vision_opencv
