[0.009s] Invoking command in '/home/jacob/offb/offboard_ladder/build/cv_bridge': CMAKE_PREFIX_PATH=/opt/ros/humble /usr/bin/cmake --build /home/jacob/offb/offboard_ladder/build/cv_bridge -- -j12 -l12
[0.049s] [35m[1mConsolidate compiler generated dependencies of target gtest_main[0m
[0.050s] [35m[1mConsolidate compiler generated dependencies of target gtest[0m
[0.050s] [35m[1mConsolidate compiler generated dependencies of target cv_bridge[0m
[0.060s] [ 11%] Built target gtest_main
[0.060s] [ 22%] Built target gtest
[0.063s] [ 22%] Built target ament_cmake_python_copy_cv_bridge
[0.066s] [ 44%] Built target cv_bridge
[0.077s] [35m[1mConsolidate compiler generated dependencies of target cv_bridge_boost[0m
[0.077s] [35m[1mConsolidate compiler generated dependencies of target cv_bridge-utest[0m
[0.094s] [ 83%] Built target cv_bridge-utest
[0.100s] [100%] Built target cv_bridge_boost
[0.218s] running egg_info
[0.236s] writing cv_bridge.egg-info/PKG-INFO
[0.236s] writing dependency_links to cv_bridge.egg-info/dependency_links.txt
[0.236s] writing top-level names to cv_bridge.egg-info/top_level.txt
[0.285s] reading manifest file 'cv_bridge.egg-info/SOURCES.txt'
[0.286s] writing manifest file 'cv_bridge.egg-info/SOURCES.txt'
[0.313s] [100%] Built target ament_cmake_python_build_cv_bridge_egg
[0.321s] Invoked command in '/home/jacob/offb/offboard_ladder/build/cv_bridge' returned '0': CMAKE_PREFIX_PATH=/opt/ros/humble /usr/bin/cmake --build /home/jacob/offb/offboard_ladder/build/cv_bridge -- -j12 -l12
[0.323s] Invoking command in '/home/jacob/offb/offboard_ladder/build/cv_bridge': CMAKE_PREFIX_PATH=/opt/ros/humble /usr/bin/cmake --install /home/jacob/offb/offboard_ladder/build/cv_bridge
[0.330s] -- Install configuration: ""
[0.330s] -- Up-to-date: /home/jacob/offb/offboard_ladder/install/cv_bridge/share/cv_bridge/environment/pythonpath.sh
[0.330s] -- Up-to-date: /home/jacob/offb/offboard_ladder/install/cv_bridge/share/cv_bridge/environment/pythonpath.dsv
[0.330s] -- Up-to-date: /home/jacob/offb/offboard_ladder/install/cv_bridge/local/lib/python3.10/dist-packages/cv_bridge-4.1.0-py3.10.egg-info
[0.330s] -- Installing: /home/jacob/offb/offboard_ladder/install/cv_bridge/local/lib/python3.10/dist-packages/cv_bridge-4.1.0-py3.10.egg-info/SOURCES.txt
[0.330s] -- Installing: /home/jacob/offb/offboard_ladder/install/cv_bridge/local/lib/python3.10/dist-packages/cv_bridge-4.1.0-py3.10.egg-info/top_level.txt
[0.330s] -- Installing: /home/jacob/offb/offboard_ladder/install/cv_bridge/local/lib/python3.10/dist-packages/cv_bridge-4.1.0-py3.10.egg-info/dependency_links.txt
[0.330s] -- Installing: /home/jacob/offb/offboard_ladder/install/cv_bridge/local/lib/python3.10/dist-packages/cv_bridge-4.1.0-py3.10.egg-info/PKG-INFO
[0.331s] -- Up-to-date: /home/jacob/offb/offboard_ladder/install/cv_bridge/local/lib/python3.10/dist-packages/cv_bridge
[0.331s] -- Up-to-date: /home/jacob/offb/offboard_ladder/install/cv_bridge/local/lib/python3.10/dist-packages/cv_bridge/core.py
[0.331s] -- Up-to-date: /home/jacob/offb/offboard_ladder/install/cv_bridge/local/lib/python3.10/dist-packages/cv_bridge/__init__.py
[0.353s] Listing '/home/jacob/offb/offboard_ladder/install/cv_bridge/local/lib/python3.10/dist-packages/cv_bridge'...
[0.353s] Listing '/home/jacob/offb/offboard_ladder/install/cv_bridge/local/lib/python3.10/dist-packages/cv_bridge/boost'...
[0.356s] -- Up-to-date: /home/jacob/offb/offboard_ladder/install/cv_bridge/lib/libcv_bridge.so
[0.357s] -- Up-to-date: /home/jacob/offb/offboard_ladder/install/cv_bridge/include/cv_bridge/cv_bridge/cv_bridge_export.h
[0.357s] -- Up-to-date: /home/jacob/offb/offboard_ladder/install/cv_bridge/local/lib/python3.10/dist-packages/cv_bridge/boost/cv_bridge_boost.so
[0.357s] -- Up-to-date: /home/jacob/offb/offboard_ladder/install/cv_bridge/include/cv_bridge
[0.357s] -- Up-to-date: /home/jacob/offb/offboard_ladder/install/cv_bridge/include/cv_bridge/cv_bridge
[0.357s] -- Up-to-date: /home/jacob/offb/offboard_ladder/install/cv_bridge/include/cv_bridge/cv_bridge/rgb_colors.hpp
[0.357s] -- Up-to-date: /home/jacob/offb/offboard_ladder/install/cv_bridge/include/cv_bridge/cv_bridge/visibility_control.h
[0.357s] -- Up-to-date: /home/jacob/offb/offboard_ladder/install/cv_bridge/include/cv_bridge/cv_bridge/cv_mat_sensor_msgs_image_type_adapter.hpp
[0.357s] -- Up-to-date: /home/jacob/offb/offboard_ladder/install/cv_bridge/include/cv_bridge/cv_bridge/cv_bridge.hpp
[0.357s] -- Up-to-date: /home/jacob/offb/offboard_ladder/install/cv_bridge/lib/libcv_bridge.so
[0.357s] -- Up-to-date: /home/jacob/offb/offboard_ladder/install/cv_bridge/share/ament_index/resource_index/package_run_dependencies/cv_bridge
[0.357s] -- Up-to-date: /home/jacob/offb/offboard_ladder/install/cv_bridge/share/ament_index/resource_index/parent_prefix_path/cv_bridge
[0.357s] -- Up-to-date: /home/jacob/offb/offboard_ladder/install/cv_bridge/share/cv_bridge/environment/ament_prefix_path.sh
[0.357s] -- Up-to-date: /home/jacob/offb/offboard_ladder/install/cv_bridge/share/cv_bridge/environment/ament_prefix_path.dsv
[0.357s] -- Up-to-date: /home/jacob/offb/offboard_ladder/install/cv_bridge/share/cv_bridge/environment/path.sh
[0.357s] -- Up-to-date: /home/jacob/offb/offboard_ladder/install/cv_bridge/share/cv_bridge/environment/path.dsv
[0.357s] -- Up-to-date: /home/jacob/offb/offboard_ladder/install/cv_bridge/share/cv_bridge/local_setup.bash
[0.357s] -- Up-to-date: /home/jacob/offb/offboard_ladder/install/cv_bridge/share/cv_bridge/local_setup.sh
[0.357s] -- Up-to-date: /home/jacob/offb/offboard_ladder/install/cv_bridge/share/cv_bridge/local_setup.zsh
[0.357s] -- Up-to-date: /home/jacob/offb/offboard_ladder/install/cv_bridge/share/cv_bridge/local_setup.dsv
[0.358s] -- Installing: /home/jacob/offb/offboard_ladder/install/cv_bridge/share/cv_bridge/package.dsv
[0.358s] -- Up-to-date: /home/jacob/offb/offboard_ladder/install/cv_bridge/share/ament_index/resource_index/packages/cv_bridge
[0.358s] -- Up-to-date: /home/jacob/offb/offboard_ladder/install/cv_bridge/share/cv_bridge/cmake/export_cv_bridgeExport.cmake
[0.358s] -- Up-to-date: /home/jacob/offb/offboard_ladder/install/cv_bridge/share/cv_bridge/cmake/export_cv_bridgeExport-noconfig.cmake
[0.358s] -- Up-to-date: /home/jacob/offb/offboard_ladder/install/cv_bridge/share/cv_bridge/cmake/cv_bridge-extras.cmake
[0.358s] -- Up-to-date: /home/jacob/offb/offboard_ladder/install/cv_bridge/share/cv_bridge/cmake/ament_cmake_export_dependencies-extras.cmake
[0.358s] -- Up-to-date: /home/jacob/offb/offboard_ladder/install/cv_bridge/share/cv_bridge/cmake/ament_cmake_export_targets-extras.cmake
[0.358s] -- Up-to-date: /home/jacob/offb/offboard_ladder/install/cv_bridge/share/cv_bridge/cmake/cv_bridgeConfig.cmake
[0.358s] -- Up-to-date: /home/jacob/offb/offboard_ladder/install/cv_bridge/share/cv_bridge/cmake/cv_bridgeConfig-version.cmake
[0.358s] -- Up-to-date: /home/jacob/offb/offboard_ladder/install/cv_bridge/share/cv_bridge/package.xml
[0.359s] Invoked command in '/home/jacob/offb/offboard_ladder/build/cv_bridge' returned '0': CMAKE_PREFIX_PATH=/opt/ros/humble /usr/bin/cmake --install /home/jacob/offb/offboard_ladder/build/cv_bridge
